DEBUG [IRLogger.cpp:105] @ 0.0002956s :***************************************************
DEBUG [IRLogger.cpp:106] @ 0.0004109s :* IRImagerDirect SDK                              *
DEBUG [IRLogger.cpp:107] @ 0.000457s :***************************************************
DEBUG [IRLogger.cpp:108] @ 0.0004958s :* Version:             8.8.1
DEBUG [IRLogger.cpp:109] @ 0.0005343s :* Commit Date:         Wed Nov 17 11:55:39 2021
DEBUG [IRLogger.cpp:110] @ 0.0005601s :* Commit Branch:       master
DEBUG [IRLogger.cpp:111] @ 0.0005882s :* Commit Hash:         71552585
DEBUG [IRLogger.cpp:113] @ 0.0010182s :* Native Machine:      AMD64
DEBUG [IRLogger.cpp:114] @ 0.0010863s :* Machine:             AMD64
DEBUG [IRLogger.cpp:116] @ 0.0011385s :* OS:                  Windows 10 0 19043
DEBUG [IRLogger.cpp:123] @ 0.0011731s :***************************************************
WARNING [IRDeviceParams.cpp:198] @ 0.0263729s :XML parameter 'average' is deprecated and is not supported anymore.
DEBUG [IRDeviceParams.cpp:220] @ 0.0264083s :Parameters
DEBUG [IRDeviceParams.cpp:221] @ 0.0264264s :serial: 0
DEBUG [IRDeviceParams.cpp:222] @ 0.026443s :videoformatindex: 0
DEBUG [IRDeviceParams.cpp:223] @ 0.0264605s :fov: 0
DEBUG [IRDeviceParams.cpp:224] @ 0.0264795s :optics_text: 0000000000000000
DEBUG [IRDeviceParams.cpp:225] @ 0.0264972s :formatspath: 0000021876777BA0
DEBUG [IRDeviceParams.cpp:226] @ 0.0265143s :calipath: 0000000000000000
DEBUG [IRDeviceParams.cpp:227] @ 0.0265312s :temperature min: 0
DEBUG [IRDeviceParams.cpp:228] @ 0.0265476s :temperature max: 0
DEBUG [IRDeviceParams.cpp:229] @ 0.0265664s :framerate: 20
DEBUG [IRDeviceParams.cpp:230] @ 0.0265829s :bispectral: 0
DEBUG [IRDeviceParams.cpp:231] @ 0.0265994s :flag automatic: 1
DEBUG [IRDeviceParams.cpp:232] @ 0.0266164s :min interval: 15
DEBUG [IRDeviceParams.cpp:233] @ 0.0266329s :max interval: 0
DEBUG [IRDeviceParams.cpp:234] @ 0.0266494s :chip heating mode: 0
DEBUG [IRDeviceParams.cpp:235] @ 0.0266664s :chip heating fixed val: 40
DEBUG [IRDeviceParams.cpp:236] @ 0.0266877s :focus:  50
DEBUG [IRDeviceParams.cpp:237] @ 0.0267072s :enable extended temp range: 0
DEBUG [IRDeviceParams.cpp:238] @ 0.0267244s :buffer queue size: 5
DEBUG [IRDeviceParams.cpp:239] @ 0.0267408s :enable high precision: 0
DEBUG [IRDeviceParams.cpp:240] @ 0.0267575s :radialDistortionCorrectionMode: 0
DEBUG [IRDeviceParams.cpp:241] @ 0.026774s :deviceAPI: 0
DEBUG [IRDeviceParams.cpp:242] @ 0.0267927s :useExternalProbeForReferencing: 0
DEBUG [IRDeviceParams.cpp:243] @ 0.0268096s :enableMultiThreading: 0
DEBUG [IRDeviceParams.cpp:244] @ 0.0268272s :deviceIpAddress: 0.0.0.0
DEBUG [IRDeviceParams.cpp:245] @ 0.0268441s :localUdpPort: 0
DEBUG [Cali.cpp:87] @ 0.141995s :Calibration directory path: C:\Users\lupus\AppData\Roaming\Imager\Cali
DEBUG [Cali.cpp:88] @ 0.142036s :Calibration file name: Cali-20064016.xml
DEBUG [Cali.cpp:98] @ 0.183962s :Calibration data A: 1450 B:400 C:4095 D:1000
INFO [IRImager.cpp:263] @ 0.185758s :Init thermal imager to 20064016 with size: 382x290@27 Hz
DEBUG [Cali.cpp:87] @ 0.186347s :Calibration directory path: C:\Users\lupus\AppData\Roaming\Imager\Cali
DEBUG [Cali.cpp:88] @ 0.186385s :Calibration file name: Cali-20064016.xml
DEBUG [Cali.cpp:98] @ 0.186989s :Calibration data A: 1450 B:400 C:4095 D:1000
DEBUG [Cali.cpp:87] @ 0.188255s :Calibration directory path: C:\Users\lupus\AppData\Roaming\Imager\Cali
DEBUG [Cali.cpp:88] @ 0.188297s :Calibration file name: Cali-20064016.xml
DEBUG [Cali.cpp:98] @ 0.188894s :Calibration data A: 1450 B:400 C:4095 D:1000
DEBUG [IRImager.cpp:297] @ 0.189032s :No temperature range configuration specified. Setting default values tMin: -20 , tMax: 100
DEBUG [IRImager.cpp:372] @ 0.189858s :Using HID control interface
DEBUG [IRImager.cpp:412] @ 0.207288s :Initialized HID control interface to device with HW:3400 FW:3432
DEBUG [IRImager.cpp:1367] @ 0.208913s :Set focusmotor position to 50%
DEBUG [IRImager.cpp:433] @ 0.208967s :Frameconfig - width(in): 382, height(in): 290, interval: 370370, max framerate: 27, HW interval: 0.037037
DEBUG [Cali.cpp:87] @ 0.209053s :Calibration directory path: C:\Users\lupus\AppData\Roaming\Imager\Cali
DEBUG [Cali.cpp:88] @ 0.209098s :Calibration file name: Cali-20064016.xml
DEBUG [Cali.cpp:98] @ 0.209681s :Calibration data A: 1450 B:400 C:4095 D:1000
DEBUG [ImageProcessing.cpp:192] @ 0.214049s :Source buffer size: 221560 Width: 382 Height: 290
DEBUG [ImageProcessing.cpp:115] @ 0.25844s :Source buffer size: 221560 Width: 382 Height: 290
DEBUG [OpSource.cpp:334] @ 0.258623s :Using formats path: .\\Formats.def
DEBUG [OpSource.cpp:563] @ 0.27122s :Format found with size: 382
DEBUG [IRImager.cpp:845] @ 0.271808s :Caught onFrameInit with size: 382x288
DEBUG [OpSource.cpp:334] @ 0.27303s :Using formats path: .\\Formats.def
DEBUG [OpSource.cpp:563] @ 0.27331s :Format found with size: 382
DEBUG [OpSource.cpp:334] @ 0.273388s :Using formats path: .\\Formats.def
DEBUG [OpCorr.cpp:465] @ 0.276032s :Read cali: C:\Users\lupus\AppData\Roaming\Imager\Cali\Cali-20064016-53-M20-100.dat
DEBUG [OpCorr.cpp:555] @ 0.288605s :Read calibration of camera no 20064016, # of fields: 6 , start of fields: 40
DEBUG [ImageProcessing.cpp:1095] @ 0.614261s :Update flag temperature: 25.9375
DEBUG [ImageProcessing.cpp:1098] @ 0.616491s :Update box temperature: 26
DEBUG [Cali.cpp:601] @ 0.616701s :Calibration file path: 000002187699A1E4/0000009C3A8FCCF0.xml
DEBUG [SimpleXML.cpp:238] @ 0.617323s :Failed to open file C:\Users\lupus\AppData\Roaming\Imager\Cali\CaliExt-20064016.xml
DEBUG [IRImager.cpp:547] @ 0.638289s :Chip heating disabled
DEBUG [IRImager.cpp:1102] @ 0.764666s :Start direct autoskim calibration
DEBUG [OpFlag.cpp:591] @ 5.76987s :SkimDiff: -1 Adjust: -155 State: 4 EMax: 15042 Emin: 947
DEBUG [OpFlag.cpp:655] @ 5.76992s :SetSkim direct:2387 Diff:-1
DEBUG [OpFlag.cpp:591] @ 5.94586s :SkimDiff: 1 Adjust: 628 State: 4 EMax: 12971 Emin: 4586
DEBUG [OpFlag.cpp:591] @ 5.99363s :SkimDiff: 1 Adjust: 399 State: 4 EMax: 12759 Emin: 4340
DEBUG [OpFlag.cpp:591] @ 6.02617s :SkimDiff: 1 Adjust: 381 State: 4 EMax: 12735 Emin: 4327
DEBUG [OpFlag.cpp:591] @ 6.0587s :SkimDiff: 1 Adjust: 369 State: 4 EMax: 12721 Emin: 4318
DEBUG [OpFlag.cpp:591] @ 6.10612s :SkimDiff: 1 Adjust: 363 State: 4 EMax: 12716 Emin: 4311
DEBUG [OpFlag.cpp:591] @ 6.13781s :SkimDiff: 1 Adjust: 359 State: 4 EMax: 12713 Emin: 4306
DEBUG [OpFlag.cpp:591] @ 6.16985s :SkimDiff: 1 Adjust: 352 State: 4 EMax: 12707 Emin: 4298
DEBUG [OpFlag.cpp:591] @ 6.21783s :SkimDiff: 1 Adjust: 344 State: 4 EMax: 12693 Emin: 4295
DEBUG [OpFlag.cpp:591] @ 6.24994s :SkimDiff: 1 Adjust: 341 State: 4 EMax: 12687 Emin: 4296
DEBUG [OpFlag.cpp:591] @ 6.28174s :SkimDiff: 1 Adjust: 333 State: 4 EMax: 12682 Emin: 4285
DEBUG [OpFlag.cpp:591] @ 6.3299s :SkimDiff: 1 Adjust: 319 State: 4 EMax: 12678 Emin: 4261
DEBUG [OpFlag.cpp:591] @ 6.36171s :SkimDiff: 1 Adjust: 326 State: 4 EMax: 12678 Emin: 4275
DEBUG [OpFlag.cpp:591] @ 6.39378s :SkimDiff: 1 Adjust: 316 State: 4 EMax: 12670 Emin: 4263
DEBUG [OpFlag.cpp:591] @ 6.44189s :SkimDiff: 1 Adjust: 322 State: 4 EMax: 12678 Emin: 4266
DEBUG [OpFlag.cpp:591] @ 6.47376s :SkimDiff: 1 Adjust: 311 State: 4 EMax: 12668 Emin: 4254
DEBUG [OpFlag.cpp:591] @ 6.50564s :SkimDiff: 1 Adjust: 307 State: 4 EMax: 12665 Emin: 4250
DEBUG [OpFlag.cpp:591] @ 6.55371s :SkimDiff: 1 Adjust: 304 State: 4 EMax: 12656 Emin: 4253
DEBUG [OpFlag.cpp:591] @ 6.58613s :SkimDiff: 1 Adjust: 301 State: 4 EMax: 12662 Emin: 4240
DEBUG [OpFlag.cpp:591] @ 6.6181s :SkimDiff: 1 Adjust: 292 State: 4 EMax: 12653 Emin: 4232
DEBUG [OpFlag.cpp:591] @ 6.66589s :SkimDiff: 1 Adjust: 292 State: 4 EMax: 12641 Emin: 4243
DEBUG [OpFlag.cpp:591] @ 6.69772s :SkimDiff: 1 Adjust: 286 State: 4 EMax: 12644 Emin: 4228
DEBUG [OpFlag.cpp:591] @ 6.72984s :SkimDiff: 1 Adjust: 286 State: 4 EMax: 12645 Emin: 4228
DEBUG [OpFlag.cpp:591] @ 6.77785s :SkimDiff: 1 Adjust: 279 State: 4 EMax: 12640 Emin: 4219
DEBUG [OpFlag.cpp:591] @ 6.81003s :SkimDiff: 1 Adjust: 275 State: 4 EMax: 12631 Emin: 4219
DEBUG [OpFlag.cpp:591] @ 6.84182s :SkimDiff: 1 Adjust: 268 State: 4 EMax: 12628 Emin: 4209
DEBUG [OpFlag.cpp:591] @ 6.87369s :SkimDiff: 1 Adjust: 276 State: 4 EMax: 12632 Emin: 4220
INFO [IRImager.cpp:1191] @ 6.87406s :AutoSkim Operation finished
DEBUG [IRImager.cpp:1111] @ 6.87539s :Start flag calibration
DEBUG [IRImager.cpp:1125] @ 9.92995s :Finished startup calibration
DEBUG [IRImager.cpp:1176] @ 25.0024s :Automatic control of shutter flag
DEBUG [OpFlag.cpp:591] @ 25.4499s :SkimDiff: 0 Adjust: 0 State: 0 EMax: 12703 Emin: 4275
DEBUG [IRImager.cpp:662] @ 33.7589s :Release imager
DEBUG [BaseControlDevice.cpp:26] @ 33.7864s :Base destructor called
DEBUG [IRImager.cpp:669] @ 33.7865s :Delete image processing
DEBUG [IRImager.cpp:676] @ 33.7915s :Delete buffer
DEBUG [IRImager.cpp:684] @ 33.7916s :Delete source buffer
DEBUG [IRImager.cpp:691] @ 33.7917s :Delete buffer (energy)
DEBUG [IRImager.cpp:698] @ 33.7918s :Delete timer
DEBUG [IRImager.cpp:704] @ 33.7919s :Delete manual timer
