DEBUG [IRLogger.cpp:105] @ 0.0004242s :***************************************************
DEBUG [IRLogger.cpp:106] @ 0.0005533s :* IRImagerDirect SDK                              *
DEBUG [IRLogger.cpp:107] @ 0.0006069s :***************************************************
DEBUG [IRLogger.cpp:108] @ 0.0006492s :* Version:             8.8.1
DEBUG [IRLogger.cpp:109] @ 0.0006931s :* Commit Date:         Wed Nov 17 11:55:39 2021
DEBUG [IRLogger.cpp:110] @ 0.00074s :* Commit Branch:       master
DEBUG [IRLogger.cpp:111] @ 0.0008031s :* Commit Hash:         71552585
DEBUG [IRLogger.cpp:113] @ 0.0010971s :* Native Machine:      AMD64
DEBUG [IRLogger.cpp:114] @ 0.0011979s :* Machine:             AMD64
DEBUG [IRLogger.cpp:116] @ 0.0012525s :* OS:                  Windows 10 0 19043
DEBUG [IRLogger.cpp:123] @ 0.001338s :***************************************************
WARNING [IRDeviceParams.cpp:198] @ 0.0022527s :XML parameter 'average' is deprecated and is not supported anymore.
DEBUG [IRDeviceParams.cpp:220] @ 0.0022959s :Parameters
DEBUG [IRDeviceParams.cpp:221] @ 0.0023746s :serial: 0
DEBUG [IRDeviceParams.cpp:222] @ 0.0024073s :videoformatindex: 0
DEBUG [IRDeviceParams.cpp:223] @ 0.0024702s :fov: 0
DEBUG [IRDeviceParams.cpp:224] @ 0.0025067s :optics_text: 0000000000000000
DEBUG [IRDeviceParams.cpp:225] @ 0.0025547s :formatspath: 000002693DDC2810
DEBUG [IRDeviceParams.cpp:226] @ 0.0025943s :calipath: 0000000000000000
DEBUG [IRDeviceParams.cpp:227] @ 0.0026601s :temperature min: 0
DEBUG [IRDeviceParams.cpp:228] @ 0.0027267s :temperature max: 0
DEBUG [IRDeviceParams.cpp:229] @ 0.002763s :framerate: 20
DEBUG [IRDeviceParams.cpp:230] @ 0.0028214s :bispectral: 0
DEBUG [IRDeviceParams.cpp:231] @ 0.0028595s :flag automatic: 1
DEBUG [IRDeviceParams.cpp:232] @ 0.0028948s :min interval: 15
DEBUG [IRDeviceParams.cpp:233] @ 0.002939s :max interval: 0
DEBUG [IRDeviceParams.cpp:234] @ 0.0029715s :chip heating mode: 0
DEBUG [IRDeviceParams.cpp:235] @ 0.003047s :chip heating fixed val: 40
DEBUG [IRDeviceParams.cpp:236] @ 0.0030852s :focus:  50
DEBUG [IRDeviceParams.cpp:237] @ 0.0031438s :enable extended temp range: 0
DEBUG [IRDeviceParams.cpp:238] @ 0.0031794s :buffer queue size: 5
DEBUG [IRDeviceParams.cpp:239] @ 0.0032336s :enable high precision: 0
DEBUG [IRDeviceParams.cpp:240] @ 0.0032756s :radialDistortionCorrectionMode: 0
DEBUG [IRDeviceParams.cpp:241] @ 0.003333s :deviceAPI: 0
DEBUG [IRDeviceParams.cpp:242] @ 0.0033882s :useExternalProbeForReferencing: 0
DEBUG [IRDeviceParams.cpp:243] @ 0.0034474s :enableMultiThreading: 0
DEBUG [IRDeviceParams.cpp:244] @ 0.0034862s :deviceIpAddress: 0.0.0.0
DEBUG [IRDeviceParams.cpp:245] @ 0.0035404s :localUdpPort: 0
DEBUG [Cali.cpp:87] @ 0.0935987s :Calibration directory path: C:\Users\lupus\AppData\Roaming\Imager\Cali
DEBUG [Cali.cpp:88] @ 0.0936457s :Calibration file name: Cali-20064016.xml
DEBUG [Cali.cpp:98] @ 0.0942514s :Calibration data A: 1450 B:400 C:4095 D:1000
INFO [IRImager.cpp:263] @ 0.0955917s :Init thermal imager to 20064016 with size: 382x290@27 Hz
DEBUG [Cali.cpp:87] @ 0.0961247s :Calibration directory path: C:\Users\lupus\AppData\Roaming\Imager\Cali
DEBUG [Cali.cpp:88] @ 0.0961562s :Calibration file name: Cali-20064016.xml
DEBUG [Cali.cpp:98] @ 0.0967213s :Calibration data A: 1450 B:400 C:4095 D:1000
DEBUG [Cali.cpp:87] @ 0.097826s :Calibration directory path: C:\Users\lupus\AppData\Roaming\Imager\Cali
DEBUG [Cali.cpp:88] @ 0.0978604s :Calibration file name: Cali-20064016.xml
DEBUG [Cali.cpp:98] @ 0.0984151s :Calibration data A: 1450 B:400 C:4095 D:1000
DEBUG [IRImager.cpp:297] @ 0.0985395s :No temperature range configuration specified. Setting default values tMin: -20 , tMax: 100
DEBUG [IRImager.cpp:372] @ 0.0992304s :Using HID control interface
DEBUG [IRImager.cpp:412] @ 0.124052s :Initialized HID control interface to device with HW:3400 FW:3432
DEBUG [IRImager.cpp:1367] @ 0.125925s :Set focusmotor position to 50%
DEBUG [IRImager.cpp:433] @ 0.125986s :Frameconfig - width(in): 382, height(in): 290, interval: 370370, max framerate: 27, HW interval: 0.037037
DEBUG [Cali.cpp:87] @ 0.126083s :Calibration directory path: C:\Users\lupus\AppData\Roaming\Imager\Cali
DEBUG [Cali.cpp:88] @ 0.126116s :Calibration file name: Cali-20064016.xml
DEBUG [Cali.cpp:98] @ 0.126766s :Calibration data A: 1450 B:400 C:4095 D:1000
DEBUG [ImageProcessing.cpp:192] @ 0.131156s :Source buffer size: 221560 Width: 382 Height: 290
DEBUG [ImageProcessing.cpp:115] @ 0.188167s :Source buffer size: 221560 Width: 382 Height: 290
DEBUG [OpSource.cpp:334] @ 0.188319s :Using formats path: .\\Formats.def
DEBUG [OpSource.cpp:563] @ 0.188775s :Format found with size: 382
DEBUG [IRImager.cpp:845] @ 0.189557s :Caught onFrameInit with size: 382x288
DEBUG [OpSource.cpp:334] @ 0.191297s :Using formats path: .\\Formats.def
DEBUG [OpSource.cpp:563] @ 0.191725s :Format found with size: 382
DEBUG [OpSource.cpp:334] @ 0.191834s :Using formats path: .\\Formats.def
DEBUG [OpCorr.cpp:465] @ 0.194408s :Read cali: C:\Users\lupus\AppData\Roaming\Imager\Cali\Cali-20064016-53-M20-100.dat
DEBUG [OpCorr.cpp:555] @ 0.194548s :Read calibration of camera no 20064016, # of fields: 6 , start of fields: 40
DEBUG [ImageProcessing.cpp:1095] @ 0.495326s :Update flag temperature: 25.625
DEBUG [ImageProcessing.cpp:1098] @ 0.497269s :Update box temperature: 25.6875
DEBUG [Cali.cpp:601] @ 0.497318s :Calibration file path: 000002693E001464/00000082D46FD130.xml
DEBUG [SimpleXML.cpp:238] @ 0.497469s :Failed to open file C:\Users\lupus\AppData\Roaming\Imager\Cali\CaliExt-20064016.xml
DEBUG [IRImager.cpp:547] @ 0.519302s :Chip heating disabled
DEBUG [IRImager.cpp:1102] @ 0.627977s :Start direct autoskim calibration
DEBUG [OpFlag.cpp:591] @ 5.65073s :SkimDiff: -1 Adjust: -254 State: 4 EMax: 12120 Emin: 3671
DEBUG [OpFlag.cpp:655] @ 5.65081s :SetSkim direct:2387 Diff:-1
DEBUG [OpFlag.cpp:591] @ 5.82614s :SkimDiff: 1 Adjust: 474 State: 4 EMax: 12870 Emin: 4378
DEBUG [OpFlag.cpp:591] @ 5.87404s :SkimDiff: 1 Adjust: 271 State: 4 EMax: 12664 Emin: 4179
DEBUG [OpFlag.cpp:591] @ 5.90619s :SkimDiff: 1 Adjust: 249 State: 4 EMax: 12623 Emin: 4176
DEBUG [OpFlag.cpp:591] @ 5.93819s :SkimDiff: 1 Adjust: 254 State: 4 EMax: 12632 Emin: 4177
DEBUG [OpFlag.cpp:591] @ 5.98653s :SkimDiff: 1 Adjust: 250 State: 4 EMax: 12622 Emin: 4178
DEBUG [OpFlag.cpp:591] @ 6.01851s :SkimDiff: 1 Adjust: 252 State: 4 EMax: 12626 Emin: 4179
DEBUG [OpFlag.cpp:591] @ 6.05048s :SkimDiff: 1 Adjust: 253 State: 4 EMax: 12628 Emin: 4178
DEBUG [OpFlag.cpp:591] @ 6.09979s :SkimDiff: 1 Adjust: 260 State: 4 EMax: 12639 Emin: 4181
DEBUG [OpFlag.cpp:591] @ 6.13091s :SkimDiff: 1 Adjust: 258 State: 4 EMax: 12635 Emin: 4182
DEBUG [OpFlag.cpp:591] @ 6.16245s :SkimDiff: 1 Adjust: 257 State: 4 EMax: 12634 Emin: 4181
INFO [IRImager.cpp:1191] @ 6.16282s :AutoSkim Operation finished
DEBUG [IRImager.cpp:1111] @ 6.1643s :Start flag calibration
DEBUG [IRImager.cpp:1125] @ 9.20184s :Finished startup calibration
DEBUG [IRImager.cpp:1176] @ 24.2746s :Automatic control of shutter flag
DEBUG [OpFlag.cpp:591] @ 24.7229s :SkimDiff: 0 Adjust: 0 State: 0 EMax: 12648 Emin: 4180
DEBUG [IRImager.cpp:1176] @ 39.3631s :Automatic control of shutter flag
DEBUG [IRImager.cpp:1176] @ 54.4346s :Automatic control of shutter flag
DEBUG [OpFlag.cpp:591] @ 54.8664s :SkimDiff: 0 Adjust: 0 State: 0 EMax: 12626 Emin: 4134
DEBUG [IRImager.cpp:1176] @ 69.5063s :Automatic control of shutter flag
DEBUG [IRImager.cpp:1176] @ 84.5784s :Automatic control of shutter flag
DEBUG [OpFlag.cpp:591] @ 85.0279s :SkimDiff: 0 Adjust: 0 State: 0 EMax: 12590 Emin: 4058
DEBUG [IRImager.cpp:1176] @ 99.6517s :Automatic control of shutter flag
DEBUG [IRImager.cpp:1176] @ 114.723s :Automatic control of shutter flag
DEBUG [OpFlag.cpp:591] @ 115.171s :SkimDiff: 0 Adjust: 0 State: 0 EMax: 12568 Emin: 3985
DEBUG [IRImager.cpp:1176] @ 129.763s :Automatic control of shutter flag
DEBUG [IRImager.cpp:1176] @ 144.834s :Automatic control of shutter flag
DEBUG [OpFlag.cpp:591] @ 145.267s :SkimDiff: 0 Adjust: 0 State: 0 EMax: 12545 Emin: 3909
DEBUG [IRImager.cpp:1176] @ 159.906s :Automatic control of shutter flag
DEBUG [IRImager.cpp:1176] @ 174.98s :Automatic control of shutter flag
DEBUG [OpFlag.cpp:591] @ 175.41s :SkimDiff: 0 Adjust: 0 State: 0 EMax: 12484 Emin: 3800
DEBUG [IRImager.cpp:1176] @ 190.049s :Automatic control of shutter flag
DEBUG [IRImager.cpp:1176] @ 205.129s :Automatic control of shutter flag
DEBUG [OpFlag.cpp:591] @ 205.57s :SkimDiff: 0 Adjust: 0 State: 0 EMax: 12439 Emin: 3717
DEBUG [IRImager.cpp:1176] @ 220.195s :Automatic control of shutter flag
DEBUG [IRImager.cpp:1176] @ 235.235s :Automatic control of shutter flag
DEBUG [OpFlag.cpp:591] @ 235.667s :SkimDiff: 0 Adjust: 0 State: 0 EMax: 12369 Emin: 3596
DEBUG [IRImager.cpp:1176] @ 250.308s :Automatic control of shutter flag
DEBUG [IRImager.cpp:1176] @ 265.378s :Automatic control of shutter flag
DEBUG [OpFlag.cpp:591] @ 265.863s :SkimDiff: 0 Adjust: 0 State: 0 EMax: 12315 Emin: 3509
DEBUG [IRImager.cpp:1176] @ 280.456s :Automatic control of shutter flag
DEBUG [IRImager.cpp:1176] @ 295.522s :Automatic control of shutter flag
DEBUG [OpFlag.cpp:591] @ 295.97s :SkimDiff: 0 Adjust: 0 State: 0 EMax: 12289 Emin: 3439
DEBUG [IRImager.cpp:1176] @ 310.595s :Automatic control of shutter flag
DEBUG [IRImager.cpp:1176] @ 325.665s :Automatic control of shutter flag
DEBUG [OpFlag.cpp:591] @ 326.115s :SkimDiff: 0 Adjust: 0 State: 0 EMax: 12253 Emin: 3376
DEBUG [IRImager.cpp:1176] @ 340.706s :Automatic control of shutter flag
DEBUG [IRImager.cpp:1176] @ 355.783s :Automatic control of shutter flag
DEBUG [OpFlag.cpp:591] @ 356.21s :SkimDiff: 0 Adjust: 0 State: 0 EMax: 12215 Emin: 3319
