DEBUG [IRLogger.cpp:105] @ 0.0003284s :***************************************************
DEBUG [IRLogger.cpp:106] @ 0.0004385s :* IRImagerDirect SDK                              *
DEBUG [IRLogger.cpp:107] @ 0.0004858s :***************************************************
DEBUG [IRLogger.cpp:108] @ 0.0005251s :* Version:             8.8.1
DEBUG [IRLogger.cpp:109] @ 0.0005632s :* Commit Date:         Wed Nov 17 11:55:39 2021
DEBUG [IRLogger.cpp:110] @ 0.0005993s :* Commit Branch:       master
DEBUG [IRLogger.cpp:111] @ 0.0006475s :* Commit Hash:         71552585
DEBUG [IRLogger.cpp:113] @ 0.0181582s :* Native Machine:      AMD64
DEBUG [IRLogger.cpp:114] @ 0.0182849s :* Machine:             AMD64
DEBUG [IRLogger.cpp:116] @ 0.0183341s :* OS:                  Windows 10 0 19043
DEBUG [IRLogger.cpp:123] @ 0.0183624s :***************************************************
WARNING [IRDeviceParams.cpp:198] @ 0.0191855s :XML parameter 'average' is deprecated and is not supported anymore.
DEBUG [IRDeviceParams.cpp:220] @ 0.0192234s :Parameters
DEBUG [IRDeviceParams.cpp:221] @ 0.0192503s :serial: 0
DEBUG [IRDeviceParams.cpp:222] @ 0.0192748s :videoformatindex: 0
DEBUG [IRDeviceParams.cpp:223] @ 0.0192997s :fov: 0
DEBUG [IRDeviceParams.cpp:224] @ 0.0193293s :optics_text: 0000000000000000
DEBUG [IRDeviceParams.cpp:225] @ 0.0193617s :formatspath: 0000028DF71BD1D0
DEBUG [IRDeviceParams.cpp:226] @ 0.0193986s :calipath: 0000000000000000
DEBUG [IRDeviceParams.cpp:227] @ 0.019432s :temperature min: 0
DEBUG [IRDeviceParams.cpp:228] @ 0.0194605s :temperature max: 0
DEBUG [IRDeviceParams.cpp:229] @ 0.0194878s :framerate: 20
DEBUG [IRDeviceParams.cpp:230] @ 0.0195145s :bispectral: 0
DEBUG [IRDeviceParams.cpp:231] @ 0.0195396s :flag automatic: 1
DEBUG [IRDeviceParams.cpp:232] @ 0.0195644s :min interval: 15
DEBUG [IRDeviceParams.cpp:233] @ 0.0195891s :max interval: 0
DEBUG [IRDeviceParams.cpp:234] @ 0.0196132s :chip heating mode: 0
DEBUG [IRDeviceParams.cpp:235] @ 0.0196392s :chip heating fixed val: 40
DEBUG [IRDeviceParams.cpp:236] @ 0.0196662s :focus:  50
DEBUG [IRDeviceParams.cpp:237] @ 0.01969s :enable extended temp range: 0
DEBUG [IRDeviceParams.cpp:238] @ 0.0197164s :buffer queue size: 5
DEBUG [IRDeviceParams.cpp:239] @ 0.0197421s :enable high precision: 0
DEBUG [IRDeviceParams.cpp:240] @ 0.0197675s :radialDistortionCorrectionMode: 0
DEBUG [IRDeviceParams.cpp:241] @ 0.0198204s :deviceAPI: 0
DEBUG [IRDeviceParams.cpp:242] @ 0.0198512s :useExternalProbeForReferencing: 0
DEBUG [IRDeviceParams.cpp:243] @ 0.0198769s :enableMultiThreading: 0
DEBUG [IRDeviceParams.cpp:244] @ 0.0199023s :deviceIpAddress: 0.0.0.0
DEBUG [IRDeviceParams.cpp:245] @ 0.0199266s :localUdpPort: 0
DEBUG [Cali.cpp:87] @ 0.189486s :Calibration directory path: C:\Users\lupus\AppData\Roaming\Imager\Cali
DEBUG [Cali.cpp:88] @ 0.189561s :Calibration file name: Cali-20064016.xml
DEBUG [Cali.cpp:98] @ 0.191492s :Calibration data A: 1450 B:400 C:4095 D:1000
INFO [IRImager.cpp:263] @ 0.194436s :Init thermal imager to 20064016 with size: 382x290@27 Hz
DEBUG [Cali.cpp:87] @ 0.195081s :Calibration directory path: C:\Users\lupus\AppData\Roaming\Imager\Cali
DEBUG [Cali.cpp:88] @ 0.19513s :Calibration file name: Cali-20064016.xml
DEBUG [Cali.cpp:98] @ 0.195799s :Calibration data A: 1450 B:400 C:4095 D:1000
DEBUG [Cali.cpp:87] @ 0.197148s :Calibration directory path: C:\Users\lupus\AppData\Roaming\Imager\Cali
DEBUG [Cali.cpp:88] @ 0.197198s :Calibration file name: Cali-20064016.xml
DEBUG [Cali.cpp:98] @ 0.197796s :Calibration data A: 1450 B:400 C:4095 D:1000
DEBUG [IRImager.cpp:297] @ 0.197952s :No temperature range configuration specified. Setting default values tMin: -20 , tMax: 100
DEBUG [IRImager.cpp:372] @ 0.198722s :Using HID control interface
DEBUG [IRImager.cpp:412] @ 0.220594s :Initialized HID control interface to device with HW:3400 FW:3432
DEBUG [IRImager.cpp:1367] @ 0.222619s :Set focusmotor position to 50%
DEBUG [IRImager.cpp:433] @ 0.222706s :Frameconfig - width(in): 382, height(in): 290, interval: 370370, max framerate: 27, HW interval: 0.037037
DEBUG [Cali.cpp:87] @ 0.222833s :Calibration directory path: C:\Users\lupus\AppData\Roaming\Imager\Cali
DEBUG [Cali.cpp:88] @ 0.222869s :Calibration file name: Cali-20064016.xml
DEBUG [Cali.cpp:98] @ 0.223994s :Calibration data A: 1450 B:400 C:4095 D:1000
DEBUG [ImageProcessing.cpp:192] @ 0.229084s :Source buffer size: 221560 Width: 382 Height: 290
DEBUG [ImageProcessing.cpp:115] @ 0.277958s :Source buffer size: 221560 Width: 382 Height: 290
DEBUG [OpSource.cpp:334] @ 0.278146s :Using formats path: .\\Formats.def
DEBUG [OpSource.cpp:563] @ 0.27847s :Format found with size: 382
DEBUG [IRImager.cpp:845] @ 0.279283s :Caught onFrameInit with size: 382x288
DEBUG [OpSource.cpp:334] @ 0.280914s :Using formats path: .\\Formats.def
DEBUG [OpSource.cpp:563] @ 0.281209s :Format found with size: 382
DEBUG [OpSource.cpp:334] @ 0.281293s :Using formats path: .\\Formats.def
DEBUG [OpCorr.cpp:465] @ 0.283793s :Read cali: C:\Users\lupus\AppData\Roaming\Imager\Cali\Cali-20064016-53-M20-100.dat
DEBUG [OpCorr.cpp:555] @ 0.283901s :Read calibration of camera no 20064016, # of fields: 6 , start of fields: 40
DEBUG [ImageProcessing.cpp:1095] @ 0.571447s :Update flag temperature: 23.375
DEBUG [ImageProcessing.cpp:1098] @ 0.573716s :Update box temperature: 23.375
DEBUG [Cali.cpp:601] @ 0.573773s :Calibration file path: 0000028D8006E674/0000008E664CCE50.xml
DEBUG [SimpleXML.cpp:238] @ 0.573946s :Failed to open file C:\Users\lupus\AppData\Roaming\Imager\Cali\CaliExt-20064016.xml
DEBUG [IRImager.cpp:547] @ 0.585051s :Chip heating disabled
DEBUG [IRImager.cpp:1102] @ 0.71852s :Start direct autoskim calibration
DEBUG [OpFlag.cpp:591] @ 5.71878s :SkimDiff: -2 Adjust: -806 State: 4 EMax: 11445 Emin: 3243
DEBUG [OpFlag.cpp:655] @ 5.71887s :SetSkim direct:2387 Diff:-1
DEBUG [OpFlag.cpp:591] @ 5.89378s :SkimDiff: 2 Adjust: 824 State: 4 EMax: 13091 Emin: 4857
DEBUG [OpFlag.cpp:655] @ 5.89383s :SetSkim direct:2388 Diff:1
DEBUG [OpFlag.cpp:591] @ 6.08556s :SkimDiff: 2 Adjust: 809 State: 4 EMax: 13080 Emin: 4839
DEBUG [OpFlag.cpp:655] @ 6.08561s :SetSkim direct:2389 Diff:1
DEBUG [OpFlag.cpp:591] @ 6.27776s :SkimDiff: 1 Adjust: 162 State: 4 EMax: 12411 Emin: 4213
DEBUG [OpFlag.cpp:655] @ 6.27782s :SetSkim direct:2390 Diff:1
DEBUG [OpFlag.cpp:591] @ 6.45357s :SkimDiff: -1 Adjust: -557 State: 4 EMax: 12208 Emin: 2977
DEBUG [OpFlag.cpp:591] @ 6.50149s :SkimDiff: -2 Adjust: -1128 State: 4 EMax: 11182 Emin: 2862
DEBUG [OpFlag.cpp:655] @ 6.50154s :SetSkim direct:2389 Diff:-1
DEBUG [OpFlag.cpp:591] @ 6.6778s :SkimDiff: -1 Adjust: -399 State: 4 EMax: 11875 Emin: 3627
DEBUG [OpFlag.cpp:655] @ 6.67785s :SetSkim direct:2388 Diff:-1
DEBUG [OpFlag.cpp:591] @ 6.87107s :SkimDiff: 1 Adjust: 303 State: 4 EMax: 12545 Emin: 4362
DEBUG [OpFlag.cpp:591] @ 6.90205s :SkimDiff: 1 Adjust: 290 State: 4 EMax: 12559 Emin: 4321
DEBUG [OpFlag.cpp:591] @ 6.93351s :SkimDiff: 1 Adjust: 140 State: 4 EMax: 12459 Emin: 4121
DEBUG [OpFlag.cpp:591] @ 6.98206s :SkimDiff: 1 Adjust: 66 State: 4 EMax: 12329 Emin: 4104
DEBUG [OpFlag.cpp:591] @ 7.01354s :SkimDiff: 1 Adjust: 78 State: 4 EMax: 12330 Emin: 4126
DEBUG [OpFlag.cpp:591] @ 7.04553s :SkimDiff: 1 Adjust: 76 State: 4 EMax: 12333 Emin: 4119
DEBUG [OpFlag.cpp:591] @ 7.09376s :SkimDiff: 1 Adjust: 70 State: 4 EMax: 12332 Emin: 4109
DEBUG [OpFlag.cpp:591] @ 7.12575s :SkimDiff: 1 Adjust: 76 State: 4 EMax: 12337 Emin: 4116
DEBUG [OpFlag.cpp:591] @ 7.15817s :SkimDiff: 1 Adjust: 69 State: 4 EMax: 12328 Emin: 4111
INFO [IRImager.cpp:1191] @ 7.15866s :AutoSkim Operation finished
DEBUG [IRImager.cpp:1111] @ 7.16051s :Start flag calibration
DEBUG [IRImager.cpp:1125] @ 10.2139s :Finished startup calibration
DEBUG [IRImager.cpp:1176] @ 25.2862s :Automatic control of shutter flag
DEBUG [OpFlag.cpp:591] @ 25.7178s :SkimDiff: 0 Adjust: 0 State: 0 EMax: 12222 Emin: 4018
DEBUG [IRImager.cpp:1176] @ 40.3569s :Automatic control of shutter flag
DEBUG [IRImager.cpp:1176] @ 55.4309s :Automatic control of shutter flag
DEBUG [OpFlag.cpp:591] @ 55.8775s :SkimDiff: 0 Adjust: 0 State: 0 EMax: 12258 Emin: 4015
DEBUG [IRImager.cpp:1176] @ 70.5022s :Automatic control of shutter flag
DEBUG [IRImager.cpp:1176] @ 85.5746s :Automatic control of shutter flag
DEBUG [OpFlag.cpp:591] @ 86.0219s :SkimDiff: 0 Adjust: 0 State: 0 EMax: 12246 Emin: 3971
DEBUG [IRImager.cpp:1176] @ 100.614s :Automatic control of shutter flag
DEBUG [IRImager.cpp:1176] @ 115.685s :Automatic control of shutter flag
DEBUG [OpFlag.cpp:591] @ 116.119s :SkimDiff: 0 Adjust: 0 State: 0 EMax: 12222 Emin: 3922
DEBUG [IRImager.cpp:1176] @ 130.758s :Automatic control of shutter flag
DEBUG [IRImager.cpp:1176] @ 145.83s :Automatic control of shutter flag
DEBUG [OpFlag.cpp:591] @ 146.262s :SkimDiff: 0 Adjust: 0 State: 0 EMax: 12191 Emin: 3880
DEBUG [IRImager.cpp:1176] @ 160.902s :Automatic control of shutter flag
DEBUG [IRImager.cpp:1176] @ 175.973s :Automatic control of shutter flag
DEBUG [OpFlag.cpp:591] @ 176.425s :SkimDiff: 0 Adjust: 0 State: 0 EMax: 12172 Emin: 3820
DEBUG [IRImager.cpp:1176] @ 191.046s :Automatic control of shutter flag
DEBUG [IRImager.cpp:1176] @ 206.086s :Automatic control of shutter flag
DEBUG [OpFlag.cpp:591] @ 206.518s :SkimDiff: 0 Adjust: 0 State: 0 EMax: 12141 Emin: 3770
DEBUG [IRImager.cpp:1176] @ 221.164s :Automatic control of shutter flag
DEBUG [IRImager.cpp:1176] @ 236.23s :Automatic control of shutter flag
DEBUG [OpFlag.cpp:591] @ 236.662s :SkimDiff: 0 Adjust: 0 State: 0 EMax: 12120 Emin: 3710
DEBUG [IRImager.cpp:1176] @ 251.366s :Automatic control of shutter flag
DEBUG [IRImager.cpp:1176] @ 266.437s :Automatic control of shutter flag
DEBUG [OpFlag.cpp:591] @ 266.886s :SkimDiff: 0 Adjust: 0 State: 0 EMax: 12090 Emin: 3683
DEBUG [IRImager.cpp:1176] @ 282.012s :Automatic control of shutter flag
DEBUG [IRImager.cpp:1176] @ 297.082s :Automatic control of shutter flag
DEBUG [OpFlag.cpp:591] @ 297.51s :SkimDiff: 0 Adjust: 0 State: 0 EMax: 12072 Emin: 3634
DEBUG [IRImager.cpp:1176] @ 312.149s :Automatic control of shutter flag
DEBUG [IRImager.cpp:1176] @ 327.227s :Automatic control of shutter flag
DEBUG [OpFlag.cpp:591] @ 327.671s :SkimDiff: 0 Adjust: 0 State: 0 EMax: 12047 Emin: 3586
DEBUG [IRImager.cpp:1176] @ 342.438s :Automatic control of shutter flag
DEBUG [IRImager.cpp:1176] @ 357.478s :Automatic control of shutter flag
DEBUG [OpFlag.cpp:591] @ 357.926s :SkimDiff: 0 Adjust: 0 State: 0 EMax: 12018 Emin: 3545
DEBUG [IRImager.cpp:1176] @ 372.549s :Automatic control of shutter flag
DEBUG [IRImager.cpp:662] @ 373.031s :Release imager
DEBUG [BaseControlDevice.cpp:26] @ 373.066s :Base destructor called
DEBUG [IRImager.cpp:669] @ 373.066s :Delete image processing
DEBUG [IRImager.cpp:676] @ 373.081s :Delete buffer
DEBUG [IRImager.cpp:684] @ 373.081s :Delete source buffer
DEBUG [IRImager.cpp:691] @ 373.081s :Delete buffer (energy)
DEBUG [IRImager.cpp:698] @ 373.081s :Delete timer
DEBUG [IRImager.cpp:704] @ 373.081s :Delete manual timer
