DEBUG [IRLogger.cpp:105] @ 0.0003078s :***************************************************
DEBUG [IRLogger.cpp:106] @ 0.0004139s :* IRImagerDirect SDK                              *
DEBUG [IRLogger.cpp:107] @ 0.0004872s :***************************************************
DEBUG [IRLogger.cpp:108] @ 0.0006505s :* Version:             8.8.1
DEBUG [IRLogger.cpp:109] @ 0.0007966s :* Commit Date:         Wed Nov 17 11:55:39 2021
DEBUG [IRLogger.cpp:110] @ 0.0008482s :* Commit Branch:       master
DEBUG [IRLogger.cpp:111] @ 0.0009025s :* Commit Hash:         71552585
DEBUG [IRLogger.cpp:113] @ 0.0013531s :* Native Machine:      AMD64
DEBUG [IRLogger.cpp:114] @ 0.0013855s :* Machine:             AMD64
DEBUG [IRLogger.cpp:116] @ 0.0014158s :* OS:                  Windows 10 0 19043
DEBUG [IRLogger.cpp:123] @ 0.0014343s :***************************************************
WARNING [IRDeviceParams.cpp:198] @ 0.0021074s :XML parameter 'average' is deprecated and is not supported anymore.
DEBUG [IRDeviceParams.cpp:220] @ 0.0021355s :Parameters
DEBUG [IRDeviceParams.cpp:221] @ 0.0021539s :serial: 0
DEBUG [IRDeviceParams.cpp:222] @ 0.0022497s :videoformatindex: 0
DEBUG [IRDeviceParams.cpp:223] @ 0.0022901s :fov: 0
DEBUG [IRDeviceParams.cpp:224] @ 0.0023338s :optics_text: 0000000000000000
DEBUG [IRDeviceParams.cpp:225] @ 0.0023707s :formatspath: 00000242BC27B600
DEBUG [IRDeviceParams.cpp:226] @ 0.0024064s :calipath: 00000242BC046BB0
DEBUG [IRDeviceParams.cpp:227] @ 0.0024392s :temperature min: 0
DEBUG [IRDeviceParams.cpp:228] @ 0.00249s :temperature max: 250
DEBUG [IRDeviceParams.cpp:229] @ 0.0025231s :framerate: 20
DEBUG [IRDeviceParams.cpp:230] @ 0.0026144s :bispectral: 0
DEBUG [IRDeviceParams.cpp:231] @ 0.0026467s :flag automatic: 1
DEBUG [IRDeviceParams.cpp:232] @ 0.0027176s :min interval: 15
DEBUG [IRDeviceParams.cpp:233] @ 0.00275s :max interval: 0
DEBUG [IRDeviceParams.cpp:234] @ 0.0028027s :chip heating mode: 0
DEBUG [IRDeviceParams.cpp:235] @ 0.0028383s :chip heating fixed val: 40
DEBUG [IRDeviceParams.cpp:236] @ 0.0028706s :focus:  70
DEBUG [IRDeviceParams.cpp:237] @ 0.0029334s :enable extended temp range: 0
DEBUG [IRDeviceParams.cpp:238] @ 0.0029665s :buffer queue size: 5
DEBUG [IRDeviceParams.cpp:239] @ 0.0030238s :enable high precision: 0
DEBUG [IRDeviceParams.cpp:240] @ 0.0030608s :radialDistortionCorrectionMode: 0
DEBUG [IRDeviceParams.cpp:241] @ 0.0031309s :deviceAPI: 0
DEBUG [IRDeviceParams.cpp:242] @ 0.0031652s :useExternalProbeForReferencing: 0
DEBUG [IRDeviceParams.cpp:243] @ 0.0032267s :enableMultiThreading: 0
DEBUG [IRDeviceParams.cpp:244] @ 0.003263s :deviceIpAddress: 0.0.0.0
DEBUG [IRDeviceParams.cpp:245] @ 0.0034346s :localUdpPort: 0
ERROR [IRDeviceDS.cpp:810] @ 0.0430181s :create video graph failed hr=0
ERROR [DirectBridgeClientUSB.cpp:165] @ 0.0487643s :UVC device with serial 0 could not be found
