DEBUG [IRLogger.cpp:105] @ 0.0002074s :***************************************************
DEBUG [IRLogger.cpp:106] @ 0.0003102s :* IRImagerDirect SDK                              *
DEBUG [IRLogger.cpp:107] @ 0.0003646s :***************************************************
DEBUG [IRLogger.cpp:108] @ 0.0003994s :* Version:             8.8.1
DEBUG [IRLogger.cpp:109] @ 0.0005061s :* Commit Date:         Wed Nov 17 11:55:39 2021
DEBUG [IRLogger.cpp:110] @ 0.00055s :* Commit Branch:       master
DEBUG [IRLogger.cpp:111] @ 0.0005921s :* Commit Hash:         71552585
DEBUG [IRLogger.cpp:113] @ 0.0009249s :* Native Machine:      AMD64
DEBUG [IRLogger.cpp:114] @ 0.0009887s :* Machine:             AMD64
DEBUG [IRLogger.cpp:116] @ 0.0010401s :* OS:                  Windows 10 0 19043
DEBUG [IRLogger.cpp:123] @ 0.0010745s :***************************************************
WARNING [IRDeviceParams.cpp:198] @ 0.001916s :XML parameter 'average' is deprecated and is not supported anymore.
DEBUG [IRDeviceParams.cpp:220] @ 0.0019494s :Parameters
DEBUG [IRDeviceParams.cpp:221] @ 0.0019686s :serial: 0
DEBUG [IRDeviceParams.cpp:222] @ 0.001986s :videoformatindex: 0
DEBUG [IRDeviceParams.cpp:223] @ 0.0020032s :fov: 0
DEBUG [IRDeviceParams.cpp:224] @ 0.0020226s :optics_text: 0000000000000000
DEBUG [IRDeviceParams.cpp:225] @ 0.0020407s :formatspath: 000002D52BEDB3F0
DEBUG [IRDeviceParams.cpp:226] @ 0.0020583s :calipath: 0000000000000000
DEBUG [IRDeviceParams.cpp:227] @ 0.0020754s :temperature min: 0
DEBUG [IRDeviceParams.cpp:228] @ 0.0020922s :temperature max: 0
DEBUG [IRDeviceParams.cpp:229] @ 0.00211s :framerate: 20
DEBUG [IRDeviceParams.cpp:230] @ 0.0021272s :bispectral: 0
DEBUG [IRDeviceParams.cpp:231] @ 0.002144s :flag automatic: 1
DEBUG [IRDeviceParams.cpp:232] @ 0.0021612s :min interval: 15
DEBUG [IRDeviceParams.cpp:233] @ 0.0021784s :max interval: 0
DEBUG [IRDeviceParams.cpp:234] @ 0.0021951s :chip heating mode: 0
DEBUG [IRDeviceParams.cpp:235] @ 0.0022129s :chip heating fixed val: 40
DEBUG [IRDeviceParams.cpp:236] @ 0.0023142s :focus:  50
DEBUG [IRDeviceParams.cpp:237] @ 0.0023501s :enable extended temp range: 0
DEBUG [IRDeviceParams.cpp:238] @ 0.0024128s :buffer queue size: 5
DEBUG [IRDeviceParams.cpp:239] @ 0.0024731s :enable high precision: 0
DEBUG [IRDeviceParams.cpp:240] @ 0.0025348s :radialDistortionCorrectionMode: 0
DEBUG [IRDeviceParams.cpp:241] @ 0.0025705s :deviceAPI: 0
DEBUG [IRDeviceParams.cpp:242] @ 0.0026482s :useExternalProbeForReferencing: 0
DEBUG [IRDeviceParams.cpp:243] @ 0.0026827s :enableMultiThreading: 0
DEBUG [IRDeviceParams.cpp:244] @ 0.0027424s :deviceIpAddress: 0.0.0.0
DEBUG [IRDeviceParams.cpp:245] @ 0.0027781s :localUdpPort: 0
DEBUG [Cali.cpp:87] @ 0.077836s :Calibration directory path: C:\Users\lupus\AppData\Roaming\Imager\Cali
DEBUG [Cali.cpp:88] @ 0.0778869s :Calibration file name: Cali-20064016.xml
DEBUG [Cali.cpp:98] @ 0.0785253s :Calibration data A: 1450 B:400 C:4095 D:1000
INFO [IRImager.cpp:263] @ 0.0799112s :Init thermal imager to 20064016 with size: 382x290@27 Hz
DEBUG [Cali.cpp:87] @ 0.0804539s :Calibration directory path: C:\Users\lupus\AppData\Roaming\Imager\Cali
DEBUG [Cali.cpp:88] @ 0.0804861s :Calibration file name: Cali-20064016.xml
DEBUG [Cali.cpp:98] @ 0.0810767s :Calibration data A: 1450 B:400 C:4095 D:1000
DEBUG [Cali.cpp:87] @ 0.0822486s :Calibration directory path: C:\Users\lupus\AppData\Roaming\Imager\Cali
DEBUG [Cali.cpp:88] @ 0.0822837s :Calibration file name: Cali-20064016.xml
DEBUG [Cali.cpp:98] @ 0.082936s :Calibration data A: 1450 B:400 C:4095 D:1000
DEBUG [IRImager.cpp:297] @ 0.0830724s :No temperature range configuration specified. Setting default values tMin: -20 , tMax: 100
DEBUG [IRImager.cpp:372] @ 0.0836791s :Using HID control interface
DEBUG [IRImager.cpp:412] @ 0.101865s :Initialized HID control interface to device with HW:3400 FW:3432
DEBUG [IRImager.cpp:1367] @ 0.103806s :Set focusmotor position to 50%
DEBUG [IRImager.cpp:433] @ 0.10387s :Frameconfig - width(in): 382, height(in): 290, interval: 370370, max framerate: 27, HW interval: 0.037037
DEBUG [Cali.cpp:87] @ 0.103968s :Calibration directory path: C:\Users\lupus\AppData\Roaming\Imager\Cali
DEBUG [Cali.cpp:88] @ 0.104002s :Calibration file name: Cali-20064016.xml
DEBUG [Cali.cpp:98] @ 0.104706s :Calibration data A: 1450 B:400 C:4095 D:1000
DEBUG [ImageProcessing.cpp:192] @ 0.109121s :Source buffer size: 221560 Width: 382 Height: 290
DEBUG [ImageProcessing.cpp:115] @ 0.143007s :Source buffer size: 221560 Width: 382 Height: 290
DEBUG [OpSource.cpp:334] @ 0.14318s :Using formats path: .\\Formats.def
DEBUG [OpSource.cpp:563] @ 0.153062s :Format found with size: 382
DEBUG [IRImager.cpp:845] @ 0.153824s :Caught onFrameInit with size: 382x288
DEBUG [OpSource.cpp:334] @ 0.155048s :Using formats path: .\\Formats.def
DEBUG [OpSource.cpp:563] @ 0.155332s :Format found with size: 382
DEBUG [OpSource.cpp:334] @ 0.155407s :Using formats path: .\\Formats.def
DEBUG [OpCorr.cpp:465] @ 0.157895s :Read cali: C:\Users\lupus\AppData\Roaming\Imager\Cali\Cali-20064016-53-M20-100.dat
DEBUG [OpCorr.cpp:555] @ 0.158001s :Read calibration of camera no 20064016, # of fields: 6 , start of fields: 40
DEBUG [ImageProcessing.cpp:1095] @ 0.427917s :Update flag temperature: 24.6875
DEBUG [ImageProcessing.cpp:1098] @ 0.430653s :Update box temperature: 24.6875
DEBUG [Cali.cpp:601] @ 0.430729s :Calibration file path: 000002D52BF94F74/000000F129CDCB60.xml
DEBUG [SimpleXML.cpp:238] @ 0.430933s :Failed to open file C:\Users\lupus\AppData\Roaming\Imager\Cali\CaliExt-20064016.xml
DEBUG [IRImager.cpp:547] @ 0.441797s :Chip heating disabled
DEBUG [IRImager.cpp:1102] @ 0.536822s :Start direct autoskim calibration
DEBUG [OpFlag.cpp:591] @ 5.5576s :SkimDiff: -1 Adjust: -65 State: 4 EMax: 12237 Emin: 3932
DEBUG [OpFlag.cpp:655] @ 5.55766s :SetSkim direct:2387 Diff:-1
DEBUG [OpFlag.cpp:591] @ 5.73474s :SkimDiff: 1 Adjust: 674 State: 4 EMax: 13001 Emin: 4648
DEBUG [OpFlag.cpp:591] @ 5.78207s :SkimDiff: 1 Adjust: 522 State: 4 EMax: 12888 Emin: 4457
DEBUG [OpFlag.cpp:591] @ 5.81374s :SkimDiff: 1 Adjust: 464 State: 4 EMax: 12773 Emin: 4456
DEBUG [OpFlag.cpp:591] @ 5.84592s :SkimDiff: 1 Adjust: 460 State: 4 EMax: 12766 Emin: 4454
DEBUG [OpFlag.cpp:591] @ 5.89394s :SkimDiff: 1 Adjust: 464 State: 4 EMax: 12773 Emin: 4456
INFO [IRImager.cpp:1191] @ 5.89424s :AutoSkim Operation finished
DEBUG [IRImager.cpp:1111] @ 5.89562s :Start flag calibration
DEBUG [IRImager.cpp:1125] @ 8.93627s :Finished startup calibration
DEBUG [IRImager.cpp:1176] @ 23.9742s :Automatic control of shutter flag
DEBUG [OpFlag.cpp:591] @ 24.4059s :SkimDiff: 0 Adjust: 0 State: 0 EMax: 12756 Emin: 4414
DEBUG [IRImager.cpp:1176] @ 39.045s :Automatic control of shutter flag
DEBUG [IRImager.cpp:1176] @ 54.1178s :Automatic control of shutter flag
DEBUG [OpFlag.cpp:591] @ 54.5653s :SkimDiff: 0 Adjust: 0 State: 0 EMax: 12736 Emin: 4355
DEBUG [IRImager.cpp:1176] @ 69.1904s :Automatic control of shutter flag
DEBUG [IRImager.cpp:1176] @ 84.2621s :Automatic control of shutter flag
DEBUG [OpFlag.cpp:591] @ 84.7096s :SkimDiff: 0 Adjust: 0 State: 0 EMax: 12715 Emin: 4279
DEBUG [IRImager.cpp:1176] @ 99.333s :Automatic control of shutter flag
DEBUG [IRImager.cpp:1176] @ 114.373s :Automatic control of shutter flag
DEBUG [OpFlag.cpp:591] @ 114.806s :SkimDiff: 0 Adjust: 0 State: 0 EMax: 12656 Emin: 4181
DEBUG [IRImager.cpp:1176] @ 129.447s :Automatic control of shutter flag
DEBUG [IRImager.cpp:1176] @ 144.519s :Automatic control of shutter flag
DEBUG [OpFlag.cpp:591] @ 144.95s :SkimDiff: 0 Adjust: 0 State: 0 EMax: 12618 Emin: 4100
DEBUG [IRImager.cpp:1176] @ 159.59s :Automatic control of shutter flag
DEBUG [IRImager.cpp:1176] @ 174.661s :Automatic control of shutter flag
DEBUG [OpFlag.cpp:591] @ 175.11s :SkimDiff: 0 Adjust: 0 State: 0 EMax: 12573 Emin: 4018
DEBUG [IRImager.cpp:1176] @ 189.735s :Automatic control of shutter flag
DEBUG [IRImager.cpp:1176] @ 204.774s :Automatic control of shutter flag
DEBUG [OpFlag.cpp:591] @ 205.206s :SkimDiff: 0 Adjust: 0 State: 0 EMax: 12529 Emin: 3950
DEBUG [IRImager.cpp:1176] @ 219.846s :Automatic control of shutter flag
DEBUG [IRImager.cpp:1176] @ 234.919s :Automatic control of shutter flag
DEBUG [OpFlag.cpp:591] @ 235.354s :SkimDiff: 0 Adjust: 0 State: 0 EMax: 12493 Emin: 3876
DEBUG [IRImager.cpp:1176] @ 249.989s :Automatic control of shutter flag
DEBUG [IRImager.cpp:1176] @ 265.062s :Automatic control of shutter flag
DEBUG [OpFlag.cpp:591] @ 265.51s :SkimDiff: 0 Adjust: 0 State: 0 EMax: 12460 Emin: 3818
DEBUG [IRImager.cpp:1176] @ 280.134s :Automatic control of shutter flag
DEBUG [IRImager.cpp:1176] @ 295.205s :Automatic control of shutter flag
DEBUG [OpFlag.cpp:591] @ 295.654s :SkimDiff: 0 Adjust: 0 State: 0 EMax: 12424 Emin: 3757
DEBUG [IRImager.cpp:1176] @ 310.245s :Automatic control of shutter flag
DEBUG [IRImager.cpp:1176] @ 325.462s :Automatic control of shutter flag
DEBUG [OpFlag.cpp:591] @ 325.91s :SkimDiff: 0 Adjust: 0 State: 0 EMax: 12399 Emin: 3706
DEBUG [IRImager.cpp:1176] @ 340.502s :Automatic control of shutter flag
DEBUG [IRImager.cpp:1176] @ 355.574s :Automatic control of shutter flag
DEBUG [OpFlag.cpp:591] @ 356.006s :SkimDiff: 0 Adjust: 0 State: 0 EMax: 12370 Emin: 3648
DEBUG [IRImager.cpp:1176] @ 370.646s :Automatic control of shutter flag
DEBUG [IRImager.cpp:1176] @ 385.717s :Automatic control of shutter flag
DEBUG [OpFlag.cpp:591] @ 386.166s :SkimDiff: 0 Adjust: 0 State: 0 EMax: 12345 Emin: 3597
DEBUG [IRImager.cpp:1176] @ 400.854s :Automatic control of shutter flag
DEBUG [IRImager.cpp:1176] @ 415.925s :Automatic control of shutter flag
DEBUG [OpFlag.cpp:591] @ 416.374s :SkimDiff: 0 Adjust: 0 State: 0 EMax: 12326 Emin: 3556
DEBUG [IRImager.cpp:1176] @ 430.998s :Automatic control of shutter flag
DEBUG [IRImager.cpp:1176] @ 446.086s :Automatic control of shutter flag
DEBUG [OpFlag.cpp:591] @ 446.518s :SkimDiff: 0 Adjust: 0 State: 0 EMax: 12297 Emin: 3513
DEBUG [IRImager.cpp:1176] @ 462.901s :Automatic control of shutter flag
DEBUG [IRImager.cpp:1176] @ 477.974s :Automatic control of shutter flag
DEBUG [OpFlag.cpp:591] @ 478.421s :SkimDiff: 0 Adjust: 0 State: 0 EMax: 12288 Emin: 3462
DEBUG [IRImager.cpp:1176] @ 493.046s :Automatic control of shutter flag
DEBUG [IRImager.cpp:1176] @ 508.118s :Automatic control of shutter flag
DEBUG [OpFlag.cpp:591] @ 508.566s :SkimDiff: 0 Adjust: 0 State: 0 EMax: 12255 Emin: 3419
DEBUG [IRImager.cpp:1176] @ 523.158s :Automatic control of shutter flag
DEBUG [IRImager.cpp:1176] @ 539.894s :Automatic control of shutter flag
DEBUG [OpFlag.cpp:591] @ 540.342s :SkimDiff: 0 Adjust: 0 State: 0 EMax: 12245 Emin: 3389
DEBUG [IRImager.cpp:1176] @ 554.934s :Automatic control of shutter flag
DEBUG [IRImager.cpp:1176] @ 571.974s :Automatic control of shutter flag
DEBUG [OpFlag.cpp:591] @ 572.421s :SkimDiff: 0 Adjust: 0 State: 0 EMax: 12221 Emin: 3351
DEBUG [IRImager.cpp:1176] @ 587.045s :Automatic control of shutter flag
DEBUG [IRImager.cpp:1176] @ 607.751s :Automatic control of shutter flag
DEBUG [OpFlag.cpp:591] @ 608.246s :SkimDiff: 0 Adjust: 0 State: 0 EMax: 12198 Emin: 3297
DEBUG [IRImager.cpp:1176] @ 622.902s :Automatic control of shutter flag
DEBUG [IRImager.cpp:1176] @ 644.214s :Automatic control of shutter flag
DEBUG [OpFlag.cpp:591] @ 644.667s :SkimDiff: 0 Adjust: 0 State: 0 EMax: 12163 Emin: 3257
DEBUG [IRImager.cpp:1176] @ 659.258s :Automatic control of shutter flag
DEBUG [IRImager.cpp:1176] @ 674.326s :Automatic control of shutter flag
DEBUG [OpFlag.cpp:591] @ 674.774s :SkimDiff: 0 Adjust: 0 State: 0 EMax: 12145 Emin: 3208
DEBUG [IRImager.cpp:1176] @ 689.366s :Automatic control of shutter flag
DEBUG [IRImager.cpp:1176] @ 709.51s :Automatic control of shutter flag
DEBUG [OpFlag.cpp:591] @ 709.958s :SkimDiff: 0 Adjust: 0 State: 0 EMax: 12133 Emin: 3172
DEBUG [IRImager.cpp:1176] @ 724.598s :Automatic control of shutter flag
DEBUG [IRImager.cpp:1176] @ 739.67s :Automatic control of shutter flag
DEBUG [OpFlag.cpp:591] @ 740.101s :SkimDiff: 0 Adjust: 0 State: 0 EMax: 12120 Emin: 3141
DEBUG [IRImager.cpp:1176] @ 764.358s :Automatic control of shutter flag
DEBUG [IRImager.cpp:1176] @ 779.43s :Automatic control of shutter flag
DEBUG [OpFlag.cpp:591] @ 779.861s :SkimDiff: 0 Adjust: 0 State: 0 EMax: 12082 Emin: 3081
DEBUG [IRImager.cpp:1176] @ 794.646s :Automatic control of shutter flag
DEBUG [IRImager.cpp:1176] @ 821.447s :Automatic control of shutter flag
DEBUG [OpFlag.cpp:591] @ 821.931s :SkimDiff: 0 Adjust: 0 State: 0 EMax: 12073 Emin: 3039
DEBUG [IRImager.cpp:1176] @ 838.373s :Automatic control of shutter flag
DEBUG [IRImager.cpp:1176] @ 855.829s :Automatic control of shutter flag
DEBUG [OpFlag.cpp:591] @ 856.282s :SkimDiff: 0 Adjust: 0 State: 0 EMax: 12044 Emin: 3009
DEBUG [IRImager.cpp:1176] @ 880.55s :Automatic control of shutter flag
DEBUG [IRImager.cpp:1176] @ 898.517s :Automatic control of shutter flag
DEBUG [OpFlag.cpp:591] @ 898.998s :SkimDiff: 0 Adjust: 0 State: 0 EMax: 12030 Emin: 2960
DEBUG [IRImager.cpp:1176] @ 913.594s :Automatic control of shutter flag
DEBUG [IRImager.cpp:1176] @ 930.118s :Automatic control of shutter flag
DEBUG [OpFlag.cpp:591] @ 930.566s :SkimDiff: 0 Adjust: 0 State: 0 EMax: 12009 Emin: 2934
DEBUG [IRImager.cpp:1176] @ 949.83s :Automatic control of shutter flag
DEBUG [IRImager.cpp:1176] @ 965.126s :Automatic control of shutter flag
DEBUG [OpFlag.cpp:591] @ 965.573s :SkimDiff: 0 Adjust: 0 State: 0 EMax: 12000 Emin: 2905
DEBUG [IRImager.cpp:1176] @ 980.821s :Automatic control of shutter flag
DEBUG [IRImager.cpp:1176] @ 997.206s :Automatic control of shutter flag
DEBUG [OpFlag.cpp:591] @ 997.638s :SkimDiff: 0 Adjust: 0 State: 0 EMax: 11977 Emin: 2869
DEBUG [IRImager.cpp:1176] @ 1014.25s :Automatic control of shutter flag
DEBUG [IRImager.cpp:1176] @ 1034.47s :Automatic control of shutter flag
DEBUG [OpFlag.cpp:591] @ 1034.92s :SkimDiff: 0 Adjust: 0 State: 0 EMax: 11966 Emin: 2844
DEBUG [IRImager.cpp:1176] @ 1050.58s :Automatic control of shutter flag
DEBUG [IRImager.cpp:1176] @ 1068.26s :Automatic control of shutter flag
DEBUG [OpFlag.cpp:591] @ 1068.69s :SkimDiff: 0 Adjust: 0 State: 0 EMax: 11951 Emin: 2813
DEBUG [IRImager.cpp:1176] @ 1096.18s :Automatic control of shutter flag
DEBUG [IRImager.cpp:1176] @ 1123.16s :Automatic control of shutter flag
DEBUG [OpFlag.cpp:591] @ 1123.61s :SkimDiff: 0 Adjust: 0 State: 0 EMax: 11930 Emin: 2758
DEBUG [IRImager.cpp:1176] @ 1141.88s :Automatic control of shutter flag
DEBUG [IRImager.cpp:1176] @ 1160.44s :Automatic control of shutter flag
DEBUG [OpFlag.cpp:591] @ 1160.89s :SkimDiff: 0 Adjust: 0 State: 0 EMax: 11904 Emin: 2733
DEBUG [IRImager.cpp:1176] @ 1179.89s :Automatic control of shutter flag
DEBUG [IRImager.cpp:1176] @ 1196.48s :Automatic control of shutter flag
DEBUG [OpFlag.cpp:591] @ 1196.93s :SkimDiff: 0 Adjust: 0 State: 0 EMax: 11884 Emin: 2712
DEBUG [IRImager.cpp:1176] @ 1222.02s :Automatic control of shutter flag
DEBUG [IRImager.cpp:1176] @ 1241.7s :Automatic control of shutter flag
DEBUG [OpFlag.cpp:591] @ 1242.15s :SkimDiff: 0 Adjust: 0 State: 0 EMax: 11883 Emin: 2664
DEBUG [IRImager.cpp:1176] @ 1264.65s :Automatic control of shutter flag
DEBUG [IRImager.cpp:1176] @ 1288.33s :Automatic control of shutter flag
DEBUG [OpFlag.cpp:591] @ 1288.78s :SkimDiff: 0 Adjust: 0 State: 0 EMax: 11848 Emin: 2634
DEBUG [IRImager.cpp:1176] @ 1308.23s :Automatic control of shutter flag
DEBUG [IRImager.cpp:1176] @ 1345.06s :Automatic control of shutter flag
DEBUG [OpFlag.cpp:591] @ 1345.52s :SkimDiff: 0 Adjust: 0 State: 0 EMax: 11837 Emin: 2599
DEBUG [IRImager.cpp:1176] @ 1373.38s :Automatic control of shutter flag
DEBUG [IRImager.cpp:1176] @ 1399.78s :Automatic control of shutter flag
DEBUG [OpFlag.cpp:591] @ 1400.23s :SkimDiff: 0 Adjust: 0 State: 0 EMax: 11813 Emin: 2555
DEBUG [IRImager.cpp:1176] @ 1420.34s :Automatic control of shutter flag
DEBUG [IRImager.cpp:1176] @ 1448.9s :Automatic control of shutter flag
DEBUG [OpFlag.cpp:591] @ 1449.35s :SkimDiff: 0 Adjust: 0 State: 0 EMax: 11787 Emin: 2512
DEBUG [IRImager.cpp:1176] @ 1493.27s :Automatic control of shutter flag
DEBUG [IRImager.cpp:1176] @ 1518.21s :Automatic control of shutter flag
DEBUG [OpFlag.cpp:591] @ 1518.66s :SkimDiff: 0 Adjust: 0 State: 0 EMax: 11765 Emin: 2486
DEBUG [IRImager.cpp:1176] @ 1550.13s :Automatic control of shutter flag
DEBUG [IRImager.cpp:1176] @ 1577.09s :Automatic control of shutter flag
DEBUG [OpFlag.cpp:591] @ 1577.54s :SkimDiff: 0 Adjust: 0 State: 0 EMax: 11752 Emin: 2453
DEBUG [IRImager.cpp:1176] @ 1607.49s :Automatic control of shutter flag
DEBUG [IRImager.cpp:1176] @ 1632.49s :Automatic control of shutter flag
DEBUG [OpFlag.cpp:591] @ 1632.93s :SkimDiff: 0 Adjust: 0 State: 0 EMax: 11742 Emin: 2421
DEBUG [IRImager.cpp:1176] @ 1668.05s :Automatic control of shutter flag
DEBUG [IRImager.cpp:1176] @ 1698.34s :Automatic control of shutter flag
DEBUG [OpFlag.cpp:591] @ 1698.79s :SkimDiff: 0 Adjust: 0 State: 0 EMax: 11724 Emin: 2374
DEBUG [IRImager.cpp:1176] @ 1731.72s :Automatic control of shutter flag
DEBUG [IRImager.cpp:1176] @ 1772.21s :Automatic control of shutter flag
DEBUG [OpFlag.cpp:591] @ 1772.66s :SkimDiff: 0 Adjust: 0 State: 0 EMax: 11697 Emin: 2338
DEBUG [IRImager.cpp:1176] @ 1825.27s :Automatic control of shutter flag
DEBUG [IRImager.cpp:1176] @ 1870.42s :Automatic control of shutter flag
DEBUG [OpFlag.cpp:591] @ 1870.86s :SkimDiff: 0 Adjust: 0 State: 0 EMax: 11677 Emin: 2291
DEBUG [IRImager.cpp:1176] @ 1904.23s :Automatic control of shutter flag
DEBUG [IRImager.cpp:1176] @ 1945.22s :Automatic control of shutter flag
DEBUG [OpFlag.cpp:591] @ 1945.67s :SkimDiff: 0 Adjust: 0 State: 0 EMax: 11653 Emin: 2268
DEBUG [IRImager.cpp:1176] @ 1994.45s :Automatic control of shutter flag
DEBUG [IRImager.cpp:1176] @ 2061.24s :Automatic control of shutter flag
DEBUG [OpFlag.cpp:591] @ 2061.69s :SkimDiff: 0 Adjust: 0 State: 0 EMax: 11632 Emin: 2220
DEBUG [IRImager.cpp:1176] @ 2110.1s :Automatic control of shutter flag
DEBUG [IRImager.cpp:1176] @ 2190.89s :Automatic control of shutter flag
DEBUG [OpFlag.cpp:591] @ 2191.32s :SkimDiff: 0 Adjust: 0 State: 0 EMax: 11600 Emin: 2161
DEBUG [IRImager.cpp:1176] @ 2250.47s :Automatic control of shutter flag
DEBUG [IRImager.cpp:1176] @ 2321.97s :Automatic control of shutter flag
DEBUG [OpFlag.cpp:591] @ 2322.41s :SkimDiff: 0 Adjust: 0 State: 0 EMax: 11587 Emin: 2120
DEBUG [IRImager.cpp:1176] @ 2410.21s :Automatic control of shutter flag
DEBUG [IRImager.cpp:1176] @ 2469.06s :Automatic control of shutter flag
DEBUG [OpFlag.cpp:591] @ 2469.51s :SkimDiff: 0 Adjust: 0 State: 0 EMax: 11561 Emin: 2080
DEBUG [IRImager.cpp:1176] @ 2532.31s :Automatic control of shutter flag
DEBUG [IRImager.cpp:1176] @ 2594.42s :Automatic control of shutter flag
DEBUG [OpFlag.cpp:591] @ 2594.87s :SkimDiff: 0 Adjust: 0 State: 0 EMax: 11529 Emin: 2042
DEBUG [IRImager.cpp:1176] @ 2697.08s :Automatic control of shutter flag
DEBUG [IRImager.cpp:1176] @ 2793.86s :Automatic control of shutter flag
DEBUG [OpFlag.cpp:591] @ 2794.31s :SkimDiff: 0 Adjust: 0 State: 0 EMax: 11523 Emin: 1999
DEBUG [IRImager.cpp:1176] @ 2863.7s :Automatic control of shutter flag
DEBUG [IRImager.cpp:1176] @ 2983.38s :Automatic control of shutter flag
DEBUG [OpFlag.cpp:591] @ 2983.83s :SkimDiff: 0 Adjust: 0 State: 0 EMax: 11494 Emin: 1959
DEBUG [IRImager.cpp:1176] @ 3179.85s :Automatic control of shutter flag
DEBUG [IRImager.cpp:1176] @ 3797.54s :Automatic control of shutter flag
DEBUG [OpFlag.cpp:591] @ 3797.99s :SkimDiff: 0 Adjust: 0 State: 0 EMax: 11464 Emin: 1912
DEBUG [IRImager.cpp:1176] @ 4150.45s :Automatic control of shutter flag
DEBUG [IRImager.cpp:1176] @ 5003.35s :Automatic control of shutter flag
DEBUG [OpFlag.cpp:591] @ 5003.8s :SkimDiff: 0 Adjust: 0 State: 0 EMax: 11456 Emin: 1872
DEBUG [IRImager.cpp:662] @ 5990.81s :Release imager
DEBUG [BaseControlDevice.cpp:26] @ 5990.84s :Base destructor called
DEBUG [IRImager.cpp:669] @ 5990.84s :Delete image processing
DEBUG [IRImager.cpp:676] @ 5990.86s :Delete buffer
DEBUG [IRImager.cpp:684] @ 5990.86s :Delete source buffer
DEBUG [IRImager.cpp:691] @ 5990.86s :Delete buffer (energy)
DEBUG [IRImager.cpp:698] @ 5990.86s :Delete timer
DEBUG [IRImager.cpp:704] @ 5990.86s :Delete manual timer
