DEBUG [IRLogger.cpp:105] @ 0.0003216s :***************************************************
DEBUG [IRLogger.cpp:106] @ 0.000434s :* IRImagerDirect SDK                              *
DEBUG [IRLogger.cpp:107] @ 0.0004875s :***************************************************
DEBUG [IRLogger.cpp:108] @ 0.0005342s :* Version:             8.8.1
DEBUG [IRLogger.cpp:109] @ 0.0005805s :* Commit Date:         Wed Nov 17 11:55:39 2021
DEBUG [IRLogger.cpp:110] @ 0.0006253s :* Commit Branch:       master
DEBUG [IRLogger.cpp:111] @ 0.0006739s :* Commit Hash:         71552585
DEBUG [IRLogger.cpp:113] @ 0.0010846s :* Native Machine:      AMD64
DEBUG [IRLogger.cpp:114] @ 0.0011258s :* Machine:             AMD64
DEBUG [IRLogger.cpp:116] @ 0.0011715s :* OS:                  Windows 10 0 19043
DEBUG [IRLogger.cpp:123] @ 0.0011981s :***************************************************
WARNING [IRDeviceParams.cpp:198] @ 0.0019247s :XML parameter 'average' is deprecated and is not supported anymore.
DEBUG [IRDeviceParams.cpp:220] @ 0.0019656s :Parameters
DEBUG [IRDeviceParams.cpp:221] @ 0.0019933s :serial: 0
DEBUG [IRDeviceParams.cpp:222] @ 0.0020197s :videoformatindex: 0
DEBUG [IRDeviceParams.cpp:223] @ 0.0020772s :fov: 0
DEBUG [IRDeviceParams.cpp:224] @ 0.0021104s :optics_text: 0000000000000000
DEBUG [IRDeviceParams.cpp:225] @ 0.0021643s :formatspath: 000001F1911A3460
DEBUG [IRDeviceParams.cpp:226] @ 0.0021972s :calipath: 0000000000000000
DEBUG [IRDeviceParams.cpp:227] @ 0.0022232s :temperature min: 0
DEBUG [IRDeviceParams.cpp:228] @ 0.0022843s :temperature max: 0
DEBUG [IRDeviceParams.cpp:229] @ 0.0023139s :framerate: 20
DEBUG [IRDeviceParams.cpp:230] @ 0.0023611s :bispectral: 0
DEBUG [IRDeviceParams.cpp:231] @ 0.0023957s :flag automatic: 1
DEBUG [IRDeviceParams.cpp:232] @ 0.0024667s :min interval: 15
DEBUG [IRDeviceParams.cpp:233] @ 0.0024988s :max interval: 0
DEBUG [IRDeviceParams.cpp:234] @ 0.002525s :chip heating mode: 0
DEBUG [IRDeviceParams.cpp:235] @ 0.0025807s :chip heating fixed val: 40
DEBUG [IRDeviceParams.cpp:236] @ 0.0026143s :focus:  50
DEBUG [IRDeviceParams.cpp:237] @ 0.0026684s :enable extended temp range: 0
DEBUG [IRDeviceParams.cpp:238] @ 0.0027021s :buffer queue size: 5
DEBUG [IRDeviceParams.cpp:239] @ 0.0027666s :enable high precision: 0
DEBUG [IRDeviceParams.cpp:240] @ 0.0027985s :radialDistortionCorrectionMode: 0
DEBUG [IRDeviceParams.cpp:241] @ 0.0028249s :deviceAPI: 0
DEBUG [IRDeviceParams.cpp:242] @ 0.0028819s :useExternalProbeForReferencing: 0
DEBUG [IRDeviceParams.cpp:243] @ 0.0029139s :enableMultiThreading: 0
DEBUG [IRDeviceParams.cpp:244] @ 0.0029621s :deviceIpAddress: 0.0.0.0
DEBUG [IRDeviceParams.cpp:245] @ 0.0029946s :localUdpPort: 0
DEBUG [Cali.cpp:87] @ 0.0892743s :Calibration directory path: C:\Users\lupus\AppData\Roaming\Imager\Cali
DEBUG [Cali.cpp:88] @ 0.0893145s :Calibration file name: Cali-20064016.xml
DEBUG [Cali.cpp:98] @ 0.0897304s :Calibration data A: 1450 B:400 C:4095 D:1000
INFO [IRImager.cpp:263] @ 0.0907194s :Init thermal imager to 20064016 with size: 382x290@27 Hz
DEBUG [Cali.cpp:87] @ 0.0910973s :Calibration directory path: C:\Users\lupus\AppData\Roaming\Imager\Cali
DEBUG [Cali.cpp:88] @ 0.0911205s :Calibration file name: Cali-20064016.xml
DEBUG [Cali.cpp:98] @ 0.0914933s :Calibration data A: 1450 B:400 C:4095 D:1000
DEBUG [Cali.cpp:87] @ 0.0924589s :Calibration directory path: C:\Users\lupus\AppData\Roaming\Imager\Cali
DEBUG [Cali.cpp:88] @ 0.0924945s :Calibration file name: Cali-20064016.xml
DEBUG [Cali.cpp:98] @ 0.0930954s :Calibration data A: 1450 B:400 C:4095 D:1000
DEBUG [IRImager.cpp:297] @ 0.0932352s :No temperature range configuration specified. Setting default values tMin: -20 , tMax: 100
DEBUG [IRImager.cpp:372] @ 0.0939784s :Using HID control interface
DEBUG [IRImager.cpp:412] @ 0.112743s :Initialized HID control interface to device with HW:3400 FW:3432
DEBUG [IRImager.cpp:1367] @ 0.114403s :Set focusmotor position to 50%
DEBUG [IRImager.cpp:433] @ 0.114459s :Frameconfig - width(in): 382, height(in): 290, interval: 370370, max framerate: 27, HW interval: 0.037037
DEBUG [Cali.cpp:87] @ 0.114558s :Calibration directory path: C:\Users\lupus\AppData\Roaming\Imager\Cali
DEBUG [Cali.cpp:88] @ 0.114591s :Calibration file name: Cali-20064016.xml
DEBUG [Cali.cpp:98] @ 0.115167s :Calibration data A: 1450 B:400 C:4095 D:1000
DEBUG [ImageProcessing.cpp:192] @ 0.119508s :Source buffer size: 221560 Width: 382 Height: 290
DEBUG [ImageProcessing.cpp:115] @ 0.166137s :Source buffer size: 221560 Width: 382 Height: 290
DEBUG [OpSource.cpp:334] @ 0.166309s :Using formats path: .\\Formats.def
DEBUG [OpSource.cpp:563] @ 0.166745s :Format found with size: 382
DEBUG [IRImager.cpp:845] @ 0.167438s :Caught onFrameInit with size: 382x288
DEBUG [OpSource.cpp:334] @ 0.168873s :Using formats path: .\\Formats.def
DEBUG [OpSource.cpp:563] @ 0.169284s :Format found with size: 382
DEBUG [OpSource.cpp:334] @ 0.169393s :Using formats path: .\\Formats.def
DEBUG [OpCorr.cpp:465] @ 0.172226s :Read cali: C:\Users\lupus\AppData\Roaming\Imager\Cali\Cali-20064016-53-M20-100.dat
DEBUG [OpCorr.cpp:555] @ 0.172397s :Read calibration of camera no 20064016, # of fields: 6 , start of fields: 40
DEBUG [ImageProcessing.cpp:1095] @ 0.478621s :Update flag temperature: 34
DEBUG [ImageProcessing.cpp:1098] @ 0.480496s :Update box temperature: 34
DEBUG [Cali.cpp:601] @ 0.480559s :Calibration file path: 000001F1913457E4/00000051009ACD30.xml
DEBUG [SimpleXML.cpp:238] @ 0.480755s :Failed to open file C:\Users\lupus\AppData\Roaming\Imager\Cali\CaliExt-20064016.xml
DEBUG [IRImager.cpp:547] @ 0.492236s :Chip heating disabled
DEBUG [IRImager.cpp:1102] @ 0.618902s :Start direct autoskim calibration
DEBUG [OpFlag.cpp:591] @ 5.62877s :SkimDiff: -3 Adjust: -1895 State: 4 EMax: 10965 Emin: 1544
DEBUG [OpFlag.cpp:655] @ 5.62911s :SetSkim direct:2387 Diff:-1
DEBUG [OpFlag.cpp:591] @ 5.81747s :SkimDiff: -2 Adjust: -958 State: 4 EMax: 11920 Emin: 2463
DEBUG [OpFlag.cpp:655] @ 5.81757s :SetSkim direct:2386 Diff:-1
DEBUG [OpFlag.cpp:591] @ 5.99256s :SkimDiff: -1 Adjust: -72 State: 4 EMax: 12820 Emin: 3335
DEBUG [OpFlag.cpp:655] @ 5.99262s :SetSkim direct:2385 Diff:-1
DEBUG [OpFlag.cpp:591] @ 6.18719s :SkimDiff: -1 Adjust: -114 State: 4 EMax: 12773 Emin: 3299
DEBUG [OpFlag.cpp:655] @ 6.18728s :SetSkim direct:2384 Diff:-1
DEBUG [OpFlag.cpp:591] @ 6.36027s :SkimDiff: 2 Adjust: 1352 State: 4 EMax: 14453 Emin: 4551
DEBUG [OpFlag.cpp:655] @ 6.36034s :SetSkim direct:2385 Diff:1
DEBUG [OpFlag.cpp:591] @ 6.55206s :SkimDiff: 1 Adjust: 609 State: 4 EMax: 13506 Emin: 4013
DEBUG [OpFlag.cpp:655] @ 6.5521s :SetSkim direct:2386 Diff:1
DEBUG [OpFlag.cpp:591] @ 6.74418s :SkimDiff: -1 Adjust: -125 State: 4 EMax: 12785 Emin: 3264
DEBUG [OpFlag.cpp:591] @ 6.77672s :SkimDiff: -1 Adjust: -104 State: 4 EMax: 12769 Emin: 3322
DEBUG [OpFlag.cpp:591] @ 6.80837s :SkimDiff: -1 Adjust: -94 State: 4 EMax: 12797 Emin: 3315
DEBUG [OpFlag.cpp:591] @ 6.85645s :SkimDiff: -1 Adjust: -260 State: 4 EMax: 12760 Emin: 3020
DEBUG [OpFlag.cpp:591] @ 6.88848s :SkimDiff: -1 Adjust: -406 State: 4 EMax: 12472 Emin: 3016
DEBUG [OpFlag.cpp:591] @ 6.92038s :SkimDiff: -1 Adjust: -400 State: 4 EMax: 12473 Emin: 3027
INFO [IRImager.cpp:1191] @ 6.92095s :AutoSkim Operation finished
DEBUG [IRImager.cpp:1111] @ 6.92243s :Start flag calibration
DEBUG [IRImager.cpp:1125] @ 9.96039s :Finished startup calibration
DEBUG [IRImager.cpp:1176] @ 25.0482s :Automatic control of shutter flag
DEBUG [OpFlag.cpp:591] @ 25.4803s :SkimDiff: 0 Adjust: 0 State: 0 EMax: 12451 Emin: 3009
DEBUG [IRImager.cpp:1176] @ 91.6408s :Automatic control of shutter flag
DEBUG [IRImager.cpp:1176] @ 142.76s :Automatic control of shutter flag
DEBUG [OpFlag.cpp:591] @ 143.209s :SkimDiff: 0 Adjust: 0 State: 0 EMax: 12431 Emin: 2959
DEBUG [IRImager.cpp:1176] @ 164.893s :Automatic control of shutter flag
DEBUG [IRImager.cpp:1176] @ 212.012s :Automatic control of shutter flag
DEBUG [OpFlag.cpp:591] @ 212.44s :SkimDiff: 0 Adjust: 0 State: 0 EMax: 12407 Emin: 2934
DEBUG [IRImager.cpp:1176] @ 295.801s :Automatic control of shutter flag
DEBUG [IRImager.cpp:1176] @ 356.007s :Automatic control of shutter flag
DEBUG [OpFlag.cpp:591] @ 356.456s :SkimDiff: 0 Adjust: 0 State: 0 EMax: 12378 Emin: 2902
DEBUG [IRImager.cpp:1176] @ 434.236s :Automatic control of shutter flag
DEBUG [IRImager.cpp:1176] @ 501.721s :Automatic control of shutter flag
DEBUG [OpFlag.cpp:591] @ 502.168s :SkimDiff: 0 Adjust: 0 State: 0 EMax: 12378 Emin: 2864
DEBUG [IRImager.cpp:1176] @ 566.503s :Automatic control of shutter flag
DEBUG [IRImager.cpp:1176] @ 614.664s :Automatic control of shutter flag
DEBUG [OpFlag.cpp:591] @ 615.112s :SkimDiff: 0 Adjust: 0 State: 0 EMax: 12351 Emin: 2819
DEBUG [IRImager.cpp:1176] @ 661.481s :Automatic control of shutter flag
DEBUG [IRImager.cpp:1176] @ 725.224s :Automatic control of shutter flag
DEBUG [OpFlag.cpp:591] @ 725.656s :SkimDiff: 0 Adjust: 0 State: 0 EMax: 12336 Emin: 2773
DEBUG [IRImager.cpp:1176] @ 784.28s :Automatic control of shutter flag
DEBUG [IRImager.cpp:1176] @ 805.704s :Automatic control of shutter flag
DEBUG [OpFlag.cpp:591] @ 806.152s :SkimDiff: 0 Adjust: 0 State: 0 EMax: 12331 Emin: 2762
DEBUG [IRImager.cpp:1176] @ 834.695s :Automatic control of shutter flag
DEBUG [IRImager.cpp:1176] @ 920.872s :Automatic control of shutter flag
DEBUG [OpFlag.cpp:591] @ 921.304s :SkimDiff: 0 Adjust: 0 State: 0 EMax: 12306 Emin: 2713
DEBUG [IRImager.cpp:1176] @ 946.329s :Automatic control of shutter flag
DEBUG [IRImager.cpp:1176] @ 977.737s :Automatic control of shutter flag
DEBUG [OpFlag.cpp:591] @ 978.186s :SkimDiff: 0 Adjust: 0 State: 0 EMax: 12300 Emin: 2712
