DEBUG [IRLogger.cpp:105] @ 0.0029733s :***************************************************
DEBUG [IRLogger.cpp:106] @ 0.0031513s :* IRImagerDirect SDK                              *
DEBUG [IRLogger.cpp:107] @ 0.0032105s :***************************************************
DEBUG [IRLogger.cpp:108] @ 0.0033972s :* Version:             8.8.1
DEBUG [IRLogger.cpp:109] @ 0.0034651s :* Commit Date:         Wed Nov 17 11:55:39 2021
DEBUG [IRLogger.cpp:110] @ 0.0035061s :* Commit Branch:       master
DEBUG [IRLogger.cpp:111] @ 0.0035848s :* Commit Hash:         71552585
DEBUG [IRLogger.cpp:113] @ 0.0042289s :* Native Machine:      AMD64
DEBUG [IRLogger.cpp:114] @ 0.0042776s :* Machine:             AMD64
DEBUG [IRLogger.cpp:116] @ 0.0043178s :* OS:                  Windows 10 0 19043
DEBUG [IRLogger.cpp:123] @ 0.0043434s :***************************************************
WARNING [IRDeviceParams.cpp:198] @ 0.0071877s :XML parameter 'average' is deprecated and is not supported anymore.
DEBUG [IRDeviceParams.cpp:220] @ 0.0152129s :Parameters
DEBUG [IRDeviceParams.cpp:221] @ 0.0181637s :serial: 0
DEBUG [IRDeviceParams.cpp:222] @ 0.0214639s :videoformatindex: 0
DEBUG [IRDeviceParams.cpp:223] @ 0.0216089s :fov: 0
DEBUG [IRDeviceParams.cpp:224] @ 0.028468s :optics_text: 0000000000000000
DEBUG [IRDeviceParams.cpp:225] @ 0.0289782s :formatspath: 0000019E1E29BAB0
DEBUG [IRDeviceParams.cpp:226] @ 0.0295396s :calipath: 0000019E409D6C40
DEBUG [IRDeviceParams.cpp:227] @ 0.0308847s :temperature min: 0
DEBUG [IRDeviceParams.cpp:228] @ 0.0323549s :temperature max: 250
DEBUG [IRDeviceParams.cpp:229] @ 0.0397308s :framerate: 20
DEBUG [IRDeviceParams.cpp:230] @ 0.054997s :bispectral: 0
DEBUG [IRDeviceParams.cpp:231] @ 0.0550449s :flag automatic: 1
DEBUG [IRDeviceParams.cpp:232] @ 0.0550737s :min interval: 15
DEBUG [IRDeviceParams.cpp:233] @ 0.0550996s :max interval: 0
DEBUG [IRDeviceParams.cpp:234] @ 0.0551242s :chip heating mode: 0
DEBUG [IRDeviceParams.cpp:235] @ 0.0553286s :chip heating fixed val: 40
DEBUG [IRDeviceParams.cpp:236] @ 0.0553603s :focus:  70
DEBUG [IRDeviceParams.cpp:237] @ 0.0553875s :enable extended temp range: 0
DEBUG [IRDeviceParams.cpp:238] @ 0.0554138s :buffer queue size: 5
DEBUG [IRDeviceParams.cpp:239] @ 0.0554399s :enable high precision: 0
DEBUG [IRDeviceParams.cpp:240] @ 0.0554713s :radialDistortionCorrectionMode: 0
DEBUG [IRDeviceParams.cpp:241] @ 0.0554974s :deviceAPI: 0
DEBUG [IRDeviceParams.cpp:242] @ 0.0555355s :useExternalProbeForReferencing: 0
DEBUG [IRDeviceParams.cpp:243] @ 0.0555619s :enableMultiThreading: 0
DEBUG [IRDeviceParams.cpp:244] @ 0.0555884s :deviceIpAddress: 0.0.0.0
DEBUG [IRDeviceParams.cpp:245] @ 0.0556132s :localUdpPort: 0
DEBUG [Cali.cpp:87] @ 0.198681s :Calibration directory path: C:\Users\lupus\AppData\Roaming\Imager\Cali
DEBUG [Cali.cpp:88] @ 0.198722s :Calibration file name: Cali-20064016.xml
DEBUG [Cali.cpp:98] @ 0.199154s :Calibration data A: 1450 B:400 C:4095 D:1000
INFO [IRImager.cpp:263] @ 0.200149s :Init thermal imager to 20064016 with size: 382x290@27 Hz
DEBUG [Cali.cpp:87] @ 0.200421s :Calibration directory path: C:\Users\lupus\AppData\Roaming\Imager\Cali
DEBUG [Cali.cpp:88] @ 0.200444s :Calibration file name: Cali-20064016.xml
DEBUG [Cali.cpp:98] @ 0.200833s :Calibration data A: 1450 B:400 C:4095 D:1000
DEBUG [IRImager.cpp:372] @ 0.201906s :Using HID control interface
DEBUG [IRImager.cpp:412] @ 0.219895s :Initialized HID control interface to device with HW:3400 FW:3432
DEBUG [IRImager.cpp:1367] @ 0.221645s :Set focusmotor position to 70%
DEBUG [IRImager.cpp:433] @ 0.221686s :Frameconfig - width(in): 382, height(in): 290, interval: 370370, max framerate: 27, HW interval: 0.037037
DEBUG [Cali.cpp:87] @ 0.221712s :Calibration directory path: C:\Users\lupus\AppData\Roaming\Imager\Cali
DEBUG [Cali.cpp:88] @ 0.22173s :Calibration file name: Cali-20064016.xml
DEBUG [Cali.cpp:98] @ 0.22221s :Calibration data A: 1450 B:400 C:4095 D:1000
DEBUG [ImageProcessing.cpp:192] @ 0.22665s :Source buffer size: 221560 Width: 382 Height: 290
DEBUG [ImageProcessing.cpp:115] @ 0.274451s :Source buffer size: 221560 Width: 382 Height: 290
DEBUG [OpSource.cpp:334] @ 0.274697s :Using formats path: .\\Formats.def
DEBUG [OpSource.cpp:563] @ 0.275236s :Format found with size: 382
DEBUG [IRImager.cpp:845] @ 0.275995s :Caught onFrameInit with size: 382x288
DEBUG [OpSource.cpp:334] @ 0.27758s :Using formats path: .\\Formats.def
DEBUG [OpSource.cpp:563] @ 0.278079s :Format found with size: 382
DEBUG [OpSource.cpp:334] @ 0.278231s :Using formats path: .\\Formats.def
DEBUG [OpCorr.cpp:465] @ 0.281002s :Read cali: C:\Users\lupus\AppData\Roaming\Imager\Cali\Cali-20064016-53-0-250.dat
DEBUG [OpCorr.cpp:555] @ 0.281179s :Read calibration of camera no 20064016, # of fields: 6 , start of fields: 40
DEBUG [ImageProcessing.cpp:1095] @ 0.599444s :Update flag temperature: 27.5625
DEBUG [ImageProcessing.cpp:1098] @ 0.601559s :Update box temperature: 27.5625
DEBUG [Cali.cpp:601] @ 0.601597s :Calibration file path: 0000019E40A822C4/0000006E2391D240.xml
DEBUG [SimpleXML.cpp:238] @ 0.601722s :Failed to open file C:\Users\lupus\AppData\Roaming\Imager\Cali\CaliExt-20064016.xml
DEBUG [IRImager.cpp:547] @ 0.620558s :Chip heating disabled
DEBUG [IRImager.cpp:1102] @ 0.681387s :Start direct autoskim calibration
DEBUG [IRImager.cpp:1367] @ 0.865389s :Set focusmotor position to 60%
DEBUG [OpFlag.cpp:591] @ 5.68748s :SkimDiff: 3 Adjust: 884 State: 4 EMax: 13372 Emin: 4697
DEBUG [OpFlag.cpp:655] @ 5.68753s :SetSkim direct:2465 Diff:1
DEBUG [OpFlag.cpp:591] @ 5.87986s :SkimDiff: 3 Adjust: 648 State: 4 EMax: 13142 Emin: 4455
DEBUG [OpFlag.cpp:655] @ 5.87992s :SetSkim direct:2466 Diff:1
DEBUG [OpFlag.cpp:591] @ 6.05604s :SkimDiff: 2 Adjust: 420 State: 4 EMax: 12914 Emin: 4226
DEBUG [OpFlag.cpp:655] @ 6.0561s :SetSkim direct:2467 Diff:1
DEBUG [OpFlag.cpp:591] @ 6.24794s :SkimDiff: 1 Adjust: 141 State: 4 EMax: 12637 Emin: 3946
DEBUG [OpFlag.cpp:655] @ 6.248s :SetSkim direct:2468 Diff:1
DEBUG [OpFlag.cpp:591] @ 6.43995s :SkimDiff: -1 Adjust: -152 State: 4 EMax: 12325 Emin: 3670
DEBUG [OpFlag.cpp:591] @ 6.47147s :SkimDiff: -1 Adjust: -171 State: 4 EMax: 12316 Emin: 3641
DEBUG [OpFlag.cpp:591] @ 6.50345s :SkimDiff: -1 Adjust: -172 State: 4 EMax: 12310 Emin: 3646
DEBUG [OpFlag.cpp:591] @ 6.55152s :SkimDiff: -1 Adjust: -172 State: 4 EMax: 12312 Emin: 3643
INFO [IRImager.cpp:1191] @ 6.55183s :AutoSkim Operation finished
DEBUG [IRImager.cpp:1111] @ 6.55321s :Start flag calibration
DEBUG [IRImager.cpp:1125] @ 9.62418s :Finished startup calibration
DEBUG [IRImager.cpp:1176] @ 24.6643s :Automatic control of shutter flag
DEBUG [OpFlag.cpp:591] @ 25.1117s :SkimDiff: 0 Adjust: 0 State: 0 EMax: 12250 Emin: 3606
DEBUG [IRImager.cpp:1176] @ 39.7038s :Automatic control of shutter flag
DEBUG [IRImager.cpp:1176] @ 54.775s :Automatic control of shutter flag
DEBUG [OpFlag.cpp:591] @ 55.2075s :SkimDiff: 0 Adjust: 0 State: 0 EMax: 12220 Emin: 3578
DEBUG [IRImager.cpp:1176] @ 75.7034s :Automatic control of shutter flag
DEBUG [OpCorr.cpp:465] @ 85.6259s :Read cali: C:\Users\lupus\AppData\Roaming\Imager\Cali\Cali-20064016-53-M20-100.dat
DEBUG [OpCorr.cpp:555] @ 85.6621s :Read calibration of camera no 20064016, # of fields: 6 , start of fields: 40
DEBUG [ImageProcessing.cpp:1095] @ 85.9382s :Update flag temperature: 28.0625
DEBUG [ImageProcessing.cpp:1098] @ 85.9383s :Update box temperature: 27
DEBUG [Cali.cpp:601] @ 85.9383s :Calibration file path: 0000019E40A822C4/0000006E2391ED70.xml
DEBUG [SimpleXML.cpp:238] @ 85.9385s :Failed to open file C:\Users\lupus\AppData\Roaming\Imager\Cali\CaliExt-20064016.xml
DEBUG [OpFlag.cpp:591] @ 86.6637s :SkimDiff: -2 Adjust: -1405 State: 4 EMax: 11128 Emin: 2362
DEBUG [OpFlag.cpp:655] @ 86.6638s :SetSkim direct:2387 Diff:-1
DEBUG [OpFlag.cpp:591] @ 86.8399s :SkimDiff: 1 Adjust: 125 State: 4 EMax: 12640 Emin: 3911
DEBUG [OpFlag.cpp:591] @ 86.888s :SkimDiff: 1 Adjust: 121 State: 4 EMax: 12644 Emin: 3898
DEBUG [OpFlag.cpp:591] @ 86.9195s :SkimDiff: 1 Adjust: 124 State: 4 EMax: 12659 Emin: 3889
DEBUG [OpFlag.cpp:591] @ 86.952s :SkimDiff: -1 Adjust: -69 State: 4 EMax: 12534 Emin: 3628
DEBUG [OpFlag.cpp:655] @ 86.9521s :SetSkim direct:2386 Diff:-1
DEBUG [OpFlag.cpp:591] @ 87.1469s :SkimDiff: 2 Adjust: 872 State: 4 EMax: 13391 Emin: 4653
DEBUG [OpFlag.cpp:655] @ 87.147s :SetSkim direct:2387 Diff:1
DEBUG [OpFlag.cpp:591] @ 87.3359s :SkimDiff: 1 Adjust: 99 State: 4 EMax: 12614 Emin: 3885
DEBUG [OpFlag.cpp:591] @ 87.3681s :SkimDiff: 1 Adjust: 99 State: 4 EMax: 12639 Emin: 3860
DEBUG [OpFlag.cpp:591] @ 87.3999s :SkimDiff: -1 Adjust: -123 State: 4 EMax: 12418 Emin: 3635
DEBUG [OpFlag.cpp:591] @ 87.432s :SkimDiff: -1 Adjust: -159 State: 4 EMax: 12359 Emin: 3622
DEBUG [OpFlag.cpp:591] @ 87.48s :SkimDiff: -1 Adjust: -168 State: 4 EMax: 12353 Emin: 3610
DEBUG [OpFlag.cpp:591] @ 87.5124s :SkimDiff: -1 Adjust: -170 State: 4 EMax: 12350 Emin: 3610
DEBUG [OpFlag.cpp:591] @ 87.5438s :SkimDiff: -1 Adjust: -177 State: 4 EMax: 12350 Emin: 3596
DEBUG [OpFlag.cpp:591] @ 87.5918s :SkimDiff: -1 Adjust: -178 State: 4 EMax: 12337 Emin: 3606
DEBUG [OpFlag.cpp:591] @ 87.6239s :SkimDiff: -1 Adjust: -184 State: 4 EMax: 12335 Emin: 3596
DEBUG [OpFlag.cpp:591] @ 87.6555s :SkimDiff: -1 Adjust: -189 State: 4 EMax: 12333 Emin: 3588
DEBUG [OpFlag.cpp:591] @ 87.704s :SkimDiff: -1 Adjust: -194 State: 4 EMax: 12327 Emin: 3584
DEBUG [OpFlag.cpp:591] @ 87.7355s :SkimDiff: -1 Adjust: -199 State: 4 EMax: 12323 Emin: 3578
DEBUG [OpFlag.cpp:591] @ 87.768s :SkimDiff: -1 Adjust: -203 State: 4 EMax: 12321 Emin: 3573
DEBUG [OpFlag.cpp:591] @ 87.8156s :SkimDiff: -1 Adjust: -207 State: 4 EMax: 12315 Emin: 3570
DEBUG [OpFlag.cpp:591] @ 87.848s :SkimDiff: -1 Adjust: -210 State: 4 EMax: 12316 Emin: 3564
DEBUG [OpFlag.cpp:591] @ 87.88s :SkimDiff: -1 Adjust: -219 State: 4 EMax: 12306 Emin: 3556
DEBUG [OpFlag.cpp:591] @ 87.9275s :SkimDiff: -1 Adjust: -224 State: 4 EMax: 12302 Emin: 3550
DEBUG [OpFlag.cpp:591] @ 87.96s :SkimDiff: -1 Adjust: -229 State: 4 EMax: 12301 Emin: 3541
DEBUG [OpFlag.cpp:591] @ 87.992s :SkimDiff: -1 Adjust: -227 State: 4 EMax: 12300 Emin: 3546
DEBUG [OpFlag.cpp:591] @ 88.0402s :SkimDiff: -1 Adjust: -242 State: 4 EMax: 12276 Emin: 3540
DEBUG [OpFlag.cpp:591] @ 88.0717s :SkimDiff: -1 Adjust: -245 State: 4 EMax: 12273 Emin: 3537
DEBUG [OpFlag.cpp:591] @ 88.1041s :SkimDiff: -1 Adjust: -246 State: 4 EMax: 12271 Emin: 3536
DEBUG [OpFlag.cpp:591] @ 88.1516s :SkimDiff: -1 Adjust: -250 State: 4 EMax: 12264 Emin: 3536
DEBUG [OpFlag.cpp:591] @ 88.1839s :SkimDiff: -1 Adjust: -257 State: 4 EMax: 12255 Emin: 3531
INFO [IRImager.cpp:1191] @ 88.1842s :AutoSkim Operation finished
DEBUG [IRImager.cpp:1111] @ 88.186s :Start flag calibration
DEBUG [OpCorr.cpp:465] @ 90.4923s :Read cali: C:\Users\lupus\AppData\Roaming\Imager\Cali\Cali-20064016-53-0-250.dat
DEBUG [OpCorr.cpp:555] @ 90.4927s :Read calibration of camera no 20064016, # of fields: 6 , start of fields: 40
DEBUG [ImageProcessing.cpp:1095] @ 90.7687s :Update flag temperature: 28.0625
DEBUG [ImageProcessing.cpp:1098] @ 90.7688s :Update box temperature: 27
DEBUG [Cali.cpp:601] @ 90.7688s :Calibration file path: 0000019E40A822C4/0000006E2391ED70.xml
DEBUG [SimpleXML.cpp:238] @ 90.769s :Failed to open file C:\Users\lupus\AppData\Roaming\Imager\Cali\CaliExt-20064016.xml
DEBUG [OpFlag.cpp:591] @ 91.528s :SkimDiff: -3 Adjust: -776 State: 4 EMax: 11565 Emin: 3182
DEBUG [OpFlag.cpp:655] @ 91.528s :SetSkim direct:2463 Diff:-1
DEBUG [OpFlag.cpp:591] @ 91.7037s :SkimDiff: 4 Adjust: 1144 State: 4 EMax: 13636 Emin: 4953
DEBUG [OpFlag.cpp:655] @ 91.7038s :SetSkim direct:2464 Diff:1
DEBUG [OpFlag.cpp:591] @ 91.8955s :SkimDiff: 4 Adjust: 926 State: 4 EMax: 13421 Emin: 4731
DEBUG [OpFlag.cpp:655] @ 91.8955s :SetSkim direct:2465 Diff:1
DEBUG [OpFlag.cpp:591] @ 92.0878s :SkimDiff: 2 Adjust: 580 State: 4 EMax: 13068 Emin: 4392
DEBUG [OpFlag.cpp:655] @ 92.0879s :SetSkim direct:2466 Diff:1
DEBUG [OpFlag.cpp:591] @ 92.2635s :SkimDiff: 2 Adjust: 328 State: 4 EMax: 12830 Emin: 4127
DEBUG [OpFlag.cpp:655] @ 92.2635s :SetSkim direct:2467 Diff:1
DEBUG [OpFlag.cpp:591] @ 92.456s :SkimDiff: 1 Adjust: 229 State: 4 EMax: 12723 Emin: 4036
DEBUG [OpFlag.cpp:655] @ 92.4561s :SetSkim direct:2468 Diff:1
DEBUG [OpFlag.cpp:591] @ 92.6315s :SkimDiff: -1 Adjust: -153 State: 4 EMax: 12349 Emin: 3644
DEBUG [OpFlag.cpp:591] @ 92.6795s :SkimDiff: -1 Adjust: -292 State: 4 EMax: 12207 Emin: 3509
DEBUG [OpFlag.cpp:591] @ 92.712s :SkimDiff: -1 Adjust: -292 State: 4 EMax: 12201 Emin: 3514
DEBUG [OpFlag.cpp:591] @ 92.7435s :SkimDiff: -1 Adjust: -287 State: 4 EMax: 12210 Emin: 3515
DEBUG [OpFlag.cpp:591] @ 92.792s :SkimDiff: -1 Adjust: -288 State: 4 EMax: 12207 Emin: 3517
DEBUG [OpFlag.cpp:591] @ 92.824s :SkimDiff: -1 Adjust: -289 State: 4 EMax: 12208 Emin: 3513
DEBUG [OpFlag.cpp:591] @ 92.856s :SkimDiff: -1 Adjust: -287 State: 4 EMax: 12205 Emin: 3521
DEBUG [OpFlag.cpp:591] @ 92.904s :SkimDiff: -1 Adjust: -280 State: 4 EMax: 12214 Emin: 3526
DEBUG [OpFlag.cpp:591] @ 92.936s :SkimDiff: -1 Adjust: -279 State: 4 EMax: 12213 Emin: 3529
DEBUG [OpFlag.cpp:591] @ 92.968s :SkimDiff: -1 Adjust: -276 State: 4 EMax: 12217 Emin: 3530
DEBUG [OpFlag.cpp:591] @ 93.0159s :SkimDiff: -1 Adjust: -278 State: 4 EMax: 12214 Emin: 3530
DEBUG [OpFlag.cpp:591] @ 93.0475s :SkimDiff: -1 Adjust: -273 State: 4 EMax: 12221 Emin: 3533
DEBUG [OpFlag.cpp:591] @ 93.0795s :SkimDiff: -1 Adjust: -276 State: 4 EMax: 12219 Emin: 3529
DEBUG [OpFlag.cpp:591] @ 93.1118s :SkimDiff: -1 Adjust: -272 State: 4 EMax: 12220 Emin: 3536
DEBUG [OpFlag.cpp:591] @ 93.1598s :SkimDiff: -1 Adjust: -270 State: 4 EMax: 12226 Emin: 3534
DEBUG [OpFlag.cpp:591] @ 93.1919s :SkimDiff: -1 Adjust: -270 State: 4 EMax: 12226 Emin: 3534
DEBUG [OpFlag.cpp:591] @ 93.2239s :SkimDiff: -1 Adjust: -268 State: 4 EMax: 12226 Emin: 3538
DEBUG [OpFlag.cpp:591] @ 93.272s :SkimDiff: -1 Adjust: -268 State: 4 EMax: 12228 Emin: 3536
DEBUG [OpFlag.cpp:591] @ 93.304s :SkimDiff: -1 Adjust: -268 State: 4 EMax: 12225 Emin: 3539
DEBUG [OpFlag.cpp:591] @ 93.336s :SkimDiff: -1 Adjust: -265 State: 4 EMax: 12232 Emin: 3537
DEBUG [OpFlag.cpp:591] @ 93.3874s :SkimDiff: -1 Adjust: -267 State: 4 EMax: 12215 Emin: 3550
DEBUG [OpFlag.cpp:591] @ 93.4157s :SkimDiff: -1 Adjust: -270 State: 4 EMax: 12213 Emin: 3546
DEBUG [OpFlag.cpp:591] @ 93.4537s :SkimDiff: -1 Adjust: -269 State: 4 EMax: 12217 Emin: 3545
DEBUG [OpFlag.cpp:591] @ 93.4961s :SkimDiff: -1 Adjust: -263 State: 4 EMax: 12222 Emin: 3552
DEBUG [OpFlag.cpp:591] @ 93.528s :SkimDiff: -1 Adjust: -265 State: 4 EMax: 12222 Emin: 3547
INFO [IRImager.cpp:1191] @ 93.5284s :AutoSkim Operation finished
DEBUG [IRImager.cpp:1111] @ 93.5296s :Start flag calibration
DEBUG [IRImager.cpp:1125] @ 96.5677s :Finished startup calibration
DEBUG [OpFlag.cpp:591] @ 96.9359s :SkimDiff: 0 Adjust: 0 State: 0 EMax: 12259 Emin: 3589
DEBUG [OpCorr.cpp:465] @ 98.7298s :Read cali: C:\Users\lupus\AppData\Roaming\Imager\Cali\Cali-20064016-53-150-900.dat
DEBUG [OpCorr.cpp:555] @ 98.7523s :Read calibration of camera no 20064016, # of fields: 6 , start of fields: 40
DEBUG [ImageProcessing.cpp:1095] @ 99.0541s :Update flag temperature: 28.0625
DEBUG [ImageProcessing.cpp:1098] @ 99.0541s :Update box temperature: 27.0625
DEBUG [Cali.cpp:601] @ 99.0542s :Calibration file path: 0000019E40A822C4/0000006E2391ED70.xml
DEBUG [SimpleXML.cpp:238] @ 99.0543s :Failed to open file C:\Users\lupus\AppData\Roaming\Imager\Cali\CaliExt-20064016.xml
DEBUG [OpFlag.cpp:591] @ 99.7675s :SkimDiff: 20 Adjust: 1992 State: 4 EMax: 13741 Emin: 6544
DEBUG [OpFlag.cpp:655] @ 99.7676s :SetSkim direct:2527 Diff:1
DEBUG [OpFlag.cpp:591] @ 99.9439s :SkimDiff: 20 Adjust: 1920 State: 4 EMax: 13670 Emin: 6471
DEBUG [OpFlag.cpp:655] @ 99.944s :SetSkim direct:2528 Diff:1
DEBUG [OpFlag.cpp:591] @ 100.136s :SkimDiff: 19 Adjust: 1889 State: 4 EMax: 13636 Emin: 6442
DEBUG [OpFlag.cpp:655] @ 100.136s :SetSkim direct:2529 Diff:1
DEBUG [OpFlag.cpp:591] @ 100.328s :SkimDiff: 19 Adjust: 1812 State: 4 EMax: 13565 Emin: 6360
DEBUG [OpFlag.cpp:655] @ 100.328s :SetSkim direct:2530 Diff:1
DEBUG [OpFlag.cpp:591] @ 100.504s :SkimDiff: 18 Adjust: 1794 State: 4 EMax: 13546 Emin: 6342
DEBUG [OpFlag.cpp:655] @ 100.504s :SetSkim direct:2531 Diff:1
DEBUG [OpFlag.cpp:591] @ 100.696s :SkimDiff: 18 Adjust: 1719 State: 4 EMax: 13476 Emin: 6263
DEBUG [OpFlag.cpp:655] @ 100.696s :SetSkim direct:2532 Diff:1
DEBUG [OpFlag.cpp:591] @ 100.872s :SkimDiff: 17 Adjust: 1679 State: 4 EMax: 13440 Emin: 6218
DEBUG [OpFlag.cpp:655] @ 100.872s :SetSkim direct:2533 Diff:1
DEBUG [OpFlag.cpp:591] @ 101.064s :SkimDiff: 17 Adjust: 1629 State: 4 EMax: 13387 Emin: 6171
DEBUG [OpFlag.cpp:655] @ 101.064s :SetSkim direct:2534 Diff:1
DEBUG [OpFlag.cpp:591] @ 101.258s :SkimDiff: 16 Adjust: 1576 State: 4 EMax: 13335 Emin: 6118
DEBUG [OpFlag.cpp:655] @ 101.258s :SetSkim direct:2535 Diff:1
DEBUG [OpFlag.cpp:591] @ 101.432s :SkimDiff: 16 Adjust: 1537 State: 4 EMax: 13295 Emin: 6079
DEBUG [OpFlag.cpp:655] @ 101.432s :SetSkim direct:2536 Diff:1
DEBUG [OpFlag.cpp:591] @ 101.624s :SkimDiff: 15 Adjust: 1495 State: 4 EMax: 13254 Emin: 6037
DEBUG [OpFlag.cpp:655] @ 101.624s :SetSkim direct:2537 Diff:1
DEBUG [OpFlag.cpp:591] @ 101.8s :SkimDiff: 15 Adjust: 1429 State: 4 EMax: 13194 Emin: 5964
DEBUG [OpFlag.cpp:655] @ 101.8s :SetSkim direct:2538 Diff:1
DEBUG [OpFlag.cpp:591] @ 101.992s :SkimDiff: 15 Adjust: 1422 State: 4 EMax: 13185 Emin: 5960
DEBUG [OpFlag.cpp:655] @ 101.992s :SetSkim direct:2539 Diff:1
DEBUG [OpFlag.cpp:591] @ 102.183s :SkimDiff: 14 Adjust: 1343 State: 4 EMax: 13109 Emin: 5878
DEBUG [OpFlag.cpp:655] @ 102.184s :SetSkim direct:2540 Diff:1
DEBUG [OpFlag.cpp:591] @ 102.36s :SkimDiff: 14 Adjust: 1308 State: 4 EMax: 13075 Emin: 5841
DEBUG [OpFlag.cpp:655] @ 102.36s :SetSkim direct:2541 Diff:1
DEBUG [OpFlag.cpp:591] @ 102.552s :SkimDiff: 14 Adjust: 1302 State: 4 EMax: 13071 Emin: 5833
DEBUG [OpFlag.cpp:655] @ 102.552s :SetSkim direct:2542 Diff:1
DEBUG [OpFlag.cpp:591] @ 102.728s :SkimDiff: 13 Adjust: 1259 State: 4 EMax: 13024 Emin: 5794
DEBUG [OpFlag.cpp:655] @ 102.728s :SetSkim direct:2543 Diff:1
DEBUG [OpFlag.cpp:591] @ 102.92s :SkimDiff: 12 Adjust: 1166 State: 4 EMax: 12934 Emin: 5699
DEBUG [OpFlag.cpp:655] @ 102.92s :SetSkim direct:2544 Diff:1
DEBUG [OpFlag.cpp:591] @ 103.112s :SkimDiff: 12 Adjust: 1125 State: 4 EMax: 12892 Emin: 5659
DEBUG [OpFlag.cpp:655] @ 103.112s :SetSkim direct:2545 Diff:1
DEBUG [OpFlag.cpp:591] @ 103.288s :SkimDiff: 11 Adjust: 1060 State: 4 EMax: 12827 Emin: 5594
DEBUG [OpFlag.cpp:655] @ 103.288s :SetSkim direct:2546 Diff:1
DEBUG [OpFlag.cpp:591] @ 103.48s :SkimDiff: 11 Adjust: 1061 State: 4 EMax: 12826 Emin: 5596
DEBUG [OpFlag.cpp:655] @ 103.48s :SetSkim direct:2547 Diff:1
DEBUG [OpFlag.cpp:591] @ 103.656s :SkimDiff: 10 Adjust: 968 State: 4 EMax: 12733 Emin: 5503
DEBUG [OpFlag.cpp:655] @ 103.656s :SetSkim direct:2548 Diff:1
DEBUG [OpFlag.cpp:591] @ 103.848s :SkimDiff: 10 Adjust: 924 State: 4 EMax: 12692 Emin: 5456
DEBUG [OpFlag.cpp:655] @ 103.848s :SetSkim direct:2549 Diff:1
DEBUG [OpFlag.cpp:591] @ 104.04s :SkimDiff: 9 Adjust: 876 State: 4 EMax: 12641 Emin: 5411
DEBUG [OpFlag.cpp:655] @ 104.04s :SetSkim direct:2550 Diff:1
DEBUG [OpFlag.cpp:591] @ 104.216s :SkimDiff: 9 Adjust: 830 State: 4 EMax: 12598 Emin: 5363
DEBUG [OpFlag.cpp:655] @ 104.216s :SetSkim direct:2551 Diff:1
DEBUG [OpFlag.cpp:591] @ 104.408s :SkimDiff: 8 Adjust: 781 State: 4 EMax: 12549 Emin: 5313
DEBUG [OpFlag.cpp:655] @ 104.408s :SetSkim direct:2552 Diff:1
DEBUG [OpFlag.cpp:591] @ 104.583s :SkimDiff: 8 Adjust: 755 State: 4 EMax: 12518 Emin: 5292
DEBUG [OpFlag.cpp:655] @ 104.584s :SetSkim direct:2553 Diff:1
DEBUG [OpFlag.cpp:591] @ 104.776s :SkimDiff: 7 Adjust: 670 State: 4 EMax: 12434 Emin: 5207
DEBUG [OpFlag.cpp:655] @ 104.776s :SetSkim direct:2554 Diff:1
DEBUG [OpFlag.cpp:591] @ 104.968s :SkimDiff: 7 Adjust: 637 State: 4 EMax: 12405 Emin: 5169
DEBUG [OpFlag.cpp:655] @ 104.968s :SetSkim direct:2555 Diff:1
DEBUG [OpFlag.cpp:591] @ 105.144s :SkimDiff: 6 Adjust: 590 State: 4 EMax: 12355 Emin: 5125
DEBUG [OpFlag.cpp:655] @ 105.144s :SetSkim direct:2556 Diff:1
DEBUG [OpFlag.cpp:591] @ 105.336s :SkimDiff: 6 Adjust: 542 State: 4 EMax: 12307 Emin: 5078
DEBUG [OpFlag.cpp:655] @ 105.336s :SetSkim direct:2557 Diff:1
DEBUG [OpFlag.cpp:591] @ 105.512s :SkimDiff: 5 Adjust: 484 State: 4 EMax: 12252 Emin: 5017
DEBUG [OpFlag.cpp:655] @ 105.512s :SetSkim direct:2558 Diff:1
DEBUG [OpFlag.cpp:591] @ 105.704s :SkimDiff: 5 Adjust: 448 State: 4 EMax: 12217 Emin: 4979
DEBUG [OpFlag.cpp:655] @ 105.704s :SetSkim direct:2559 Diff:1
DEBUG [OpFlag.cpp:591] @ 105.895s :SkimDiff: 5 Adjust: 406 State: 4 EMax: 12171 Emin: 4941
DEBUG [OpFlag.cpp:655] @ 105.896s :SetSkim direct:2560 Diff:1
DEBUG [OpFlag.cpp:591] @ 106.072s :SkimDiff: 4 Adjust: 363 State: 4 EMax: 12129 Emin: 4898
DEBUG [OpFlag.cpp:655] @ 106.072s :SetSkim direct:2561 Diff:1
DEBUG [OpFlag.cpp:655] @ 106.266s :SetSkim direct:2556 Diff:-5
DEBUG [OpFlag.cpp:655] @ 106.44s :SetSkim direct:2551 Diff:-5
DEBUG [OpFlag.cpp:655] @ 106.631s :SetSkim direct:2550 Diff:-1
DEBUG [OpFlag.cpp:591] @ 106.824s :SkimDiff: 9 Adjust: 826 State: 4 EMax: 12592 Emin: 5361
DEBUG [OpFlag.cpp:655] @ 106.824s :SetSkim direct:2551 Diff:1
DEBUG [OpFlag.cpp:591] @ 107s :SkimDiff: 8 Adjust: 800 State: 4 EMax: 12566 Emin: 5335
DEBUG [OpFlag.cpp:655] @ 107s :SetSkim direct:2552 Diff:1
DEBUG [OpFlag.cpp:591] @ 107.192s :SkimDiff: 8 Adjust: 736 State: 4 EMax: 12503 Emin: 5270
DEBUG [OpFlag.cpp:655] @ 107.192s :SetSkim direct:2553 Diff:1
DEBUG [OpFlag.cpp:591] @ 107.368s :SkimDiff: 7 Adjust: 678 State: 4 EMax: 12445 Emin: 5212
DEBUG [OpFlag.cpp:655] @ 107.368s :SetSkim direct:2554 Diff:1
DEBUG [OpFlag.cpp:591] @ 107.56s :SkimDiff: 7 Adjust: 628 State: 4 EMax: 12395 Emin: 5162
DEBUG [OpFlag.cpp:655] @ 107.56s :SetSkim direct:2555 Diff:1
DEBUG [OpFlag.cpp:591] @ 107.755s :SkimDiff: 7 Adjust: 630 State: 4 EMax: 12397 Emin: 5163
DEBUG [OpFlag.cpp:655] @ 107.755s :SetSkim direct:2556 Diff:1
DEBUG [OpFlag.cpp:591] @ 107.928s :SkimDiff: 6 Adjust: 543 State: 4 EMax: 12309 Emin: 5077
DEBUG [OpFlag.cpp:655] @ 107.928s :SetSkim direct:2557 Diff:1
DEBUG [OpFlag.cpp:591] @ 108.12s :SkimDiff: 5 Adjust: 494 State: 4 EMax: 12259 Emin: 5030
DEBUG [OpFlag.cpp:655] @ 108.12s :SetSkim direct:2558 Diff:1
DEBUG [OpFlag.cpp:591] @ 108.296s :SkimDiff: 5 Adjust: 495 State: 4 EMax: 12262 Emin: 5029
DEBUG [OpFlag.cpp:655] @ 108.296s :SetSkim direct:2559 Diff:1
DEBUG [OpFlag.cpp:591] @ 108.488s :SkimDiff: 5 Adjust: 425 State: 4 EMax: 12188 Emin: 4963
DEBUG [OpFlag.cpp:655] @ 108.488s :SetSkim direct:2560 Diff:1
DEBUG [OpFlag.cpp:591] @ 108.68s :SkimDiff: 4 Adjust: 357 State: 4 EMax: 12124 Emin: 4890
DEBUG [OpFlag.cpp:655] @ 108.68s :SetSkim direct:2561 Diff:1
DEBUG [OpFlag.cpp:655] @ 108.856s :SetSkim direct:2566 Diff:5
DEBUG [OpFlag.cpp:591] @ 109.047s :SkimDiff: 1 Adjust: 10 State: 4 EMax: 11769 Emin: 4552
DEBUG [OpFlag.cpp:655] @ 109.048s :SetSkim direct:2567 Diff:1
DEBUG [OpFlag.cpp:591] @ 109.24s :SkimDiff: -1 Adjust: -45 State: 4 EMax: 11713 Emin: 4497
DEBUG [OpFlag.cpp:591] @ 109.272s :SkimDiff: -1 Adjust: -39 State: 4 EMax: 11720 Emin: 4501
DEBUG [OpFlag.cpp:591] @ 109.304s :SkimDiff: -1 Adjust: -47 State: 4 EMax: 11710 Emin: 4495
DEBUG [OpFlag.cpp:591] @ 109.336s :SkimDiff: -1 Adjust: -44 State: 4 EMax: 11713 Emin: 4498
DEBUG [OpFlag.cpp:591] @ 109.383s :SkimDiff: -1 Adjust: -43 State: 4 EMax: 11716 Emin: 4498
DEBUG [OpFlag.cpp:591] @ 109.416s :SkimDiff: -1 Adjust: -37 State: 4 EMax: 11719 Emin: 4506
DEBUG [OpFlag.cpp:591] @ 109.448s :SkimDiff: -1 Adjust: -35 State: 4 EMax: 11721 Emin: 4509
DEBUG [OpFlag.cpp:591] @ 109.495s :SkimDiff: -1 Adjust: -34 State: 4 EMax: 11723 Emin: 4508
DEBUG [OpFlag.cpp:591] @ 109.528s :SkimDiff: -1 Adjust: -32 State: 4 EMax: 11723 Emin: 4512
DEBUG [OpFlag.cpp:591] @ 109.56s :SkimDiff: -1 Adjust: -32 State: 4 EMax: 11724 Emin: 4512
DEBUG [OpFlag.cpp:591] @ 109.608s :SkimDiff: -1 Adjust: -29 State: 4 EMax: 11728 Emin: 4514
DEBUG [OpFlag.cpp:591] @ 109.64s :SkimDiff: -1 Adjust: -26 State: 4 EMax: 11729 Emin: 4518
DEBUG [OpFlag.cpp:591] @ 109.672s :SkimDiff: -1 Adjust: -27 State: 4 EMax: 11728 Emin: 4518
DEBUG [OpFlag.cpp:591] @ 109.72s :SkimDiff: -1 Adjust: -25 State: 4 EMax: 11730 Emin: 4519
INFO [IRImager.cpp:1191] @ 109.72s :AutoSkim Operation finished
DEBUG [IRImager.cpp:1111] @ 109.722s :Start flag calibration
DEBUG [IRImager.cpp:1125] @ 112.76s :Finished startup calibration
DEBUG [OpFlag.cpp:591] @ 113.128s :SkimDiff: 0 Adjust: 0 State: 0 EMax: 11705 Emin: 4510
DEBUG [OpCorr.cpp:465] @ 115.13s :Read cali: C:\Users\lupus\AppData\Roaming\Imager\Cali\Cali-20064016-53-M20-100.dat
DEBUG [OpCorr.cpp:555] @ 115.13s :Read calibration of camera no 20064016, # of fields: 6 , start of fields: 40
DEBUG [ImageProcessing.cpp:1095] @ 115.393s :Update flag temperature: 28.1875
DEBUG [ImageProcessing.cpp:1098] @ 115.393s :Update box temperature: 27.1875
DEBUG [Cali.cpp:601] @ 115.393s :Calibration file path: 0000019E40A822C4/0000006E2391ED70.xml
DEBUG [SimpleXML.cpp:238] @ 115.393s :Failed to open file C:\Users\lupus\AppData\Roaming\Imager\Cali\CaliExt-20064016.xml
DEBUG [OpFlag.cpp:591] @ 116.168s :SkimDiff: 1 Adjust: 782 State: 4 EMax: 16316 Emin: 1548
DEBUG [OpFlag.cpp:655] @ 116.168s :SetSkim direct:2389 Diff:1
DEBUG [OpFlag.cpp:591] @ 116.36s :SkimDiff: -2 Adjust: -1231 State: 4 EMax: 11305 Emin: 2532
DEBUG [OpFlag.cpp:655] @ 116.36s :SetSkim direct:2388 Diff:-1
DEBUG [OpFlag.cpp:591] @ 116.552s :SkimDiff: -1 Adjust: -519 State: 4 EMax: 12010 Emin: 3251
DEBUG [OpFlag.cpp:655] @ 116.552s :SetSkim direct:2387 Diff:-1
DEBUG [OpFlag.cpp:591] @ 116.728s :SkimDiff: -2 Adjust: -911 State: 4 EMax: 11619 Emin: 2859
DEBUG [OpFlag.cpp:655] @ 116.728s :SetSkim direct:2386 Diff:-1
DEBUG [OpFlag.cpp:591] @ 116.92s :SkimDiff: -1 Adjust: -377 State: 4 EMax: 12298 Emin: 3248
DEBUG [OpFlag.cpp:655] @ 116.92s :SetSkim direct:2385 Diff:-1
DEBUG [OpFlag.cpp:591] @ 117.095s :SkimDiff: 2 Adjust: 1477 State: 4 EMax: 14015 Emin: 5239
DEBUG [OpFlag.cpp:655] @ 117.096s :SetSkim direct:2386 Diff:1
DEBUG [OpFlag.cpp:591] @ 117.288s :SkimDiff: 2 Adjust: 836 State: 4 EMax: 13383 Emin: 4590
DEBUG [OpFlag.cpp:655] @ 117.288s :SetSkim direct:2387 Diff:1
DEBUG [OpFlag.cpp:591] @ 117.48s :SkimDiff: 1 Adjust: 61 State: 4 EMax: 12597 Emin: 3825
DEBUG [OpFlag.cpp:655] @ 117.48s :SetSkim direct:2388 Diff:1
DEBUG [OpFlag.cpp:591] @ 117.656s :SkimDiff: 1 Adjust: 76 State: 4 EMax: 12607 Emin: 3845
DEBUG [OpFlag.cpp:655] @ 117.656s :SetSkim direct:2389 Diff:1
DEBUG [OpFlag.cpp:591] @ 117.848s :SkimDiff: -2 Adjust: -1272 State: 4 EMax: 11259 Emin: 2497
DEBUG [OpFlag.cpp:655] @ 117.848s :SetSkim direct:2388 Diff:-1
DEBUG [OpFlag.cpp:591] @ 118.024s :SkimDiff: -1 Adjust: -535 State: 4 EMax: 12006 Emin: 3223
DEBUG [OpFlag.cpp:655] @ 118.024s :SetSkim direct:2387 Diff:-1
DEBUG [OpFlag.cpp:591] @ 118.216s :SkimDiff: 1 Adjust: 55 State: 4 EMax: 12583 Emin: 3828
DEBUG [OpFlag.cpp:591] @ 118.248s :SkimDiff: 1 Adjust: 46 State: 4 EMax: 12591 Emin: 3802
INFO [IRImager.cpp:1191] @ 118.248s :AutoSkim Operation finished
DEBUG [IRImager.cpp:1111] @ 118.25s :Start flag calibration
DEBUG [IRImager.cpp:1125] @ 121.304s :Finished startup calibration
DEBUG [OpFlag.cpp:591] @ 121.672s :SkimDiff: 0 Adjust: 0 State: 0 EMax: 12068 Emin: 3330
DEBUG [IRImager.cpp:1176] @ 136.263s :Automatic control of shutter flag
DEBUG [IRImager.cpp:1176] @ 151.704s :Automatic control of shutter flag
DEBUG [OpFlag.cpp:591] @ 152.152s :SkimDiff: 0 Adjust: 0 State: 0 EMax: 12277 Emin: 3538
DEBUG [IRImager.cpp:1176] @ 168.888s :Automatic control of shutter flag
DEBUG [IRImager.cpp:1176] @ 184.375s :Automatic control of shutter flag
DEBUG [OpFlag.cpp:591] @ 184.824s :SkimDiff: 0 Adjust: 0 State: 0 EMax: 12284 Emin: 3529
DEBUG [IRImager.cpp:1176] @ 203.086s :Automatic control of shutter flag
DEBUG [IRImager.cpp:1176] @ 225.4s :Automatic control of shutter flag
DEBUG [OpFlag.cpp:591] @ 225.848s :SkimDiff: 0 Adjust: 0 State: 0 EMax: 12278 Emin: 3475
DEBUG [IRImager.cpp:1176] @ 245.001s :Automatic control of shutter flag
DEBUG [IRImager.cpp:1176] @ 263.863s :Automatic control of shutter flag
DEBUG [OpFlag.cpp:591] @ 264.296s :SkimDiff: 0 Adjust: 0 State: 0 EMax: 12271 Emin: 3447
DEBUG [IRImager.cpp:1176] @ 278.937s :Automatic control of shutter flag
DEBUG [IRImager.cpp:1176] @ 297.352s :Automatic control of shutter flag
DEBUG [OpFlag.cpp:591] @ 297.784s :SkimDiff: 0 Adjust: 0 State: 0 EMax: 12248 Emin: 3409
DEBUG [IRImager.cpp:1176] @ 312.424s :Automatic control of shutter flag
DEBUG [IRImager.cpp:1176] @ 330.76s :Automatic control of shutter flag
DEBUG [OpFlag.cpp:591] @ 331.208s :SkimDiff: 0 Adjust: 0 State: 0 EMax: 12224 Emin: 3375
DEBUG [IRImager.cpp:1176] @ 351.401s :Automatic control of shutter flag
DEBUG [IRImager.cpp:1176] @ 371.959s :Automatic control of shutter flag
DEBUG [OpFlag.cpp:591] @ 372.408s :SkimDiff: 0 Adjust: 0 State: 0 EMax: 12208 Emin: 3347
DEBUG [IRImager.cpp:1176] @ 394.904s :Automatic control of shutter flag
DEBUG [IRImager.cpp:1176] @ 418.968s :Automatic control of shutter flag
DEBUG [OpFlag.cpp:591] @ 419.416s :SkimDiff: 0 Adjust: 0 State: 0 EMax: 12179 Emin: 3293
DEBUG [IRImager.cpp:1176] @ 441.545s :Automatic control of shutter flag
DEBUG [IRImager.cpp:1176] @ 459.801s :Automatic control of shutter flag
DEBUG [OpFlag.cpp:591] @ 460.28s :SkimDiff: 0 Adjust: 0 State: 0 EMax: 12164 Emin: 3249
DEBUG [IRImager.cpp:1176] @ 481.257s :Automatic control of shutter flag
DEBUG [IRImager.cpp:1176] @ 499.64s :Automatic control of shutter flag
DEBUG [OpFlag.cpp:591] @ 500.088s :SkimDiff: 0 Adjust: 0 State: 0 EMax: 12155 Emin: 3228
DEBUG [IRImager.cpp:1176] @ 518.455s :Automatic control of shutter flag
DEBUG [IRImager.cpp:1176] @ 540.071s :Automatic control of shutter flag
DEBUG [OpFlag.cpp:591] @ 540.52s :SkimDiff: 0 Adjust: 0 State: 0 EMax: 12128 Emin: 3185
DEBUG [IRImager.cpp:1176] @ 560.856s :Automatic control of shutter flag
DEBUG [IRImager.cpp:1176] @ 577.112s :Automatic control of shutter flag
DEBUG [OpFlag.cpp:591] @ 577.56s :SkimDiff: 0 Adjust: 0 State: 0 EMax: 12121 Emin: 3159
DEBUG [IRImager.cpp:1176] @ 602.585s :Automatic control of shutter flag
DEBUG [IRImager.cpp:662] @ 619.737s :Release imager
DEBUG [BaseControlDevice.cpp:26] @ 619.764s :Base destructor called
DEBUG [IRImager.cpp:669] @ 619.764s :Delete image processing
DEBUG [IRImager.cpp:676] @ 619.767s :Delete buffer
DEBUG [IRImager.cpp:684] @ 619.767s :Delete source buffer
DEBUG [IRImager.cpp:691] @ 619.767s :Delete buffer (energy)
DEBUG [IRImager.cpp:698] @ 619.767s :Delete timer
DEBUG [IRImager.cpp:704] @ 619.767s :Delete manual timer
