DEBUG [IRLogger.cpp:105] @ 0.0004527s :***************************************************
DEBUG [IRLogger.cpp:106] @ 0.0005805s :* IRImagerDirect SDK                              *
DEBUG [IRLogger.cpp:107] @ 0.0006305s :***************************************************
DEBUG [IRLogger.cpp:108] @ 0.0006703s :* Version:             8.8.1
DEBUG [IRLogger.cpp:109] @ 0.0007117s :* Commit Date:         Wed Nov 17 11:55:39 2021
DEBUG [IRLogger.cpp:110] @ 0.0007488s :* Commit Branch:       master
DEBUG [IRLogger.cpp:111] @ 0.0007986s :* Commit Hash:         71552585
DEBUG [IRLogger.cpp:113] @ 0.001139s :* Native Machine:      AMD64
DEBUG [IRLogger.cpp:114] @ 0.0012021s :* Machine:             AMD64
DEBUG [IRLogger.cpp:116] @ 0.0012477s :* OS:                  Windows 10 0 19043
DEBUG [IRLogger.cpp:123] @ 0.0013057s :***************************************************
WARNING [IRDeviceParams.cpp:198] @ 0.0376249s :XML parameter 'average' is deprecated and is not supported anymore.
DEBUG [IRDeviceParams.cpp:220] @ 0.0376727s :Parameters
DEBUG [IRDeviceParams.cpp:221] @ 0.0376986s :serial: 0
DEBUG [IRDeviceParams.cpp:222] @ 0.0377223s :videoformatindex: 0
DEBUG [IRDeviceParams.cpp:223] @ 0.0377459s :fov: 0
DEBUG [IRDeviceParams.cpp:224] @ 0.0377765s :optics_text: 0000000000000000
DEBUG [IRDeviceParams.cpp:225] @ 0.0378017s :formatspath: 0000026EE61C4470
DEBUG [IRDeviceParams.cpp:226] @ 0.0378261s :calipath: 0000000000000000
DEBUG [IRDeviceParams.cpp:227] @ 0.0378495s :temperature min: 0
DEBUG [IRDeviceParams.cpp:228] @ 0.0378744s :temperature max: 0
DEBUG [IRDeviceParams.cpp:229] @ 0.0379001s :framerate: 20
DEBUG [IRDeviceParams.cpp:230] @ 0.0379234s :bispectral: 0
DEBUG [IRDeviceParams.cpp:231] @ 0.0379463s :flag automatic: 1
DEBUG [IRDeviceParams.cpp:232] @ 0.0379702s :min interval: 15
DEBUG [IRDeviceParams.cpp:233] @ 0.0379938s :max interval: 0
DEBUG [IRDeviceParams.cpp:234] @ 0.0380166s :chip heating mode: 0
DEBUG [IRDeviceParams.cpp:235] @ 0.0380407s :chip heating fixed val: 40
DEBUG [IRDeviceParams.cpp:236] @ 0.0380645s :focus:  50
DEBUG [IRDeviceParams.cpp:237] @ 0.0380875s :enable extended temp range: 0
DEBUG [IRDeviceParams.cpp:238] @ 0.0381109s :buffer queue size: 5
DEBUG [IRDeviceParams.cpp:239] @ 0.0381346s :enable high precision: 0
DEBUG [IRDeviceParams.cpp:240] @ 0.0381581s :radialDistortionCorrectionMode: 0
DEBUG [IRDeviceParams.cpp:241] @ 0.0381811s :deviceAPI: 0
DEBUG [IRDeviceParams.cpp:242] @ 0.0382106s :useExternalProbeForReferencing: 0
DEBUG [IRDeviceParams.cpp:243] @ 0.0382349s :enableMultiThreading: 0
DEBUG [IRDeviceParams.cpp:244] @ 0.03826s :deviceIpAddress: 0.0.0.0
DEBUG [IRDeviceParams.cpp:245] @ 0.0382845s :localUdpPort: 0
DEBUG [Cali.cpp:87] @ 0.362049s :Calibration directory path: C:\Users\lupus\AppData\Roaming\Imager\Cali
DEBUG [Cali.cpp:88] @ 0.362102s :Calibration file name: Cali-20064016.xml
DEBUG [Cali.cpp:98] @ 0.453309s :Calibration data A: 1450 B:400 C:4095 D:1000
INFO [IRImager.cpp:263] @ 0.493307s :Init thermal imager to 20064016 with size: 382x290@27 Hz
DEBUG [Cali.cpp:87] @ 0.493888s :Calibration directory path: C:\Users\lupus\AppData\Roaming\Imager\Cali
DEBUG [Cali.cpp:88] @ 0.493924s :Calibration file name: Cali-20064016.xml
DEBUG [Cali.cpp:98] @ 0.494523s :Calibration data A: 1450 B:400 C:4095 D:1000
DEBUG [Cali.cpp:87] @ 0.495738s :Calibration directory path: C:\Users\lupus\AppData\Roaming\Imager\Cali
DEBUG [Cali.cpp:88] @ 0.495773s :Calibration file name: Cali-20064016.xml
DEBUG [Cali.cpp:98] @ 0.496354s :Calibration data A: 1450 B:400 C:4095 D:1000
DEBUG [IRImager.cpp:297] @ 0.496509s :No temperature range configuration specified. Setting default values tMin: -20 , tMax: 100
DEBUG [IRImager.cpp:372] @ 0.497451s :Using HID control interface
DEBUG [IRImager.cpp:412] @ 0.521765s :Initialized HID control interface to device with HW:3400 FW:3432
DEBUG [IRImager.cpp:1367] @ 0.523772s :Set focusmotor position to 50%
DEBUG [IRImager.cpp:433] @ 0.52382s :Frameconfig - width(in): 382, height(in): 290, interval: 370370, max framerate: 27, HW interval: 0.037037
DEBUG [Cali.cpp:87] @ 0.523891s :Calibration directory path: C:\Users\lupus\AppData\Roaming\Imager\Cali
DEBUG [Cali.cpp:88] @ 0.523916s :Calibration file name: Cali-20064016.xml
DEBUG [Cali.cpp:98] @ 0.524388s :Calibration data A: 1450 B:400 C:4095 D:1000
DEBUG [ImageProcessing.cpp:192] @ 0.529024s :Source buffer size: 221560 Width: 382 Height: 290
DEBUG [ImageProcessing.cpp:115] @ 0.575786s :Source buffer size: 221560 Width: 382 Height: 290
DEBUG [OpSource.cpp:334] @ 0.575927s :Using formats path: .\\Formats.def
DEBUG [OpSource.cpp:563] @ 0.599159s :Format found with size: 382
DEBUG [IRImager.cpp:845] @ 0.599828s :Caught onFrameInit with size: 382x288
DEBUG [OpSource.cpp:334] @ 0.60116s :Using formats path: .\\Formats.def
DEBUG [OpSource.cpp:563] @ 0.601458s :Format found with size: 382
DEBUG [OpSource.cpp:334] @ 0.601536s :Using formats path: .\\Formats.def
DEBUG [OpCorr.cpp:465] @ 0.621605s :Read cali: C:\Users\lupus\AppData\Roaming\Imager\Cali\Cali-20064016-53-M20-100.dat
DEBUG [OpCorr.cpp:555] @ 0.649595s :Read calibration of camera no 20064016, # of fields: 6 , start of fields: 40
DEBUG [ImageProcessing.cpp:1095] @ 0.969432s :Update flag temperature: 22.9375
DEBUG [ImageProcessing.cpp:1098] @ 0.971543s :Update box temperature: 23
DEBUG [Cali.cpp:601] @ 0.971618s :Calibration file path: 0000026EE64E1334/00000089E7CFCFE0.xml
DEBUG [SimpleXML.cpp:238] @ 0.971865s :Failed to open file C:\Users\lupus\AppData\Roaming\Imager\Cali\CaliExt-20064016.xml
DEBUG [IRImager.cpp:547] @ 0.987178s :Chip heating disabled
DEBUG [IRImager.cpp:1102] @ 1.11139s :Start direct autoskim calibration
