DEBUG [IRLogger.cpp:105] @ 0.0393502s :***************************************************
DEBUG [IRLogger.cpp:106] @ 0.0395196s :* IRImagerDirect SDK                              *
DEBUG [IRLogger.cpp:107] @ 0.0395797s :***************************************************
DEBUG [IRLogger.cpp:108] @ 0.0396248s :* Version:             8.8.1
DEBUG [IRLogger.cpp:109] @ 0.0399384s :* Commit Date:         Wed Nov 17 11:55:39 2021
DEBUG [IRLogger.cpp:110] @ 0.0399858s :* Commit Branch:       master
DEBUG [IRLogger.cpp:111] @ 0.0400349s :* Commit Hash:         71552585
DEBUG [IRLogger.cpp:113] @ 0.0403185s :* Native Machine:      AMD64
DEBUG [IRLogger.cpp:114] @ 0.0403625s :* Machine:             AMD64
DEBUG [IRLogger.cpp:116] @ 0.0404119s :* OS:                  Windows 10 0 19043
DEBUG [IRLogger.cpp:123] @ 0.0404436s :***************************************************
WARNING [IRDeviceParams.cpp:198] @ 0.0413508s :XML parameter 'average' is deprecated and is not supported anymore.
DEBUG [IRDeviceParams.cpp:220] @ 0.0413931s :Parameters
DEBUG [IRDeviceParams.cpp:221] @ 0.0414267s :serial: 0
DEBUG [IRDeviceParams.cpp:222] @ 0.0414576s :videoformatindex: 0
DEBUG [IRDeviceParams.cpp:223] @ 0.04149s :fov: 0
DEBUG [IRDeviceParams.cpp:224] @ 0.0415257s :optics_text: 0000000000000000
DEBUG [IRDeviceParams.cpp:225] @ 0.0415582s :formatspath: 0000025EDF91B0F0
DEBUG [IRDeviceParams.cpp:226] @ 0.0415914s :calipath: 0000000000000000
DEBUG [IRDeviceParams.cpp:227] @ 0.0416222s :temperature min: 0
DEBUG [IRDeviceParams.cpp:228] @ 0.0416512s :temperature max: 0
DEBUG [IRDeviceParams.cpp:229] @ 0.0416834s :framerate: 20
DEBUG [IRDeviceParams.cpp:230] @ 0.0417157s :bispectral: 0
DEBUG [IRDeviceParams.cpp:231] @ 0.0417712s :flag automatic: 1
DEBUG [IRDeviceParams.cpp:232] @ 0.0418041s :min interval: 15
DEBUG [IRDeviceParams.cpp:233] @ 0.0419905s :max interval: 0
DEBUG [IRDeviceParams.cpp:234] @ 0.0420255s :chip heating mode: 0
DEBUG [IRDeviceParams.cpp:235] @ 0.0420561s :chip heating fixed val: 40
DEBUG [IRDeviceParams.cpp:236] @ 0.0420852s :focus:  50
DEBUG [IRDeviceParams.cpp:237] @ 0.0421117s :enable extended temp range: 0
DEBUG [IRDeviceParams.cpp:238] @ 0.0421385s :buffer queue size: 5
DEBUG [IRDeviceParams.cpp:239] @ 0.0421657s :enable high precision: 0
DEBUG [IRDeviceParams.cpp:240] @ 0.0421928s :radialDistortionCorrectionMode: 0
DEBUG [IRDeviceParams.cpp:241] @ 0.0422192s :deviceAPI: 0
DEBUG [IRDeviceParams.cpp:242] @ 0.0422525s :useExternalProbeForReferencing: 0
DEBUG [IRDeviceParams.cpp:243] @ 0.0422808s :enableMultiThreading: 0
DEBUG [IRDeviceParams.cpp:244] @ 0.0423083s :deviceIpAddress: 0.0.0.0
DEBUG [IRDeviceParams.cpp:245] @ 0.0423353s :localUdpPort: 0
DEBUG [Cali.cpp:87] @ 0.200175s :Calibration directory path: C:\Users\lupus\AppData\Roaming\Imager\Cali
DEBUG [Cali.cpp:88] @ 0.200229s :Calibration file name: Cali-20064016.xml
DEBUG [Cali.cpp:98] @ 0.200902s :Calibration data A: 1450 B:400 C:4095 D:1000
INFO [IRImager.cpp:263] @ 0.202901s :Init thermal imager to 20064016 with size: 382x290@27 Hz
DEBUG [Cali.cpp:87] @ 0.203817s :Calibration directory path: C:\Users\lupus\AppData\Roaming\Imager\Cali
DEBUG [Cali.cpp:88] @ 0.203869s :Calibration file name: Cali-20064016.xml
DEBUG [Cali.cpp:98] @ 0.204602s :Calibration data A: 1450 B:400 C:4095 D:1000
DEBUG [Cali.cpp:87] @ 0.206026s :Calibration directory path: C:\Users\lupus\AppData\Roaming\Imager\Cali
DEBUG [Cali.cpp:88] @ 0.206076s :Calibration file name: Cali-20064016.xml
DEBUG [Cali.cpp:98] @ 0.206689s :Calibration data A: 1450 B:400 C:4095 D:1000
DEBUG [IRImager.cpp:297] @ 0.206827s :No temperature range configuration specified. Setting default values tMin: -20 , tMax: 100
DEBUG [IRImager.cpp:372] @ 0.207597s :Using HID control interface
DEBUG [IRImager.cpp:412] @ 0.225415s :Initialized HID control interface to device with HW:3400 FW:3432
DEBUG [IRImager.cpp:1367] @ 0.227163s :Set focusmotor position to 50%
DEBUG [IRImager.cpp:433] @ 0.227199s :Frameconfig - width(in): 382, height(in): 290, interval: 370370, max framerate: 27, HW interval: 0.037037
DEBUG [Cali.cpp:87] @ 0.227267s :Calibration directory path: C:\Users\lupus\AppData\Roaming\Imager\Cali
DEBUG [Cali.cpp:88] @ 0.227289s :Calibration file name: Cali-20064016.xml
DEBUG [Cali.cpp:98] @ 0.227775s :Calibration data A: 1450 B:400 C:4095 D:1000
DEBUG [ImageProcessing.cpp:192] @ 0.23205s :Source buffer size: 221560 Width: 382 Height: 290
DEBUG [ImageProcessing.cpp:115] @ 0.280577s :Source buffer size: 221560 Width: 382 Height: 290
DEBUG [OpSource.cpp:334] @ 0.280776s :Using formats path: .\\Formats.def
DEBUG [OpSource.cpp:563] @ 0.281269s :Format found with size: 382
DEBUG [IRImager.cpp:845] @ 0.281977s :Caught onFrameInit with size: 382x288
DEBUG [OpSource.cpp:334] @ 0.283561s :Using formats path: .\\Formats.def
DEBUG [OpSource.cpp:563] @ 0.284087s :Format found with size: 382
DEBUG [OpSource.cpp:334] @ 0.284247s :Using formats path: .\\Formats.def
DEBUG [OpCorr.cpp:465] @ 0.287317s :Read cali: C:\Users\lupus\AppData\Roaming\Imager\Cali\Cali-20064016-53-M20-100.dat
DEBUG [OpCorr.cpp:555] @ 0.287475s :Read calibration of camera no 20064016, # of fields: 6 , start of fields: 40
DEBUG [ImageProcessing.cpp:1095] @ 0.588542s :Update flag temperature: 36.3125
DEBUG [ImageProcessing.cpp:1098] @ 0.590532s :Update box temperature: 36.25
DEBUG [Cali.cpp:601] @ 0.590567s :Calibration file path: 0000025EF0211394/000000FEC971CD60.xml
DEBUG [SimpleXML.cpp:238] @ 0.590689s :Failed to open file C:\Users\lupus\AppData\Roaming\Imager\Cali\CaliExt-20064016.xml
DEBUG [IRImager.cpp:547] @ 0.610701s :Chip heating disabled
DEBUG [IRImager.cpp:1102] @ 0.713665s :Start direct autoskim calibration
DEBUG [OpFlag.cpp:591] @ 5.70972s :SkimDiff: -3 Adjust: -2322 State: 4 EMax: 10678 Emin: 977
DEBUG [OpFlag.cpp:655] @ 5.70977s :SetSkim direct:2387 Diff:-1
DEBUG [OpFlag.cpp:591] @ 5.90323s :SkimDiff: -1 Adjust: -406 State: 4 EMax: 13487 Emin: 2001
DEBUG [OpFlag.cpp:655] @ 5.90332s :SetSkim direct:2386 Diff:-1
DEBUG [OpFlag.cpp:591] @ 6.0783s :SkimDiff: -1 Adjust: -432 State: 4 EMax: 12582 Emin: 2854
DEBUG [OpFlag.cpp:655] @ 6.07835s :SetSkim direct:2385 Diff:-1
DEBUG [OpFlag.cpp:591] @ 6.26967s :SkimDiff: -1 Adjust: -412 State: 4 EMax: 12626 Emin: 2849
DEBUG [OpFlag.cpp:655] @ 6.26972s :SetSkim direct:2384 Diff:-1
DEBUG [OpFlag.cpp:591] @ 6.46225s :SkimDiff: 2 Adjust: 1526 State: 4 EMax: 14542 Emin: 4811
DEBUG [OpFlag.cpp:655] @ 6.46231s :SetSkim direct:2385 Diff:1
DEBUG [OpFlag.cpp:591] @ 6.63814s :SkimDiff: 1 Adjust: 319 State: 4 EMax: 13332 Emin: 3607
DEBUG [OpFlag.cpp:655] @ 6.6382s :SetSkim direct:2386 Diff:1
DEBUG [OpFlag.cpp:591] @ 6.83043s :SkimDiff: -1 Adjust: -442 State: 4 EMax: 12599 Emin: 2817
DEBUG [OpFlag.cpp:591] @ 6.86174s :SkimDiff: -1 Adjust: -687 State: 4 EMax: 12397 Emin: 2529
DEBUG [OpFlag.cpp:591] @ 6.91136s :SkimDiff: -1 Adjust: -772 State: 4 EMax: 12243 Emin: 2512
DEBUG [OpFlag.cpp:591] @ 6.94218s :SkimDiff: -1 Adjust: -771 State: 4 EMax: 12237 Emin: 2521
INFO [IRImager.cpp:1191] @ 6.94256s :AutoSkim Operation finished
DEBUG [IRImager.cpp:1111] @ 6.94432s :Start flag calibration
DEBUG [IRImager.cpp:1125] @ 9.98114s :Finished startup calibration
DEBUG [IRImager.cpp:1176] @ 25.0211s :Automatic control of shutter flag
DEBUG [OpFlag.cpp:591] @ 25.4697s :SkimDiff: 0 Adjust: 0 State: 0 EMax: 12217 Emin: 2510
