DEBUG [IRLogger.cpp:105] @ 0.0002925s :***************************************************
DEBUG [IRLogger.cpp:106] @ 0.0004424s :* IRImagerDirect SDK                              *
DEBUG [IRLogger.cpp:107] @ 0.0004923s :***************************************************
DEBUG [IRLogger.cpp:108] @ 0.0005322s :* Version:             8.8.1
DEBUG [IRLogger.cpp:109] @ 0.0005717s :* Commit Date:         Wed Nov 17 11:55:39 2021
DEBUG [IRLogger.cpp:110] @ 0.0006095s :* Commit Branch:       master
DEBUG [IRLogger.cpp:111] @ 0.0006491s :* Commit Hash:         71552585
DEBUG [IRLogger.cpp:113] @ 0.0009472s :* Native Machine:      AMD64
DEBUG [IRLogger.cpp:114] @ 0.0010314s :* Machine:             AMD64
DEBUG [IRLogger.cpp:116] @ 0.0010994s :* OS:                  Windows 10 0 19043
DEBUG [IRLogger.cpp:123] @ 0.0011338s :***************************************************
WARNING [IRDeviceParams.cpp:198] @ 0.0019246s :XML parameter 'average' is deprecated and is not supported anymore.
DEBUG [IRDeviceParams.cpp:220] @ 0.001963s :Parameters
DEBUG [IRDeviceParams.cpp:221] @ 0.0019883s :serial: 0
DEBUG [IRDeviceParams.cpp:222] @ 0.0020119s :videoformatindex: 0
DEBUG [IRDeviceParams.cpp:223] @ 0.0020353s :fov: 0
DEBUG [IRDeviceParams.cpp:224] @ 0.0020625s :optics_text: 0000000000000000
DEBUG [IRDeviceParams.cpp:225] @ 0.0020884s :formatspath: 000001F9FE849190
DEBUG [IRDeviceParams.cpp:226] @ 0.0021129s :calipath: 0000000000000000
DEBUG [IRDeviceParams.cpp:227] @ 0.0021364s :temperature min: 0
DEBUG [IRDeviceParams.cpp:228] @ 0.0021595s :temperature max: 0
DEBUG [IRDeviceParams.cpp:229] @ 0.0021853s :framerate: 20
DEBUG [IRDeviceParams.cpp:230] @ 0.0022084s :bispectral: 0
DEBUG [IRDeviceParams.cpp:231] @ 0.0022314s :flag automatic: 1
DEBUG [IRDeviceParams.cpp:232] @ 0.0022552s :min interval: 15
DEBUG [IRDeviceParams.cpp:233] @ 0.0022785s :max interval: 0
DEBUG [IRDeviceParams.cpp:234] @ 0.0023015s :chip heating mode: 0
DEBUG [IRDeviceParams.cpp:235] @ 0.0023257s :chip heating fixed val: 40
DEBUG [IRDeviceParams.cpp:236] @ 0.0023497s :focus:  50
DEBUG [IRDeviceParams.cpp:237] @ 0.0023728s :enable extended temp range: 0
DEBUG [IRDeviceParams.cpp:238] @ 0.0023961s :buffer queue size: 5
DEBUG [IRDeviceParams.cpp:239] @ 0.0024193s :enable high precision: 0
DEBUG [IRDeviceParams.cpp:240] @ 0.0024432s :radialDistortionCorrectionMode: 0
DEBUG [IRDeviceParams.cpp:241] @ 0.0024665s :deviceAPI: 0
DEBUG [IRDeviceParams.cpp:242] @ 0.0024922s :useExternalProbeForReferencing: 0
DEBUG [IRDeviceParams.cpp:243] @ 0.0025168s :enableMultiThreading: 0
DEBUG [IRDeviceParams.cpp:244] @ 0.0025422s :deviceIpAddress: 0.0.0.0
DEBUG [IRDeviceParams.cpp:245] @ 0.0025655s :localUdpPort: 0
DEBUG [Cali.cpp:87] @ 0.0901639s :Calibration directory path: C:\Users\lupus\AppData\Roaming\Imager\Cali
DEBUG [Cali.cpp:88] @ 0.0902107s :Calibration file name: Cali-20064016.xml
DEBUG [Cali.cpp:98] @ 0.0908875s :Calibration data A: 1450 B:400 C:4095 D:1000
INFO [IRImager.cpp:263] @ 0.0924731s :Init thermal imager to 20064016 with size: 382x290@27 Hz
DEBUG [Cali.cpp:87] @ 0.0930127s :Calibration directory path: C:\Users\lupus\AppData\Roaming\Imager\Cali
DEBUG [Cali.cpp:88] @ 0.0930473s :Calibration file name: Cali-20064016.xml
DEBUG [Cali.cpp:98] @ 0.0936442s :Calibration data A: 1450 B:400 C:4095 D:1000
DEBUG [Cali.cpp:87] @ 0.0948553s :Calibration directory path: C:\Users\lupus\AppData\Roaming\Imager\Cali
DEBUG [Cali.cpp:88] @ 0.0949035s :Calibration file name: Cali-20064016.xml
DEBUG [Cali.cpp:98] @ 0.0954954s :Calibration data A: 1450 B:400 C:4095 D:1000
DEBUG [IRImager.cpp:297] @ 0.0956334s :No temperature range configuration specified. Setting default values tMin: -20 , tMax: 100
DEBUG [IRImager.cpp:372] @ 0.0963831s :Using HID control interface
DEBUG [IRImager.cpp:412] @ 0.115227s :Initialized HID control interface to device with HW:3400 FW:3432
DEBUG [IRImager.cpp:1367] @ 0.11712s :Set focusmotor position to 50%
DEBUG [IRImager.cpp:433] @ 0.117177s :Frameconfig - width(in): 382, height(in): 290, interval: 370370, max framerate: 27, HW interval: 0.037037
DEBUG [Cali.cpp:87] @ 0.117263s :Calibration directory path: C:\Users\lupus\AppData\Roaming\Imager\Cali
DEBUG [Cali.cpp:88] @ 0.117294s :Calibration file name: Cali-20064016.xml
DEBUG [Cali.cpp:98] @ 0.117908s :Calibration data A: 1450 B:400 C:4095 D:1000
DEBUG [ImageProcessing.cpp:192] @ 0.122358s :Source buffer size: 221560 Width: 382 Height: 290
DEBUG [ImageProcessing.cpp:115] @ 0.166746s :Source buffer size: 221560 Width: 382 Height: 290
DEBUG [OpSource.cpp:334] @ 0.16691s :Using formats path: .\\Formats.def
DEBUG [OpSource.cpp:563] @ 0.167349s :Format found with size: 382
DEBUG [IRImager.cpp:845] @ 0.167935s :Caught onFrameInit with size: 382x288
DEBUG [OpSource.cpp:334] @ 0.169384s :Using formats path: .\\Formats.def
DEBUG [OpSource.cpp:563] @ 0.169811s :Format found with size: 382
DEBUG [OpSource.cpp:334] @ 0.16992s :Using formats path: .\\Formats.def
DEBUG [OpCorr.cpp:465] @ 0.172597s :Read cali: C:\Users\lupus\AppData\Roaming\Imager\Cali\Cali-20064016-53-M20-100.dat
DEBUG [OpCorr.cpp:555] @ 0.172704s :Read calibration of camera no 20064016, # of fields: 6 , start of fields: 40
DEBUG [ImageProcessing.cpp:1095] @ 0.471131s :Update flag temperature: 35.8125
DEBUG [ImageProcessing.cpp:1098] @ 0.473091s :Update box temperature: 35.8125
DEBUG [Cali.cpp:601] @ 0.473129s :Calibration file path: 000001F9FE78DE94/0000007E740FCCA0.xml
DEBUG [SimpleXML.cpp:238] @ 0.473289s :Failed to open file C:\Users\lupus\AppData\Roaming\Imager\Cali\CaliExt-20064016.xml
DEBUG [IRImager.cpp:547] @ 0.491849s :Chip heating disabled
DEBUG [IRImager.cpp:1102] @ 0.602506s :Start direct autoskim calibration
DEBUG [OpFlag.cpp:591] @ 5.60715s :SkimDiff: -3 Adjust: -2252 State: 4 EMax: 10724 Emin: 1071
DEBUG [OpFlag.cpp:655] @ 5.6072s :SetSkim direct:2387 Diff:-1
DEBUG [OpFlag.cpp:591] @ 5.78287s :SkimDiff: -3 Adjust: -2215 State: 4 EMax: 10778 Emin: 1092
DEBUG [OpFlag.cpp:655] @ 5.78292s :SetSkim direct:2386 Diff:-1
DEBUG [OpFlag.cpp:591] @ 5.97503s :SkimDiff: -1 Adjust: -394 State: 4 EMax: 12597 Emin: 2914
DEBUG [OpFlag.cpp:655] @ 5.97508s :SetSkim direct:2385 Diff:-1
DEBUG [OpFlag.cpp:591] @ 6.16735s :SkimDiff: 1 Adjust: 361 State: 4 EMax: 13356 Emin: 3667
DEBUG [OpFlag.cpp:591] @ 6.19931s :SkimDiff: 1 Adjust: 90 State: 4 EMax: 13133 Emin: 3348
DEBUG [OpFlag.cpp:591] @ 6.23109s :SkimDiff: 1 Adjust: 16 State: 4 EMax: 12996 Emin: 3337
DEBUG [OpFlag.cpp:591] @ 6.27912s :SkimDiff: 1 Adjust: 18 State: 4 EMax: 13000 Emin: 3336
DEBUG [OpFlag.cpp:591] @ 6.31185s :SkimDiff: 1 Adjust: 20 State: 4 EMax: 12998 Emin: 3342
INFO [IRImager.cpp:1191] @ 6.31228s :AutoSkim Operation finished
DEBUG [IRImager.cpp:1111] @ 6.31388s :Start flag calibration
DEBUG [IRImager.cpp:1125] @ 9.35149s :Finished startup calibration
DEBUG [IRImager.cpp:1176] @ 24.3911s :Automatic control of shutter flag
DEBUG [OpFlag.cpp:591] @ 24.8409s :SkimDiff: 0 Adjust: 0 State: 0 EMax: 12993 Emin: 3318
DEBUG [IRImager.cpp:662] @ 62.8091s :Release imager
DEBUG [BaseControlDevice.cpp:26] @ 62.8337s :Base destructor called
DEBUG [IRImager.cpp:669] @ 62.8338s :Delete image processing
DEBUG [IRImager.cpp:676] @ 62.8362s :Delete buffer
DEBUG [IRImager.cpp:684] @ 62.8363s :Delete source buffer
DEBUG [IRImager.cpp:691] @ 62.8363s :Delete buffer (energy)
DEBUG [IRImager.cpp:698] @ 62.8364s :Delete timer
DEBUG [IRImager.cpp:704] @ 62.8364s :Delete manual timer
