DEBUG [IRLogger.cpp:105] @ 0.0016522s :***************************************************
DEBUG [IRLogger.cpp:106] @ 0.0018078s :* IRImagerDirect SDK                              *
DEBUG [IRLogger.cpp:107] @ 0.0018639s :***************************************************
DEBUG [IRLogger.cpp:108] @ 0.0019062s :* Version:             8.8.1
DEBUG [IRLogger.cpp:109] @ 0.0019467s :* Commit Date:         Wed Nov 17 11:55:39 2021
DEBUG [IRLogger.cpp:110] @ 0.0019857s :* Commit Branch:       master
DEBUG [IRLogger.cpp:111] @ 0.0020372s :* Commit Hash:         71552585
DEBUG [IRLogger.cpp:113] @ 0.0023216s :* Native Machine:      AMD64
DEBUG [IRLogger.cpp:114] @ 0.002363s :* Machine:             AMD64
DEBUG [IRLogger.cpp:116] @ 0.0024049s :* OS:                  Windows 10 0 19043
DEBUG [IRLogger.cpp:123] @ 0.0024328s :***************************************************
WARNING [IRDeviceParams.cpp:198] @ 0.0033686s :XML parameter 'average' is deprecated and is not supported anymore.
DEBUG [IRDeviceParams.cpp:220] @ 0.0034105s :Parameters
DEBUG [IRDeviceParams.cpp:221] @ 0.0034392s :serial: 0
DEBUG [IRDeviceParams.cpp:222] @ 0.0034657s :videoformatindex: 0
DEBUG [IRDeviceParams.cpp:223] @ 0.003492s :fov: 0
DEBUG [IRDeviceParams.cpp:224] @ 0.0035225s :optics_text: 0000000000000000
DEBUG [IRDeviceParams.cpp:225] @ 0.0035495s :formatspath: 00000292AAF89260
DEBUG [IRDeviceParams.cpp:226] @ 0.0035762s :calipath: 0000000000000000
DEBUG [IRDeviceParams.cpp:227] @ 0.0036012s :temperature min: 0
DEBUG [IRDeviceParams.cpp:228] @ 0.0036259s :temperature max: 0
DEBUG [IRDeviceParams.cpp:229] @ 0.0036523s :framerate: 20
DEBUG [IRDeviceParams.cpp:230] @ 0.0036769s :bispectral: 0
DEBUG [IRDeviceParams.cpp:231] @ 0.0037072s :flag automatic: 1
DEBUG [IRDeviceParams.cpp:232] @ 0.0037321s :min interval: 15
DEBUG [IRDeviceParams.cpp:233] @ 0.003757s :max interval: 0
DEBUG [IRDeviceParams.cpp:234] @ 0.0037815s :chip heating mode: 0
DEBUG [IRDeviceParams.cpp:235] @ 0.0038075s :chip heating fixed val: 40
DEBUG [IRDeviceParams.cpp:236] @ 0.0038329s :focus:  50
DEBUG [IRDeviceParams.cpp:237] @ 0.0038576s :enable extended temp range: 0
DEBUG [IRDeviceParams.cpp:238] @ 0.0038813s :buffer queue size: 5
DEBUG [IRDeviceParams.cpp:239] @ 0.0039077s :enable high precision: 0
DEBUG [IRDeviceParams.cpp:240] @ 0.003934s :radialDistortionCorrectionMode: 0
DEBUG [IRDeviceParams.cpp:241] @ 0.0039592s :deviceAPI: 0
DEBUG [IRDeviceParams.cpp:242] @ 0.003989s :useExternalProbeForReferencing: 0
DEBUG [IRDeviceParams.cpp:243] @ 0.0040155s :enableMultiThreading: 0
DEBUG [IRDeviceParams.cpp:244] @ 0.0040432s :deviceIpAddress: 0.0.0.0
DEBUG [IRDeviceParams.cpp:245] @ 0.00407s :localUdpPort: 0
DEBUG [Cali.cpp:87] @ 0.210872s :Calibration directory path: C:\Users\lupus\AppData\Roaming\Imager\Cali
DEBUG [Cali.cpp:88] @ 0.211012s :Calibration file name: Cali-20064016.xml
DEBUG [Cali.cpp:98] @ 0.213316s :Calibration data A: 1450 B:400 C:4095 D:1000
INFO [IRImager.cpp:263] @ 0.214896s :Init thermal imager to 20064016 with size: 382x290@27 Hz
DEBUG [Cali.cpp:87] @ 0.215464s :Calibration directory path: C:\Users\lupus\AppData\Roaming\Imager\Cali
DEBUG [Cali.cpp:88] @ 0.215497s :Calibration file name: Cali-20064016.xml
DEBUG [Cali.cpp:98] @ 0.216094s :Calibration data A: 1450 B:400 C:4095 D:1000
DEBUG [Cali.cpp:87] @ 0.217228s :Calibration directory path: C:\Users\lupus\AppData\Roaming\Imager\Cali
DEBUG [Cali.cpp:88] @ 0.217261s :Calibration file name: Cali-20064016.xml
DEBUG [Cali.cpp:98] @ 0.21782s :Calibration data A: 1450 B:400 C:4095 D:1000
DEBUG [IRImager.cpp:297] @ 0.217951s :No temperature range configuration specified. Setting default values tMin: -20 , tMax: 100
DEBUG [IRImager.cpp:372] @ 0.218719s :Using HID control interface
DEBUG [IRImager.cpp:412] @ 0.236774s :Initialized HID control interface to device with HW:3400 FW:3432
DEBUG [IRImager.cpp:1367] @ 0.238674s :Set focusmotor position to 50%
DEBUG [IRImager.cpp:433] @ 0.238759s :Frameconfig - width(in): 382, height(in): 290, interval: 370370, max framerate: 27, HW interval: 0.037037
DEBUG [Cali.cpp:87] @ 0.238881s :Calibration directory path: C:\Users\lupus\AppData\Roaming\Imager\Cali
DEBUG [Cali.cpp:88] @ 0.238924s :Calibration file name: Cali-20064016.xml
DEBUG [Cali.cpp:98] @ 0.239742s :Calibration data A: 1450 B:400 C:4095 D:1000
DEBUG [ImageProcessing.cpp:192] @ 0.244168s :Source buffer size: 221560 Width: 382 Height: 290
DEBUG [ImageProcessing.cpp:115] @ 0.301674s :Source buffer size: 221560 Width: 382 Height: 290
DEBUG [OpSource.cpp:334] @ 0.301842s :Using formats path: .\\Formats.def
DEBUG [OpSource.cpp:563] @ 0.302375s :Format found with size: 382
DEBUG [IRImager.cpp:845] @ 0.303188s :Caught onFrameInit with size: 382x288
DEBUG [OpSource.cpp:334] @ 0.304975s :Using formats path: .\\Formats.def
DEBUG [OpSource.cpp:563] @ 0.30539s :Format found with size: 382
DEBUG [OpSource.cpp:334] @ 0.305512s :Using formats path: .\\Formats.def
DEBUG [OpCorr.cpp:465] @ 0.308244s :Read cali: C:\Users\lupus\AppData\Roaming\Imager\Cali\Cali-20064016-53-M20-100.dat
DEBUG [OpCorr.cpp:555] @ 0.308401s :Read calibration of camera no 20064016, # of fields: 6 , start of fields: 40
DEBUG [ImageProcessing.cpp:1095] @ 0.620703s :Update flag temperature: 35.375
DEBUG [ImageProcessing.cpp:1098] @ 0.622665s :Update box temperature: 35.375
DEBUG [Cali.cpp:601] @ 0.62272s :Calibration file path: 00000292AB06E8A4/000000DA3612CEF0.xml
DEBUG [SimpleXML.cpp:238] @ 0.622878s :Failed to open file C:\Users\lupus\AppData\Roaming\Imager\Cali\CaliExt-20064016.xml
DEBUG [IRImager.cpp:547] @ 0.646647s :Chip heating disabled
DEBUG [IRImager.cpp:1102] @ 0.756322s :Start direct autoskim calibration
DEBUG [OpFlag.cpp:591] @ 5.77877s :SkimDiff: -3 Adjust: -2154 State: 4 EMax: 10793 Emin: 1198
DEBUG [OpFlag.cpp:655] @ 5.77885s :SetSkim direct:2387 Diff:-1
DEBUG [OpFlag.cpp:591] @ 5.95464s :SkimDiff: -2 Adjust: -1149 State: 4 EMax: 11806 Emin: 2196
DEBUG [OpFlag.cpp:655] @ 5.95469s :SetSkim direct:2386 Diff:-1
DEBUG [OpFlag.cpp:591] @ 6.14626s :SkimDiff: -1 Adjust: -273 State: 4 EMax: 12693 Emin: 3061
DEBUG [OpFlag.cpp:655] @ 6.14631s :SetSkim direct:2385 Diff:-1
DEBUG [OpFlag.cpp:591] @ 6.32267s :SkimDiff: -1 Adjust: -626 State: 4 EMax: 12321 Emin: 2726
DEBUG [OpFlag.cpp:655] @ 6.32273s :SetSkim direct:2384 Diff:-1
DEBUG [OpFlag.cpp:591] @ 6.51471s :SkimDiff: 2 Adjust: 1415 State: 4 EMax: 14398 Emin: 4732
DEBUG [OpFlag.cpp:655] @ 6.51478s :SetSkim direct:2385 Diff:1
DEBUG [OpFlag.cpp:591] @ 6.70645s :SkimDiff: 1 Adjust: 450 State: 4 EMax: 13402 Emin: 3798
DEBUG [OpFlag.cpp:655] @ 6.70653s :SetSkim direct:2386 Diff:1
DEBUG [OpFlag.cpp:591] @ 6.88264s :SkimDiff: -1 Adjust: -272 State: 4 EMax: 12699 Emin: 3057
DEBUG [OpFlag.cpp:591] @ 6.91426s :SkimDiff: -1 Adjust: -530 State: 4 EMax: 12495 Emin: 2745
DEBUG [OpFlag.cpp:591] @ 6.96253s :SkimDiff: -1 Adjust: -612 State: 4 EMax: 12343 Emin: 2732
DEBUG [OpFlag.cpp:591] @ 6.99419s :SkimDiff: -1 Adjust: -620 State: 4 EMax: 12332 Emin: 2727
INFO [IRImager.cpp:1191] @ 6.99454s :AutoSkim Operation finished
DEBUG [IRImager.cpp:1111] @ 6.99581s :Start flag calibration
DEBUG [IRImager.cpp:1125] @ 10.0337s :Finished startup calibration
DEBUG [IRImager.cpp:1176] @ 25.1069s :Automatic control of shutter flag
DEBUG [OpFlag.cpp:591] @ 25.5547s :SkimDiff: 0 Adjust: 0 State: 0 EMax: 12319 Emin: 2703
DEBUG [IRImager.cpp:662] @ 71.2511s :Release imager
DEBUG [BaseControlDevice.cpp:26] @ 71.2778s :Base destructor called
DEBUG [IRImager.cpp:669] @ 71.2778s :Delete image processing
DEBUG [IRImager.cpp:676] @ 71.2799s :Delete buffer
DEBUG [IRImager.cpp:684] @ 71.2799s :Delete source buffer
DEBUG [IRImager.cpp:691] @ 71.2799s :Delete buffer (energy)
DEBUG [IRImager.cpp:698] @ 71.28s :Delete timer
DEBUG [IRImager.cpp:704] @ 71.28s :Delete manual timer
