DEBUG [IRLogger.cpp:105] @ 0.0003421s :***************************************************
DEBUG [IRLogger.cpp:106] @ 0.000501s :* IRImagerDirect SDK                              *
DEBUG [IRLogger.cpp:107] @ 0.0005862s :***************************************************
DEBUG [IRLogger.cpp:108] @ 0.0006375s :* Version:             8.8.1
DEBUG [IRLogger.cpp:109] @ 0.0007148s :* Commit Date:         Wed Nov 17 11:55:39 2021
DEBUG [IRLogger.cpp:110] @ 0.0007677s :* Commit Branch:       master
DEBUG [IRLogger.cpp:111] @ 0.0008456s :* Commit Hash:         71552585
DEBUG [IRLogger.cpp:113] @ 0.0012683s :* Native Machine:      AMD64
DEBUG [IRLogger.cpp:114] @ 0.0013156s :* Machine:             AMD64
DEBUG [IRLogger.cpp:116] @ 0.0013672s :* OS:                  Windows 10 0 19043
DEBUG [IRLogger.cpp:123] @ 0.0014259s :***************************************************
WARNING [IRDeviceParams.cpp:198] @ 0.0022554s :XML parameter 'average' is deprecated and is not supported anymore.
DEBUG [IRDeviceParams.cpp:220] @ 0.0023017s :Parameters
DEBUG [IRDeviceParams.cpp:221] @ 0.0023892s :serial: 0
DEBUG [IRDeviceParams.cpp:222] @ 0.0024172s :videoformatindex: 0
DEBUG [IRDeviceParams.cpp:223] @ 0.0024852s :fov: 0
DEBUG [IRDeviceParams.cpp:224] @ 0.0025256s :optics_text: 0000000000000000
DEBUG [IRDeviceParams.cpp:225] @ 0.0025611s :formatspath: 0000018B753A6050
DEBUG [IRDeviceParams.cpp:226] @ 0.0026119s :calipath: 0000000000000000
DEBUG [IRDeviceParams.cpp:227] @ 0.0026409s :temperature min: 0
DEBUG [IRDeviceParams.cpp:228] @ 0.0027043s :temperature max: 0
DEBUG [IRDeviceParams.cpp:229] @ 0.0027358s :framerate: 20
DEBUG [IRDeviceParams.cpp:230] @ 0.0027975s :bispectral: 0
DEBUG [IRDeviceParams.cpp:231] @ 0.0028274s :flag automatic: 1
DEBUG [IRDeviceParams.cpp:232] @ 0.002894s :min interval: 15
DEBUG [IRDeviceParams.cpp:233] @ 0.0029558s :max interval: 0
DEBUG [IRDeviceParams.cpp:234] @ 0.0029899s :chip heating mode: 0
DEBUG [IRDeviceParams.cpp:235] @ 0.00302s :chip heating fixed val: 40
DEBUG [IRDeviceParams.cpp:236] @ 0.0030565s :focus:  50
DEBUG [IRDeviceParams.cpp:237] @ 0.0030888s :enable extended temp range: 0
DEBUG [IRDeviceParams.cpp:238] @ 0.0031177s :buffer queue size: 5
DEBUG [IRDeviceParams.cpp:239] @ 0.0031446s :enable high precision: 0
DEBUG [IRDeviceParams.cpp:240] @ 0.0031741s :radialDistortionCorrectionMode: 0
DEBUG [IRDeviceParams.cpp:241] @ 0.0032039s :deviceAPI: 0
DEBUG [IRDeviceParams.cpp:242] @ 0.0032342s :useExternalProbeForReferencing: 0
DEBUG [IRDeviceParams.cpp:243] @ 0.0032685s :enableMultiThreading: 0
DEBUG [IRDeviceParams.cpp:244] @ 0.003306s :deviceIpAddress: 0.0.0.0
DEBUG [IRDeviceParams.cpp:245] @ 0.0033363s :localUdpPort: 0
DEBUG [Cali.cpp:87] @ 0.0848452s :Calibration directory path: C:\Users\lupus\AppData\Roaming\Imager\Cali
DEBUG [Cali.cpp:88] @ 0.0848939s :Calibration file name: Cali-20064016.xml
DEBUG [Cali.cpp:98] @ 0.0855088s :Calibration data A: 1450 B:400 C:4095 D:1000
INFO [IRImager.cpp:263] @ 0.0868579s :Init thermal imager to 20064016 with size: 382x290@27 Hz
DEBUG [Cali.cpp:87] @ 0.0873896s :Calibration directory path: C:\Users\lupus\AppData\Roaming\Imager\Cali
DEBUG [Cali.cpp:88] @ 0.0874219s :Calibration file name: Cali-20064016.xml
DEBUG [Cali.cpp:98] @ 0.0880191s :Calibration data A: 1450 B:400 C:4095 D:1000
DEBUG [Cali.cpp:87] @ 0.0891636s :Calibration directory path: C:\Users\lupus\AppData\Roaming\Imager\Cali
DEBUG [Cali.cpp:88] @ 0.089206s :Calibration file name: Cali-20064016.xml
DEBUG [Cali.cpp:98] @ 0.0897681s :Calibration data A: 1450 B:400 C:4095 D:1000
DEBUG [IRImager.cpp:297] @ 0.089895s :No temperature range configuration specified. Setting default values tMin: -20 , tMax: 100
DEBUG [IRImager.cpp:372] @ 0.0906019s :Using HID control interface
DEBUG [IRImager.cpp:412] @ 0.108733s :Initialized HID control interface to device with HW:3400 FW:3432
DEBUG [IRImager.cpp:1367] @ 0.110493s :Set focusmotor position to 50%
DEBUG [IRImager.cpp:433] @ 0.110528s :Frameconfig - width(in): 382, height(in): 290, interval: 370370, max framerate: 27, HW interval: 0.037037
DEBUG [Cali.cpp:87] @ 0.11059s :Calibration directory path: C:\Users\lupus\AppData\Roaming\Imager\Cali
DEBUG [Cali.cpp:88] @ 0.110612s :Calibration file name: Cali-20064016.xml
DEBUG [Cali.cpp:98] @ 0.111061s :Calibration data A: 1450 B:400 C:4095 D:1000
DEBUG [ImageProcessing.cpp:192] @ 0.115401s :Source buffer size: 221560 Width: 382 Height: 290
DEBUG [ImageProcessing.cpp:115] @ 0.166893s :Source buffer size: 221560 Width: 382 Height: 290
DEBUG [OpSource.cpp:334] @ 0.16707s :Using formats path: .\\Formats.def
DEBUG [OpSource.cpp:563] @ 0.167568s :Format found with size: 382
DEBUG [IRImager.cpp:845] @ 0.168139s :Caught onFrameInit with size: 382x288
DEBUG [OpSource.cpp:334] @ 0.169321s :Using formats path: .\\Formats.def
DEBUG [OpSource.cpp:563] @ 0.169597s :Format found with size: 382
DEBUG [OpSource.cpp:334] @ 0.169679s :Using formats path: .\\Formats.def
DEBUG [OpCorr.cpp:465] @ 0.172095s :Read cali: C:\Users\lupus\AppData\Roaming\Imager\Cali\Cali-20064016-53-M20-100.dat
DEBUG [OpCorr.cpp:555] @ 0.172199s :Read calibration of camera no 20064016, # of fields: 6 , start of fields: 40
DEBUG [ImageProcessing.cpp:1095] @ 0.47652s :Update flag temperature: 33.4375
DEBUG [ImageProcessing.cpp:1098] @ 0.478491s :Update box temperature: 33.4375
DEBUG [Cali.cpp:601] @ 0.478536s :Calibration file path: 0000018B755F6B34/0000002C8BAFCCD0.xml
DEBUG [SimpleXML.cpp:238] @ 0.47873s :Failed to open file C:\Users\lupus\AppData\Roaming\Imager\Cali\CaliExt-20064016.xml
DEBUG [IRImager.cpp:547] @ 0.496667s :Chip heating disabled
DEBUG [IRImager.cpp:1102] @ 0.683099s :Start direct autoskim calibration
DEBUG [OpFlag.cpp:591] @ 5.6882s :SkimDiff: -3 Adjust: -1780 State: 4 EMax: 11053 Emin: 1687
DEBUG [OpFlag.cpp:655] @ 5.68826s :SetSkim direct:2387 Diff:-1
DEBUG [OpFlag.cpp:591] @ 5.88039s :SkimDiff: -2 Adjust: -820 State: 4 EMax: 12009 Emin: 2650
DEBUG [OpFlag.cpp:655] @ 5.88046s :SetSkim direct:2386 Diff:-1
DEBUG [OpFlag.cpp:591] @ 6.07217s :SkimDiff: -2 Adjust: -842 State: 4 EMax: 11987 Emin: 2629
DEBUG [OpFlag.cpp:655] @ 6.07222s :SetSkim direct:2385 Diff:-1
DEBUG [OpFlag.cpp:591] @ 6.24808s :SkimDiff: 1 Adjust: 737 State: 4 EMax: 13574 Emin: 4200
DEBUG [OpFlag.cpp:591] @ 6.29631s :SkimDiff: 1 Adjust: 727 State: 4 EMax: 13573 Emin: 4181
DEBUG [OpFlag.cpp:591] @ 6.32871s :SkimDiff: 1 Adjust: 736 State: 4 EMax: 13554 Emin: 4219
INFO [IRImager.cpp:1191] @ 6.32936s :AutoSkim Operation finished
DEBUG [IRImager.cpp:1111] @ 6.33114s :Start flag calibration
DEBUG [IRImager.cpp:1125] @ 9.36956s :Finished startup calibration
DEBUG [IRImager.cpp:1176] @ 24.4082s :Automatic control of shutter flag
DEBUG [OpFlag.cpp:591] @ 24.8562s :SkimDiff: 0 Adjust: 0 State: 0 EMax: 13241 Emin: 3853
