DEBUG [IRLogger.cpp:105] @ 0.0003708s :***************************************************
DEBUG [IRLogger.cpp:106] @ 0.0004785s :* IRImagerDirect SDK                              *
DEBUG [IRLogger.cpp:107] @ 0.0005232s :***************************************************
DEBUG [IRLogger.cpp:108] @ 0.0005596s :* Version:             8.8.1
DEBUG [IRLogger.cpp:109] @ 0.0005946s :* Commit Date:         Wed Nov 17 11:55:39 2021
DEBUG [IRLogger.cpp:110] @ 0.000629s :* Commit Branch:       master
DEBUG [IRLogger.cpp:111] @ 0.0006976s :* Commit Hash:         71552585
DEBUG [IRLogger.cpp:113] @ 0.0011197s :* Native Machine:      AMD64
DEBUG [IRLogger.cpp:114] @ 0.0011684s :* Machine:             AMD64
DEBUG [IRLogger.cpp:116] @ 0.0012175s :* OS:                  Windows 10 0 19043
DEBUG [IRLogger.cpp:123] @ 0.0012572s :***************************************************
WARNING [IRDeviceParams.cpp:198] @ 0.0019464s :XML parameter 'average' is deprecated and is not supported anymore.
DEBUG [IRDeviceParams.cpp:220] @ 0.0019744s :Parameters
DEBUG [IRDeviceParams.cpp:221] @ 0.0019932s :serial: 0
DEBUG [IRDeviceParams.cpp:222] @ 0.0020107s :videoformatindex: 0
DEBUG [IRDeviceParams.cpp:223] @ 0.0020277s :fov: 0
DEBUG [IRDeviceParams.cpp:224] @ 0.0020472s :optics_text: 0000000000000000
DEBUG [IRDeviceParams.cpp:225] @ 0.0020651s :formatspath: 00000207D3FD0630
DEBUG [IRDeviceParams.cpp:226] @ 0.0020822s :calipath: 0000000000000000
DEBUG [IRDeviceParams.cpp:227] @ 0.0020995s :temperature min: 0
DEBUG [IRDeviceParams.cpp:228] @ 0.0021166s :temperature max: 0
DEBUG [IRDeviceParams.cpp:229] @ 0.0022127s :framerate: 20
DEBUG [IRDeviceParams.cpp:230] @ 0.0022491s :bispectral: 0
DEBUG [IRDeviceParams.cpp:231] @ 0.0023044s :flag automatic: 1
DEBUG [IRDeviceParams.cpp:232] @ 0.002344s :min interval: 15
DEBUG [IRDeviceParams.cpp:233] @ 0.0023784s :max interval: 0
DEBUG [IRDeviceParams.cpp:234] @ 0.0024316s :chip heating mode: 0
DEBUG [IRDeviceParams.cpp:235] @ 0.0024727s :chip heating fixed val: 40
DEBUG [IRDeviceParams.cpp:236] @ 0.0025482s :focus:  50
DEBUG [IRDeviceParams.cpp:237] @ 0.002586s :enable extended temp range: 0
DEBUG [IRDeviceParams.cpp:238] @ 0.0026144s :buffer queue size: 5
DEBUG [IRDeviceParams.cpp:239] @ 0.0026601s :enable high precision: 0
DEBUG [IRDeviceParams.cpp:240] @ 0.0026915s :radialDistortionCorrectionMode: 0
DEBUG [IRDeviceParams.cpp:241] @ 0.0027476s :deviceAPI: 0
DEBUG [IRDeviceParams.cpp:242] @ 0.0027833s :useExternalProbeForReferencing: 0
DEBUG [IRDeviceParams.cpp:243] @ 0.0028365s :enableMultiThreading: 0
DEBUG [IRDeviceParams.cpp:244] @ 0.0028882s :deviceIpAddress: 0.0.0.0
DEBUG [IRDeviceParams.cpp:245] @ 0.0029239s :localUdpPort: 0
DEBUG [Cali.cpp:87] @ 0.0911491s :Calibration directory path: C:\Users\lupus\AppData\Roaming\Imager\Cali
DEBUG [Cali.cpp:88] @ 0.0911982s :Calibration file name: Cali-20064016.xml
DEBUG [Cali.cpp:98] @ 0.0918512s :Calibration data A: 1450 B:400 C:4095 D:1000
INFO [IRImager.cpp:263] @ 0.0937039s :Init thermal imager to 20064016 with size: 382x290@27 Hz
DEBUG [Cali.cpp:87] @ 0.09432s :Calibration directory path: C:\Users\lupus\AppData\Roaming\Imager\Cali
DEBUG [Cali.cpp:88] @ 0.0943588s :Calibration file name: Cali-20064016.xml
DEBUG [Cali.cpp:98] @ 0.0949964s :Calibration data A: 1450 B:400 C:4095 D:1000
DEBUG [Cali.cpp:87] @ 0.0962596s :Calibration directory path: C:\Users\lupus\AppData\Roaming\Imager\Cali
DEBUG [Cali.cpp:88] @ 0.0963068s :Calibration file name: Cali-20064016.xml
DEBUG [Cali.cpp:98] @ 0.0971191s :Calibration data A: 1450 B:400 C:4095 D:1000
DEBUG [IRImager.cpp:297] @ 0.0972907s :No temperature range configuration specified. Setting default values tMin: -20 , tMax: 100
DEBUG [IRImager.cpp:372] @ 0.0981226s :Using HID control interface
DEBUG [IRImager.cpp:412] @ 0.116688s :Initialized HID control interface to device with HW:3400 FW:3432
DEBUG [IRImager.cpp:1367] @ 0.118444s :Set focusmotor position to 50%
DEBUG [IRImager.cpp:433] @ 0.118506s :Frameconfig - width(in): 382, height(in): 290, interval: 370370, max framerate: 27, HW interval: 0.037037
DEBUG [Cali.cpp:87] @ 0.118595s :Calibration directory path: C:\Users\lupus\AppData\Roaming\Imager\Cali
DEBUG [Cali.cpp:88] @ 0.118627s :Calibration file name: Cali-20064016.xml
DEBUG [Cali.cpp:98] @ 0.119308s :Calibration data A: 1450 B:400 C:4095 D:1000
DEBUG [ImageProcessing.cpp:192] @ 0.123826s :Source buffer size: 221560 Width: 382 Height: 290
DEBUG [ImageProcessing.cpp:115] @ 0.157079s :Source buffer size: 221560 Width: 382 Height: 290
DEBUG [OpSource.cpp:334] @ 0.157205s :Using formats path: .\\Formats.def
DEBUG [OpSource.cpp:563] @ 0.157634s :Format found with size: 382
DEBUG [IRImager.cpp:845] @ 0.15835s :Caught onFrameInit with size: 382x288
DEBUG [OpSource.cpp:334] @ 0.159735s :Using formats path: .\\Formats.def
DEBUG [OpSource.cpp:563] @ 0.160068s :Format found with size: 382
DEBUG [OpSource.cpp:334] @ 0.160153s :Using formats path: .\\Formats.def
DEBUG [OpCorr.cpp:465] @ 0.162495s :Read cali: C:\Users\lupus\AppData\Roaming\Imager\Cali\Cali-20064016-53-M20-100.dat
DEBUG [OpCorr.cpp:555] @ 0.16261s :Read calibration of camera no 20064016, # of fields: 6 , start of fields: 40
DEBUG [ImageProcessing.cpp:1095] @ 0.451992s :Update flag temperature: 35.1875
DEBUG [ImageProcessing.cpp:1098] @ 0.453967s :Update box temperature: 35.1875
DEBUG [Cali.cpp:601] @ 0.454007s :Calibration file path: 00000207D40543A4/000000F774DCCEC0.xml
DEBUG [SimpleXML.cpp:238] @ 0.454143s :Failed to open file C:\Users\lupus\AppData\Roaming\Imager\Cali\CaliExt-20064016.xml
DEBUG [IRImager.cpp:547] @ 0.468093s :Chip heating disabled
DEBUG [IRImager.cpp:1102] @ 0.577516s :Start direct autoskim calibration
DEBUG [OpFlag.cpp:591] @ 5.58987s :SkimDiff: -3 Adjust: -2155 State: 4 EMax: 10797 Emin: 1193
DEBUG [OpFlag.cpp:655] @ 5.5902s :SetSkim direct:2387 Diff:-1
DEBUG [OpFlag.cpp:591] @ 5.78092s :SkimDiff: -2 Adjust: -1174 State: 4 EMax: 11777 Emin: 2174
DEBUG [OpFlag.cpp:655] @ 5.7812s :SetSkim direct:2386 Diff:-1
DEBUG [OpFlag.cpp:591] @ 5.97204s :SkimDiff: -1 Adjust: -301 State: 4 EMax: 12686 Emin: 3012
DEBUG [OpFlag.cpp:655] @ 5.97236s :SetSkim direct:2385 Diff:-1
DEBUG [OpFlag.cpp:591] @ 6.1439s :SkimDiff: 1 Adjust: 421 State: 4 EMax: 13422 Emin: 3720
DEBUG [OpFlag.cpp:591] @ 6.1997s :SkimDiff: 1 Adjust: 172 State: 4 EMax: 13187 Emin: 3458
DEBUG [OpFlag.cpp:591] @ 6.22687s :SkimDiff: 1 Adjust: 114 State: 4 EMax: 13060 Emin: 3469
DEBUG [OpFlag.cpp:591] @ 6.26055s :SkimDiff: 1 Adjust: 106 State: 4 EMax: 13061 Emin: 3452
DEBUG [OpFlag.cpp:591] @ 6.30376s :SkimDiff: 1 Adjust: 108 State: 4 EMax: 13060 Emin: 3456
DEBUG [OpFlag.cpp:591] @ 6.33569s :SkimDiff: 1 Adjust: 105 State: 4 EMax: 13055 Emin: 3455
INFO [IRImager.cpp:1191] @ 6.3361s :AutoSkim Operation finished
DEBUG [IRImager.cpp:1111] @ 6.33747s :Start flag calibration
DEBUG [IRImager.cpp:1125] @ 9.37593s :Finished startup calibration
DEBUG [IRImager.cpp:662] @ 13.3501s :Release imager
DEBUG [BaseControlDevice.cpp:26] @ 13.3928s :Base destructor called
DEBUG [IRImager.cpp:669] @ 13.393s :Delete image processing
DEBUG [IRImager.cpp:676] @ 13.4089s :Delete buffer
DEBUG [IRImager.cpp:684] @ 13.4091s :Delete source buffer
DEBUG [IRImager.cpp:691] @ 13.4092s :Delete buffer (energy)
DEBUG [IRImager.cpp:698] @ 13.4093s :Delete timer
DEBUG [IRImager.cpp:704] @ 13.4094s :Delete manual timer
