DEBUG [IRLogger.cpp:105] @ 0.0003652s :***************************************************
DEBUG [IRLogger.cpp:106] @ 0.0004719s :* IRImagerDirect SDK                              *
DEBUG [IRLogger.cpp:107] @ 0.0005225s :***************************************************
DEBUG [IRLogger.cpp:108] @ 0.0006161s :* Version:             8.8.1
DEBUG [IRLogger.cpp:109] @ 0.0006654s :* Commit Date:         Wed Nov 17 11:55:39 2021
DEBUG [IRLogger.cpp:110] @ 0.0007109s :* Commit Branch:       master
DEBUG [IRLogger.cpp:111] @ 0.000762s :* Commit Hash:         71552585
DEBUG [IRLogger.cpp:113] @ 0.001088s :* Native Machine:      AMD64
DEBUG [IRLogger.cpp:114] @ 0.0011628s :* Machine:             AMD64
DEBUG [IRLogger.cpp:116] @ 0.0012161s :* OS:                  Windows 10 0 19043
DEBUG [IRLogger.cpp:123] @ 0.0012809s :***************************************************
WARNING [IRDeviceParams.cpp:198] @ 0.0021467s :XML parameter 'average' is deprecated and is not supported anymore.
DEBUG [IRDeviceParams.cpp:220] @ 0.0021953s :Parameters
DEBUG [IRDeviceParams.cpp:221] @ 0.0022719s :serial: 0
DEBUG [IRDeviceParams.cpp:222] @ 0.0023003s :videoformatindex: 0
DEBUG [IRDeviceParams.cpp:223] @ 0.0023255s :fov: 0
DEBUG [IRDeviceParams.cpp:224] @ 0.0023587s :optics_text: 0000000000000000
DEBUG [IRDeviceParams.cpp:225] @ 0.002386s :formatspath: 00000203CB0E4B20
DEBUG [IRDeviceParams.cpp:226] @ 0.002412s :calipath: 0000000000000000
DEBUG [IRDeviceParams.cpp:227] @ 0.0024374s :temperature min: 0
DEBUG [IRDeviceParams.cpp:228] @ 0.002462s :temperature max: 0
DEBUG [IRDeviceParams.cpp:229] @ 0.0024884s :framerate: 20
DEBUG [IRDeviceParams.cpp:230] @ 0.0025143s :bispectral: 0
DEBUG [IRDeviceParams.cpp:231] @ 0.0025412s :flag automatic: 1
DEBUG [IRDeviceParams.cpp:232] @ 0.0025677s :min interval: 15
DEBUG [IRDeviceParams.cpp:233] @ 0.0026446s :max interval: 0
DEBUG [IRDeviceParams.cpp:234] @ 0.0026807s :chip heating mode: 0
DEBUG [IRDeviceParams.cpp:235] @ 0.0027139s :chip heating fixed val: 40
DEBUG [IRDeviceParams.cpp:236] @ 0.0027416s :focus:  50
DEBUG [IRDeviceParams.cpp:237] @ 0.0027679s :enable extended temp range: 0
DEBUG [IRDeviceParams.cpp:238] @ 0.0027931s :buffer queue size: 5
DEBUG [IRDeviceParams.cpp:239] @ 0.0028172s :enable high precision: 0
DEBUG [IRDeviceParams.cpp:240] @ 0.0028436s :radialDistortionCorrectionMode: 0
DEBUG [IRDeviceParams.cpp:241] @ 0.0028711s :deviceAPI: 0
DEBUG [IRDeviceParams.cpp:242] @ 0.0029084s :useExternalProbeForReferencing: 0
DEBUG [IRDeviceParams.cpp:243] @ 0.002942s :enableMultiThreading: 0
DEBUG [IRDeviceParams.cpp:244] @ 0.002978s :deviceIpAddress: 0.0.0.0
DEBUG [IRDeviceParams.cpp:245] @ 0.0030095s :localUdpPort: 0
DEBUG [Cali.cpp:87] @ 0.119681s :Calibration directory path: C:\Users\lupus\AppData\Roaming\Imager\Cali
DEBUG [Cali.cpp:88] @ 0.119731s :Calibration file name: Cali-20064016.xml
DEBUG [Cali.cpp:98] @ 0.120408s :Calibration data A: 1450 B:400 C:4095 D:1000
INFO [IRImager.cpp:263] @ 0.122052s :Init thermal imager to 20064016 with size: 382x290@27 Hz
DEBUG [Cali.cpp:87] @ 0.122627s :Calibration directory path: C:\Users\lupus\AppData\Roaming\Imager\Cali
DEBUG [Cali.cpp:88] @ 0.122666s :Calibration file name: Cali-20064016.xml
DEBUG [Cali.cpp:98] @ 0.123419s :Calibration data A: 1450 B:400 C:4095 D:1000
DEBUG [Cali.cpp:87] @ 0.124671s :Calibration directory path: C:\Users\lupus\AppData\Roaming\Imager\Cali
DEBUG [Cali.cpp:88] @ 0.124714s :Calibration file name: Cali-20064016.xml
DEBUG [Cali.cpp:98] @ 0.125379s :Calibration data A: 1450 B:400 C:4095 D:1000
DEBUG [IRImager.cpp:297] @ 0.12552s :No temperature range configuration specified. Setting default values tMin: -20 , tMax: 100
DEBUG [IRImager.cpp:372] @ 0.126299s :Using HID control interface
DEBUG [IRImager.cpp:412] @ 0.14727s :Initialized HID control interface to device with HW:3400 FW:3432
DEBUG [IRImager.cpp:1367] @ 0.14937s :Set focusmotor position to 50%
DEBUG [IRImager.cpp:433] @ 0.149622s :Frameconfig - width(in): 382, height(in): 290, interval: 370370, max framerate: 27, HW interval: 0.037037
DEBUG [Cali.cpp:87] @ 0.149789s :Calibration directory path: C:\Users\lupus\AppData\Roaming\Imager\Cali
DEBUG [Cali.cpp:88] @ 0.149817s :Calibration file name: Cali-20064016.xml
DEBUG [Cali.cpp:98] @ 0.150332s :Calibration data A: 1450 B:400 C:4095 D:1000
DEBUG [ImageProcessing.cpp:192] @ 0.154803s :Source buffer size: 221560 Width: 382 Height: 290
DEBUG [ImageProcessing.cpp:115] @ 0.198979s :Source buffer size: 221560 Width: 382 Height: 290
DEBUG [OpSource.cpp:334] @ 0.199154s :Using formats path: .\\Formats.def
DEBUG [OpSource.cpp:563] @ 0.200219s :Format found with size: 382
DEBUG [IRImager.cpp:845] @ 0.201077s :Caught onFrameInit with size: 382x288
DEBUG [OpSource.cpp:334] @ 0.202703s :Using formats path: .\\Formats.def
DEBUG [OpSource.cpp:563] @ 0.203234s :Format found with size: 382
DEBUG [OpSource.cpp:334] @ 0.203376s :Using formats path: .\\Formats.def
DEBUG [OpCorr.cpp:465] @ 0.206229s :Read cali: C:\Users\lupus\AppData\Roaming\Imager\Cali\Cali-20064016-53-M20-100.dat
DEBUG [OpCorr.cpp:555] @ 0.206379s :Read calibration of camera no 20064016, # of fields: 6 , start of fields: 40
DEBUG [ImageProcessing.cpp:1095] @ 0.521798s :Update flag temperature: 28
DEBUG [ImageProcessing.cpp:1098] @ 0.523805s :Update box temperature: 28
DEBUG [Cali.cpp:601] @ 0.523931s :Calibration file path: 00000203CB13B164/0000005ACD6FCCF0.xml
DEBUG [SimpleXML.cpp:238] @ 0.524218s :Failed to open file C:\Users\lupus\AppData\Roaming\Imager\Cali\CaliExt-20064016.xml
DEBUG [IRImager.cpp:547] @ 0.539562s :Chip heating disabled
DEBUG [IRImager.cpp:1102] @ 0.634502s :Start direct autoskim calibration
DEBUG [OpFlag.cpp:591] @ 5.66244s :SkimDiff: -3 Adjust: -1643 State: 4 EMax: 10844 Emin: 2170
DEBUG [OpFlag.cpp:655] @ 5.66269s :SetSkim direct:2387 Diff:-1
DEBUG [OpFlag.cpp:591] @ 5.83497s :SkimDiff: 1 Adjust: 198 State: 4 EMax: 12691 Emin: 4006
DEBUG [OpFlag.cpp:591] @ 5.88056s :SkimDiff: 1 Adjust: 205 State: 4 EMax: 12668 Emin: 4042
DEBUG [OpFlag.cpp:591] @ 5.91254s :SkimDiff: 1 Adjust: 186 State: 4 EMax: 12686 Emin: 3987
DEBUG [OpFlag.cpp:591] @ 5.94457s :SkimDiff: 1 Adjust: 35 State: 4 EMax: 12589 Emin: 3781
DEBUG [OpFlag.cpp:591] @ 5.99247s :SkimDiff: -1 Adjust: -41 State: 4 EMax: 12443 Emin: 3775
DEBUG [OpFlag.cpp:591] @ 6.0245s :SkimDiff: -1 Adjust: -49 State: 4 EMax: 12431 Emin: 3770
DEBUG [OpFlag.cpp:591] @ 6.05631s :SkimDiff: -1 Adjust: -50 State: 4 EMax: 12430 Emin: 3770
DEBUG [OpFlag.cpp:591] @ 6.09381s :SkimDiff: -1 Adjust: -49 State: 4 EMax: 12431 Emin: 3771
INFO [IRImager.cpp:1191] @ 6.09463s :AutoSkim Operation finished
DEBUG [IRImager.cpp:1111] @ 6.10133s :Start flag calibration
DEBUG [IRImager.cpp:1125] @ 9.1765s :Finished startup calibration
DEBUG [IRImager.cpp:1176] @ 24.2168s :Automatic control of shutter flag
DEBUG [OpFlag.cpp:591] @ 24.6645s :SkimDiff: 0 Adjust: 0 State: 0 EMax: 12356 Emin: 3642
DEBUG [IRImager.cpp:1176] @ 39.2684s :Automatic control of shutter flag
DEBUG [IRImager.cpp:1176] @ 54.3313s :Automatic control of shutter flag
DEBUG [OpFlag.cpp:591] @ 54.7603s :SkimDiff: 0 Adjust: 0 State: 0 EMax: 12366 Emin: 3647
DEBUG [IRImager.cpp:1176] @ 69.4043s :Automatic control of shutter flag
DEBUG [IRImager.cpp:1176] @ 84.4737s :Automatic control of shutter flag
DEBUG [OpFlag.cpp:591] @ 84.9204s :SkimDiff: 0 Adjust: 0 State: 0 EMax: 12343 Emin: 3585
DEBUG [IRImager.cpp:1176] @ 99.545s :Automatic control of shutter flag
DEBUG [IRImager.cpp:1176] @ 114.616s :Automatic control of shutter flag
DEBUG [OpFlag.cpp:591] @ 115.064s :SkimDiff: 0 Adjust: 0 State: 0 EMax: 12314 Emin: 3515
DEBUG [IRImager.cpp:1176] @ 129.689s :Automatic control of shutter flag
DEBUG [IRImager.cpp:1176] @ 146.369s :Automatic control of shutter flag
DEBUG [OpFlag.cpp:591] @ 146.793s :SkimDiff: 0 Adjust: 0 State: 0 EMax: 12279 Emin: 3458
DEBUG [IRImager.cpp:1176] @ 161.432s :Automatic control of shutter flag
DEBUG [IRImager.cpp:1176] @ 176.513s :Automatic control of shutter flag
DEBUG [OpFlag.cpp:591] @ 176.954s :SkimDiff: 0 Adjust: 0 State: 0 EMax: 12258 Emin: 3408
DEBUG [IRImager.cpp:1176] @ 191.577s :Automatic control of shutter flag
DEBUG [IRImager.cpp:1176] @ 208.728s :Automatic control of shutter flag
DEBUG [OpFlag.cpp:591] @ 209.176s :SkimDiff: 0 Adjust: 0 State: 0 EMax: 12213 Emin: 3356
DEBUG [IRImager.cpp:1176] @ 224.985s :Automatic control of shutter flag
DEBUG [IRImager.cpp:1176] @ 240.249s :Automatic control of shutter flag
DEBUG [OpFlag.cpp:591] @ 240.697s :SkimDiff: 0 Adjust: 0 State: 0 EMax: 12196 Emin: 3300
DEBUG [IRImager.cpp:1176] @ 255.465s :Automatic control of shutter flag
DEBUG [IRImager.cpp:1176] @ 272.731s :Automatic control of shutter flag
DEBUG [OpFlag.cpp:591] @ 273.177s :SkimDiff: 0 Adjust: 0 State: 0 EMax: 12162 Emin: 3245
DEBUG [IRImager.cpp:1176] @ 288.024s :Automatic control of shutter flag
DEBUG [IRImager.cpp:1176] @ 303.24s :Automatic control of shutter flag
DEBUG [OpFlag.cpp:591] @ 303.721s :SkimDiff: 0 Adjust: 0 State: 0 EMax: 12159 Emin: 3218
DEBUG [IRImager.cpp:1176] @ 318.322s :Automatic control of shutter flag
DEBUG [IRImager.cpp:1176] @ 333.384s :Automatic control of shutter flag
DEBUG [OpFlag.cpp:591] @ 333.832s :SkimDiff: 0 Adjust: 0 State: 0 EMax: 12142 Emin: 3174
DEBUG [IRImager.cpp:1176] @ 348.458s :Automatic control of shutter flag
DEBUG [IRImager.cpp:1176] @ 363.529s :Automatic control of shutter flag
DEBUG [OpFlag.cpp:591] @ 363.978s :SkimDiff: 0 Adjust: 0 State: 0 EMax: 12123 Emin: 3124
DEBUG [IRImager.cpp:1176] @ 378.617s :Automatic control of shutter flag
DEBUG [IRImager.cpp:1176] @ 393.688s :Automatic control of shutter flag
DEBUG [OpFlag.cpp:591] @ 394.12s :SkimDiff: 0 Adjust: 0 State: 0 EMax: 12089 Emin: 3082
DEBUG [IRImager.cpp:1176] @ 408.873s :Automatic control of shutter flag
DEBUG [IRImager.cpp:1176] @ 424.232s :Automatic control of shutter flag
DEBUG [OpFlag.cpp:591] @ 424.681s :SkimDiff: 0 Adjust: 0 State: 0 EMax: 12057 Emin: 3019
DEBUG [IRImager.cpp:1176] @ 440.489s :Automatic control of shutter flag
DEBUG [IRImager.cpp:1176] @ 458.985s :Automatic control of shutter flag
DEBUG [OpFlag.cpp:591] @ 459.437s :SkimDiff: 0 Adjust: 0 State: 0 EMax: 12039 Emin: 2997
DEBUG [IRImager.cpp:1176] @ 477.144s :Automatic control of shutter flag
DEBUG [IRImager.cpp:1176] @ 499.672s :Automatic control of shutter flag
DEBUG [OpFlag.cpp:591] @ 500.12s :SkimDiff: 0 Adjust: 0 State: 0 EMax: 12004 Emin: 2933
DEBUG [IRImager.cpp:1176] @ 515.929s :Automatic control of shutter flag
DEBUG [IRImager.cpp:1176] @ 531.16s :Automatic control of shutter flag
DEBUG [OpFlag.cpp:591] @ 531.608s :SkimDiff: 0 Adjust: 0 State: 0 EMax: 11972 Emin: 2890
DEBUG [IRImager.cpp:1176] @ 548.233s :Automatic control of shutter flag
DEBUG [IRImager.cpp:1176] @ 563.272s :Automatic control of shutter flag
DEBUG [OpFlag.cpp:591] @ 563.72s :SkimDiff: 0 Adjust: 0 State: 0 EMax: 11957 Emin: 2852
DEBUG [IRImager.cpp:1176] @ 584.313s :Automatic control of shutter flag
DEBUG [IRImager.cpp:1176] @ 605.768s :Automatic control of shutter flag
DEBUG [OpFlag.cpp:591] @ 606.222s :SkimDiff: 0 Adjust: 0 State: 0 EMax: 11936 Emin: 2804
DEBUG [IRImager.cpp:1176] @ 627.976s :Automatic control of shutter flag
DEBUG [IRImager.cpp:1176] @ 659.272s :Automatic control of shutter flag
DEBUG [OpFlag.cpp:591] @ 659.72s :SkimDiff: 0 Adjust: 0 State: 0 EMax: 11901 Emin: 2745
DEBUG [IRImager.cpp:1176] @ 680.663s :Automatic control of shutter flag
DEBUG [IRImager.cpp:1176] @ 706.169s :Automatic control of shutter flag
DEBUG [OpFlag.cpp:591] @ 706.605s :SkimDiff: 0 Adjust: 0 State: 0 EMax: 11889 Emin: 2702
DEBUG [IRImager.cpp:1176] @ 729.033s :Automatic control of shutter flag
DEBUG [IRImager.cpp:1176] @ 754.201s :Automatic control of shutter flag
DEBUG [OpFlag.cpp:591] @ 754.684s :SkimDiff: 0 Adjust: 0 State: 0 EMax: 11866 Emin: 2664
DEBUG [IRImager.cpp:1176] @ 791.033s :Automatic control of shutter flag
DEBUG [IRImager.cpp:1176] @ 814.601s :Automatic control of shutter flag
DEBUG [OpFlag.cpp:591] @ 815.08s :SkimDiff: 0 Adjust: 0 State: 0 EMax: 11832 Emin: 2623
DEBUG [IRImager.cpp:1176] @ 829.672s :Automatic control of shutter flag
DEBUG [IRImager.cpp:1176] @ 854.841s :Automatic control of shutter flag
DEBUG [OpFlag.cpp:591] @ 855.288s :SkimDiff: 0 Adjust: 0 State: 0 EMax: 11821 Emin: 2589
DEBUG [IRImager.cpp:1176] @ 873.112s :Automatic control of shutter flag
DEBUG [IRImager.cpp:1176] @ 896.089s :Automatic control of shutter flag
DEBUG [OpFlag.cpp:591] @ 896.584s :SkimDiff: 0 Adjust: 0 State: 0 EMax: 11812 Emin: 2552
DEBUG [IRImager.cpp:1176] @ 917.451s :Automatic control of shutter flag
DEBUG [IRImager.cpp:1176] @ 945.288s :Automatic control of shutter flag
DEBUG [OpFlag.cpp:591] @ 945.736s :SkimDiff: 0 Adjust: 0 State: 0 EMax: 11784 Emin: 2522
DEBUG [IRImager.cpp:1176] @ 966.327s :Automatic control of shutter flag
DEBUG [IRImager.cpp:1176] @ 993.208s :Automatic control of shutter flag
DEBUG [OpFlag.cpp:591] @ 993.657s :SkimDiff: 0 Adjust: 0 State: 0 EMax: 11776 Emin: 2478
DEBUG [IRImager.cpp:1176] @ 1012.81s :Automatic control of shutter flag
DEBUG [IRImager.cpp:1176] @ 1042.18s :Automatic control of shutter flag
DEBUG [OpFlag.cpp:591] @ 1042.63s :SkimDiff: 0 Adjust: 0 State: 0 EMax: 11755 Emin: 2435
DEBUG [IRImager.cpp:1176] @ 1069.46s :Automatic control of shutter flag
DEBUG [IRImager.cpp:1176] @ 1097.83s :Automatic control of shutter flag
DEBUG [OpFlag.cpp:591] @ 1098.28s :SkimDiff: 0 Adjust: 0 State: 0 EMax: 11738 Emin: 2429
DEBUG [IRImager.cpp:1176] @ 1125.64s :Automatic control of shutter flag
DEBUG [IRImager.cpp:1176] @ 1158.97s :Automatic control of shutter flag
DEBUG [OpFlag.cpp:591] @ 1159.39s :SkimDiff: 0 Adjust: 0 State: 0 EMax: 11716 Emin: 2390
DEBUG [IRImager.cpp:1176] @ 1208.31s :Automatic control of shutter flag
DEBUG [IRImager.cpp:1176] @ 1246.36s :Automatic control of shutter flag
DEBUG [OpFlag.cpp:591] @ 1246.86s :SkimDiff: 0 Adjust: 0 State: 0 EMax: 11691 Emin: 2345
