DEBUG [IRLogger.cpp:105] @ 0.0010199s :***************************************************
DEBUG [IRLogger.cpp:106] @ 0.0011883s :* IRImagerDirect SDK                              *
DEBUG [IRLogger.cpp:107] @ 0.0053724s :***************************************************
DEBUG [IRLogger.cpp:108] @ 0.0054649s :* Version:             8.8.1
DEBUG [IRLogger.cpp:109] @ 0.0056135s :* Commit Date:         Wed Nov 17 11:55:39 2021
DEBUG [IRLogger.cpp:110] @ 0.0058117s :* Commit Branch:       master
DEBUG [IRLogger.cpp:111] @ 0.0071028s :* Commit Hash:         71552585
DEBUG [IRLogger.cpp:113] @ 0.0094093s :* Native Machine:      AMD64
DEBUG [IRLogger.cpp:114] @ 0.0139096s :* Machine:             AMD64
DEBUG [IRLogger.cpp:116] @ 0.0157134s :* OS:                  Windows 10 0 19043
DEBUG [IRLogger.cpp:123] @ 0.0157661s :***************************************************
WARNING [IRDeviceParams.cpp:198] @ 0.0167993s :XML parameter 'average' is deprecated and is not supported anymore.
DEBUG [IRDeviceParams.cpp:220] @ 0.0168473s :Parameters
DEBUG [IRDeviceParams.cpp:221] @ 0.0168757s :serial: 0
DEBUG [IRDeviceParams.cpp:222] @ 0.0169011s :videoformatindex: 0
DEBUG [IRDeviceParams.cpp:223] @ 0.0169262s :fov: 0
DEBUG [IRDeviceParams.cpp:224] @ 0.0169889s :optics_text: 0000000000000000
DEBUG [IRDeviceParams.cpp:225] @ 0.0170343s :formatspath: 0000018AC1CB4FF0
DEBUG [IRDeviceParams.cpp:226] @ 0.017078s :calipath: 0000000000000000
DEBUG [IRDeviceParams.cpp:227] @ 0.0171136s :temperature min: 0
DEBUG [IRDeviceParams.cpp:228] @ 0.0171454s :temperature max: 0
DEBUG [IRDeviceParams.cpp:229] @ 0.0171794s :framerate: 20
DEBUG [IRDeviceParams.cpp:230] @ 0.0172125s :bispectral: 0
DEBUG [IRDeviceParams.cpp:231] @ 0.0172426s :flag automatic: 1
DEBUG [IRDeviceParams.cpp:232] @ 0.0172769s :min interval: 15
DEBUG [IRDeviceParams.cpp:233] @ 0.0173102s :max interval: 0
DEBUG [IRDeviceParams.cpp:234] @ 0.0173418s :chip heating mode: 0
DEBUG [IRDeviceParams.cpp:235] @ 0.0173738s :chip heating fixed val: 40
DEBUG [IRDeviceParams.cpp:236] @ 0.0175847s :focus:  50
DEBUG [IRDeviceParams.cpp:237] @ 0.0176194s :enable extended temp range: 0
DEBUG [IRDeviceParams.cpp:238] @ 0.0176525s :buffer queue size: 5
DEBUG [IRDeviceParams.cpp:239] @ 0.017684s :enable high precision: 0
DEBUG [IRDeviceParams.cpp:240] @ 0.0177163s :radialDistortionCorrectionMode: 0
DEBUG [IRDeviceParams.cpp:241] @ 0.0177486s :deviceAPI: 0
DEBUG [IRDeviceParams.cpp:242] @ 0.0177895s :useExternalProbeForReferencing: 0
DEBUG [IRDeviceParams.cpp:243] @ 0.0178216s :enableMultiThreading: 0
DEBUG [IRDeviceParams.cpp:244] @ 0.0178585s :deviceIpAddress: 0.0.0.0
DEBUG [IRDeviceParams.cpp:245] @ 0.0178915s :localUdpPort: 0
DEBUG [Cali.cpp:87] @ 0.19069s :Calibration directory path: C:\Users\lupus\AppData\Roaming\Imager\Cali
DEBUG [Cali.cpp:88] @ 0.19075s :Calibration file name: Cali-20064016.xml
DEBUG [Cali.cpp:98] @ 0.191609s :Calibration data A: 1450 B:400 C:4095 D:1000
INFO [IRImager.cpp:263] @ 0.195287s :Init thermal imager to 20064016 with size: 382x290@27 Hz
DEBUG [Cali.cpp:87] @ 0.195881s :Calibration directory path: C:\Users\lupus\AppData\Roaming\Imager\Cali
DEBUG [Cali.cpp:88] @ 0.195927s :Calibration file name: Cali-20064016.xml
DEBUG [Cali.cpp:98] @ 0.19678s :Calibration data A: 1450 B:400 C:4095 D:1000
DEBUG [Cali.cpp:87] @ 0.197959s :Calibration directory path: C:\Users\lupus\AppData\Roaming\Imager\Cali
DEBUG [Cali.cpp:88] @ 0.198s :Calibration file name: Cali-20064016.xml
DEBUG [Cali.cpp:98] @ 0.198535s :Calibration data A: 1450 B:400 C:4095 D:1000
DEBUG [IRImager.cpp:297] @ 0.198683s :No temperature range configuration specified. Setting default values tMin: -20 , tMax: 100
DEBUG [IRImager.cpp:372] @ 0.199485s :Using HID control interface
DEBUG [IRImager.cpp:412] @ 0.217604s :Initialized HID control interface to device with HW:3400 FW:3432
DEBUG [IRImager.cpp:1367] @ 0.219361s :Set focusmotor position to 50%
DEBUG [IRImager.cpp:433] @ 0.219404s :Frameconfig - width(in): 382, height(in): 290, interval: 370370, max framerate: 27, HW interval: 0.037037
DEBUG [Cali.cpp:87] @ 0.219506s :Calibration directory path: C:\Users\lupus\AppData\Roaming\Imager\Cali
DEBUG [Cali.cpp:88] @ 0.219543s :Calibration file name: Cali-20064016.xml
DEBUG [Cali.cpp:98] @ 0.220097s :Calibration data A: 1450 B:400 C:4095 D:1000
DEBUG [ImageProcessing.cpp:192] @ 0.224508s :Source buffer size: 221560 Width: 382 Height: 290
DEBUG [ImageProcessing.cpp:115] @ 0.271541s :Source buffer size: 221560 Width: 382 Height: 290
DEBUG [OpSource.cpp:334] @ 0.271724s :Using formats path: .\\Formats.def
DEBUG [OpSource.cpp:563] @ 0.272268s :Format found with size: 382
DEBUG [IRImager.cpp:845] @ 0.273136s :Caught onFrameInit with size: 382x288
DEBUG [OpSource.cpp:334] @ 0.276038s :Using formats path: .\\Formats.def
DEBUG [OpSource.cpp:563] @ 0.276357s :Format found with size: 382
DEBUG [OpSource.cpp:334] @ 0.276447s :Using formats path: .\\Formats.def
DEBUG [OpCorr.cpp:465] @ 0.279118s :Read cali: C:\Users\lupus\AppData\Roaming\Imager\Cali\Cali-20064016-53-M20-100.dat
DEBUG [OpCorr.cpp:555] @ 0.279276s :Read calibration of camera no 20064016, # of fields: 6 , start of fields: 40
DEBUG [ImageProcessing.cpp:1095] @ 0.674252s :Update flag temperature: 29
DEBUG [ImageProcessing.cpp:1098] @ 0.676373s :Update box temperature: 28.9375
DEBUG [Cali.cpp:601] @ 0.676429s :Calibration file path: 0000018AC1E00214/0000002FDF31D270.xml
DEBUG [SimpleXML.cpp:238] @ 0.676616s :Failed to open file C:\Users\lupus\AppData\Roaming\Imager\Cali\CaliExt-20064016.xml
DEBUG [IRImager.cpp:547] @ 0.696109s :Chip heating disabled
DEBUG [IRImager.cpp:1102] @ 0.790268s :Start direct autoskim calibration
DEBUG [OpFlag.cpp:591] @ 5.79589s :SkimDiff: -2 Adjust: -833 State: 4 EMax: 11724 Emin: 2909
DEBUG [OpFlag.cpp:655] @ 5.79594s :SetSkim direct:2387 Diff:-1
DEBUG [OpFlag.cpp:591] @ 5.98795s :SkimDiff: -1 Adjust: -11 State: 4 EMax: 12561 Emin: 3717
DEBUG [OpFlag.cpp:655] @ 5.98799s :SetSkim direct:2386 Diff:-1
DEBUG [OpFlag.cpp:591] @ 6.17983s :SkimDiff: 1 Adjust: 744 State: 4 EMax: 13303 Emin: 4486
DEBUG [OpFlag.cpp:591] @ 6.21191s :SkimDiff: 1 Adjust: 522 State: 4 EMax: 13101 Emin: 4243
DEBUG [OpFlag.cpp:591] @ 6.24387s :SkimDiff: 1 Adjust: 482 State: 4 EMax: 13040 Emin: 4224
DEBUG [OpFlag.cpp:591] @ 6.27571s :SkimDiff: 1 Adjust: 478 State: 4 EMax: 13035 Emin: 4222
DEBUG [OpFlag.cpp:591] @ 6.32392s :SkimDiff: 1 Adjust: 485 State: 4 EMax: 13037 Emin: 4233
DEBUG [OpFlag.cpp:591] @ 6.35537s :SkimDiff: 1 Adjust: 484 State: 4 EMax: 13035 Emin: 4233
DEBUG [OpFlag.cpp:591] @ 6.3878s :SkimDiff: 1 Adjust: 482 State: 4 EMax: 13041 Emin: 4223
DEBUG [OpFlag.cpp:591] @ 6.4356s :SkimDiff: 1 Adjust: 484 State: 4 EMax: 13045 Emin: 4224
DEBUG [OpFlag.cpp:591] @ 6.46787s :SkimDiff: 1 Adjust: 485 State: 4 EMax: 13036 Emin: 4235
INFO [IRImager.cpp:1191] @ 6.46828s :AutoSkim Operation finished
DEBUG [IRImager.cpp:1111] @ 6.46978s :Start flag calibration
DEBUG [IRImager.cpp:1125] @ 9.50688s :Finished startup calibration
DEBUG [IRImager.cpp:1176] @ 24.5801s :Automatic control of shutter flag
DEBUG [OpFlag.cpp:591] @ 25.0275s :SkimDiff: 0 Adjust: 0 State: 0 EMax: 13056 Emin: 4234
DEBUG [IRImager.cpp:1176] @ 39.6523s :Automatic control of shutter flag
DEBUG [IRImager.cpp:1176] @ 54.7244s :Automatic control of shutter flag
DEBUG [OpFlag.cpp:591] @ 55.1714s :SkimDiff: 0 Adjust: 0 State: 0 EMax: 13046 Emin: 4188
DEBUG [IRImager.cpp:1176] @ 70.0669s :Automatic control of shutter flag
DEBUG [IRImager.cpp:662] @ 77.3324s :Release imager
DEBUG [BaseControlDevice.cpp:26] @ 77.3595s :Base destructor called
DEBUG [IRImager.cpp:669] @ 77.3596s :Delete image processing
DEBUG [IRImager.cpp:676] @ 77.3622s :Delete buffer
DEBUG [IRImager.cpp:684] @ 77.3623s :Delete source buffer
DEBUG [IRImager.cpp:691] @ 77.3623s :Delete buffer (energy)
DEBUG [IRImager.cpp:698] @ 77.3624s :Delete timer
DEBUG [IRImager.cpp:704] @ 77.3624s :Delete manual timer
