DEBUG [IRLogger.cpp:105] @ 0.0082583s :***************************************************
DEBUG [IRLogger.cpp:106] @ 0.0084257s :* IRImagerDirect SDK                              *
DEBUG [IRLogger.cpp:107] @ 0.0085209s :***************************************************
DEBUG [IRLogger.cpp:108] @ 0.0087642s :* Version:             8.8.1
DEBUG [IRLogger.cpp:109] @ 0.0088913s :* Commit Date:         Wed Nov 17 11:55:39 2021
DEBUG [IRLogger.cpp:110] @ 0.0090074s :* Commit Branch:       master
DEBUG [IRLogger.cpp:111] @ 0.0376153s :* Commit Hash:         71552585
DEBUG [IRLogger.cpp:113] @ 0.0431162s :* Native Machine:      AMD64
DEBUG [IRLogger.cpp:114] @ 0.0431701s :* Machine:             AMD64
DEBUG [IRLogger.cpp:116] @ 0.043211s :* OS:                  Windows 10 0 19043
DEBUG [IRLogger.cpp:123] @ 0.0432376s :***************************************************
WARNING [IRDeviceParams.cpp:198] @ 0.0440043s :XML parameter 'average' is deprecated and is not supported anymore.
DEBUG [IRDeviceParams.cpp:220] @ 0.0440413s :Parameters
DEBUG [IRDeviceParams.cpp:221] @ 0.0440682s :serial: 0
DEBUG [IRDeviceParams.cpp:222] @ 0.0440933s :videoformatindex: 0
DEBUG [IRDeviceParams.cpp:223] @ 0.0441181s :fov: 0
DEBUG [IRDeviceParams.cpp:224] @ 0.0441484s :optics_text: 0000000000000000
DEBUG [IRDeviceParams.cpp:225] @ 0.0441747s :formatspath: 000001D87E7BA480
DEBUG [IRDeviceParams.cpp:226] @ 0.0442006s :calipath: 0000000000000000
DEBUG [IRDeviceParams.cpp:227] @ 0.0442251s :temperature min: 0
DEBUG [IRDeviceParams.cpp:228] @ 0.0442495s :temperature max: 0
DEBUG [IRDeviceParams.cpp:229] @ 0.0442757s :framerate: 20
DEBUG [IRDeviceParams.cpp:230] @ 0.0443011s :bispectral: 0
DEBUG [IRDeviceParams.cpp:231] @ 0.0443255s :flag automatic: 1
DEBUG [IRDeviceParams.cpp:232] @ 0.0443526s :min interval: 15
DEBUG [IRDeviceParams.cpp:233] @ 0.0443826s :max interval: 0
DEBUG [IRDeviceParams.cpp:234] @ 0.044407s :chip heating mode: 0
DEBUG [IRDeviceParams.cpp:235] @ 0.0444326s :chip heating fixed val: 40
DEBUG [IRDeviceParams.cpp:236] @ 0.0444579s :focus:  50
DEBUG [IRDeviceParams.cpp:237] @ 0.0444825s :enable extended temp range: 0
DEBUG [IRDeviceParams.cpp:238] @ 0.0445076s :buffer queue size: 5
DEBUG [IRDeviceParams.cpp:239] @ 0.0445324s :enable high precision: 0
DEBUG [IRDeviceParams.cpp:240] @ 0.0445575s :radialDistortionCorrectionMode: 0
DEBUG [IRDeviceParams.cpp:241] @ 0.0445827s :deviceAPI: 0
DEBUG [IRDeviceParams.cpp:242] @ 0.0446107s :useExternalProbeForReferencing: 0
DEBUG [IRDeviceParams.cpp:243] @ 0.0446363s :enableMultiThreading: 0
DEBUG [IRDeviceParams.cpp:244] @ 0.0446627s :deviceIpAddress: 0.0.0.0
DEBUG [IRDeviceParams.cpp:245] @ 0.0446871s :localUdpPort: 0
DEBUG [Cali.cpp:87] @ 0.21851s :Calibration directory path: C:\Users\lupus\AppData\Roaming\Imager\Cali
DEBUG [Cali.cpp:88] @ 0.218568s :Calibration file name: Cali-20064016.xml
DEBUG [Cali.cpp:98] @ 0.219273s :Calibration data A: 1450 B:400 C:4095 D:1000
INFO [IRImager.cpp:263] @ 0.221191s :Init thermal imager to 20064016 with size: 382x290@27 Hz
DEBUG [Cali.cpp:87] @ 0.221866s :Calibration directory path: C:\Users\lupus\AppData\Roaming\Imager\Cali
DEBUG [Cali.cpp:88] @ 0.221921s :Calibration file name: Cali-20064016.xml
DEBUG [Cali.cpp:98] @ 0.222696s :Calibration data A: 1450 B:400 C:4095 D:1000
DEBUG [Cali.cpp:87] @ 0.223971s :Calibration directory path: C:\Users\lupus\AppData\Roaming\Imager\Cali
DEBUG [Cali.cpp:88] @ 0.224008s :Calibration file name: Cali-20064016.xml
DEBUG [Cali.cpp:98] @ 0.224584s :Calibration data A: 1450 B:400 C:4095 D:1000
DEBUG [IRImager.cpp:297] @ 0.224708s :No temperature range configuration specified. Setting default values tMin: -20 , tMax: 100
DEBUG [IRImager.cpp:372] @ 0.225446s :Using HID control interface
DEBUG [IRImager.cpp:412] @ 0.243846s :Initialized HID control interface to device with HW:3400 FW:3432
DEBUG [IRImager.cpp:1367] @ 0.245657s :Set focusmotor position to 50%
DEBUG [IRImager.cpp:433] @ 0.245724s :Frameconfig - width(in): 382, height(in): 290, interval: 370370, max framerate: 27, HW interval: 0.037037
DEBUG [Cali.cpp:87] @ 0.245822s :Calibration directory path: C:\Users\lupus\AppData\Roaming\Imager\Cali
DEBUG [Cali.cpp:88] @ 0.245854s :Calibration file name: Cali-20064016.xml
DEBUG [Cali.cpp:98] @ 0.246529s :Calibration data A: 1450 B:400 C:4095 D:1000
DEBUG [ImageProcessing.cpp:192] @ 0.251093s :Source buffer size: 221560 Width: 382 Height: 290
DEBUG [ImageProcessing.cpp:115] @ 0.306995s :Source buffer size: 221560 Width: 382 Height: 290
DEBUG [OpSource.cpp:334] @ 0.307149s :Using formats path: .\\Formats.def
DEBUG [OpSource.cpp:563] @ 0.307595s :Format found with size: 382
DEBUG [IRImager.cpp:845] @ 0.308275s :Caught onFrameInit with size: 382x288
DEBUG [OpSource.cpp:334] @ 0.30973s :Using formats path: .\\Formats.def
DEBUG [OpSource.cpp:563] @ 0.310269s :Format found with size: 382
DEBUG [OpSource.cpp:334] @ 0.310399s :Using formats path: .\\Formats.def
DEBUG [OpCorr.cpp:465] @ 0.313347s :Read cali: C:\Users\lupus\AppData\Roaming\Imager\Cali\Cali-20064016-53-M20-100.dat
DEBUG [OpCorr.cpp:555] @ 0.313493s :Read calibration of camera no 20064016, # of fields: 6 , start of fields: 40
DEBUG [ImageProcessing.cpp:1095] @ 0.623628s :Update flag temperature: 36.3125
DEBUG [ImageProcessing.cpp:1098] @ 0.625594s :Update box temperature: 36.3125
DEBUG [Cali.cpp:601] @ 0.625632s :Calibration file path: 000001D87E8F89E4/0000008299B1CB80.xml
DEBUG [SimpleXML.cpp:238] @ 0.625757s :Failed to open file C:\Users\lupus\AppData\Roaming\Imager\Cali\CaliExt-20064016.xml
DEBUG [IRImager.cpp:547] @ 0.640091s :Chip heating disabled
DEBUG [IRImager.cpp:1102] @ 0.748163s :Start direct autoskim calibration
DEBUG [OpFlag.cpp:591] @ 5.75426s :SkimDiff: -3 Adjust: -2328 State: 4 EMax: 10671 Emin: 972
DEBUG [OpFlag.cpp:655] @ 5.75431s :SetSkim direct:2387 Diff:-1
DEBUG [OpFlag.cpp:591] @ 5.94681s :SkimDiff: -2 Adjust: -1291 State: 4 EMax: 11709 Emin: 2009
DEBUG [OpFlag.cpp:655] @ 5.94687s :SetSkim direct:2386 Diff:-1
DEBUG [OpFlag.cpp:591] @ 6.12278s :SkimDiff: -1 Adjust: -409 State: 4 EMax: 12607 Emin: 2874
DEBUG [OpFlag.cpp:655] @ 6.12284s :SetSkim direct:2385 Diff:-1
DEBUG [OpFlag.cpp:591] @ 6.31429s :SkimDiff: 1 Adjust: 326 State: 4 EMax: 13328 Emin: 3625
DEBUG [OpFlag.cpp:591] @ 6.34626s :SkimDiff: 1 Adjust: 49 State: 4 EMax: 13114 Emin: 3284
DEBUG [OpFlag.cpp:591] @ 6.38098s :SkimDiff: -1 Adjust: -31 State: 4 EMax: 12966 Emin: 3271
DEBUG [OpFlag.cpp:655] @ 6.3811s :SetSkim direct:2384 Diff:-1
DEBUG [OpFlag.cpp:591] @ 6.57083s :SkimDiff: 2 Adjust: 1548 State: 4 EMax: 14585 Emin: 4811
DEBUG [OpFlag.cpp:655] @ 6.57089s :SetSkim direct:2385 Diff:1
DEBUG [OpFlag.cpp:591] @ 6.76272s :SkimDiff: 1 Adjust: 313 State: 4 EMax: 13349 Emin: 3577
DEBUG [OpFlag.cpp:655] @ 6.76278s :SetSkim direct:2386 Diff:1
DEBUG [OpFlag.cpp:591] @ 6.93874s :SkimDiff: -1 Adjust: -421 State: 4 EMax: 12588 Emin: 2869
DEBUG [OpFlag.cpp:591] @ 6.97068s :SkimDiff: -1 Adjust: -691 State: 4 EMax: 12403 Emin: 2514
DEBUG [OpFlag.cpp:591] @ 7.01877s :SkimDiff: -1 Adjust: -768 State: 4 EMax: 12248 Emin: 2515
DEBUG [OpFlag.cpp:591] @ 7.05065s :SkimDiff: -1 Adjust: -773 State: 4 EMax: 12238 Emin: 2515
INFO [IRImager.cpp:1191] @ 7.05099s :AutoSkim Operation finished
DEBUG [IRImager.cpp:1111] @ 7.05298s :Start flag calibration
DEBUG [IRImager.cpp:1125] @ 10.0909s :Finished startup calibration
DEBUG [IRImager.cpp:1176] @ 25.1625s :Automatic control of shutter flag
DEBUG [OpFlag.cpp:591] @ 25.6103s :SkimDiff: 0 Adjust: 0 State: 0 EMax: 12221 Emin: 2503
