DEBUG [IRLogger.cpp:105] @ 0.0008696s :***************************************************
DEBUG [IRLogger.cpp:106] @ 0.0012147s :* IRImagerDirect SDK                              *
DEBUG [IRLogger.cpp:107] @ 0.0015163s :***************************************************
DEBUG [IRLogger.cpp:108] @ 0.0017113s :* Version:             8.8.1
DEBUG [IRLogger.cpp:109] @ 0.0019364s :* Commit Date:         Wed Nov 17 11:55:39 2021
DEBUG [IRLogger.cpp:110] @ 0.0020988s :* Commit Branch:       master
DEBUG [IRLogger.cpp:111] @ 0.0023426s :* Commit Hash:         71552585
DEBUG [IRLogger.cpp:113] @ 0.0031527s :* Native Machine:      AMD64
DEBUG [IRLogger.cpp:114] @ 0.0033688s :* Machine:             AMD64
DEBUG [IRLogger.cpp:116] @ 0.0035119s :* OS:                  Windows 10 0 19043
DEBUG [IRLogger.cpp:123] @ 0.0036052s :***************************************************
WARNING [IRDeviceParams.cpp:198] @ 0.019237s :XML parameter 'average' is deprecated and is not supported anymore.
DEBUG [IRDeviceParams.cpp:220] @ 0.019284s :Parameters
DEBUG [IRDeviceParams.cpp:221] @ 0.0193128s :serial: 0
DEBUG [IRDeviceParams.cpp:222] @ 0.0193382s :videoformatindex: 0
DEBUG [IRDeviceParams.cpp:223] @ 0.0193633s :fov: 0
DEBUG [IRDeviceParams.cpp:224] @ 0.0193919s :optics_text: 0000000000000000
DEBUG [IRDeviceParams.cpp:225] @ 0.0194197s :formatspath: 00000179640EAFA0
DEBUG [IRDeviceParams.cpp:226] @ 0.0194458s :calipath: 0000000000000000
DEBUG [IRDeviceParams.cpp:227] @ 0.0194712s :temperature min: 0
DEBUG [IRDeviceParams.cpp:228] @ 0.0194961s :temperature max: 0
DEBUG [IRDeviceParams.cpp:229] @ 0.0195223s :framerate: 20
DEBUG [IRDeviceParams.cpp:230] @ 0.0195471s :bispectral: 0
DEBUG [IRDeviceParams.cpp:231] @ 0.0195722s :flag automatic: 1
DEBUG [IRDeviceParams.cpp:232] @ 0.019598s :min interval: 15
DEBUG [IRDeviceParams.cpp:233] @ 0.0196232s :max interval: 0
DEBUG [IRDeviceParams.cpp:234] @ 0.0196477s :chip heating mode: 0
DEBUG [IRDeviceParams.cpp:235] @ 0.0196731s :chip heating fixed val: 40
DEBUG [IRDeviceParams.cpp:236] @ 0.0196987s :focus:  50
DEBUG [IRDeviceParams.cpp:237] @ 0.0197234s :enable extended temp range: 0
DEBUG [IRDeviceParams.cpp:238] @ 0.0197485s :buffer queue size: 5
DEBUG [IRDeviceParams.cpp:239] @ 0.0197732s :enable high precision: 0
DEBUG [IRDeviceParams.cpp:240] @ 0.0197982s :radialDistortionCorrectionMode: 0
DEBUG [IRDeviceParams.cpp:241] @ 0.0198229s :deviceAPI: 0
DEBUG [IRDeviceParams.cpp:242] @ 0.0198515s :useExternalProbeForReferencing: 0
DEBUG [IRDeviceParams.cpp:243] @ 0.019877s :enableMultiThreading: 0
DEBUG [IRDeviceParams.cpp:244] @ 0.0199036s :deviceIpAddress: 0.0.0.0
DEBUG [IRDeviceParams.cpp:245] @ 0.0199283s :localUdpPort: 0
DEBUG [Cali.cpp:87] @ 0.347176s :Calibration directory path: C:\Users\lupus\AppData\Roaming\Imager\Cali
DEBUG [Cali.cpp:88] @ 0.347214s :Calibration file name: Cali-20064016.xml
DEBUG [Cali.cpp:98] @ 0.39494s :Calibration data A: 1450 B:400 C:4095 D:1000
INFO [IRImager.cpp:263] @ 0.396736s :Init thermal imager to 20064016 with size: 382x290@27 Hz
DEBUG [Cali.cpp:87] @ 0.39733s :Calibration directory path: C:\Users\lupus\AppData\Roaming\Imager\Cali
DEBUG [Cali.cpp:88] @ 0.397363s :Calibration file name: Cali-20064016.xml
DEBUG [Cali.cpp:98] @ 0.39798s :Calibration data A: 1450 B:400 C:4095 D:1000
DEBUG [Cali.cpp:87] @ 0.39917s :Calibration directory path: C:\Users\lupus\AppData\Roaming\Imager\Cali
DEBUG [Cali.cpp:88] @ 0.399205s :Calibration file name: Cali-20064016.xml
DEBUG [Cali.cpp:98] @ 0.399805s :Calibration data A: 1450 B:400 C:4095 D:1000
DEBUG [IRImager.cpp:297] @ 0.399958s :No temperature range configuration specified. Setting default values tMin: -20 , tMax: 100
DEBUG [IRImager.cpp:372] @ 0.400719s :Using HID control interface
DEBUG [IRImager.cpp:412] @ 0.418918s :Initialized HID control interface to device with HW:3400 FW:3432
DEBUG [IRImager.cpp:1367] @ 0.420544s :Set focusmotor position to 50%
DEBUG [IRImager.cpp:433] @ 0.420578s :Frameconfig - width(in): 382, height(in): 290, interval: 370370, max framerate: 27, HW interval: 0.037037
DEBUG [Cali.cpp:87] @ 0.42065s :Calibration directory path: C:\Users\lupus\AppData\Roaming\Imager\Cali
DEBUG [Cali.cpp:88] @ 0.420673s :Calibration file name: Cali-20064016.xml
DEBUG [Cali.cpp:98] @ 0.421108s :Calibration data A: 1450 B:400 C:4095 D:1000
DEBUG [ImageProcessing.cpp:192] @ 0.425429s :Source buffer size: 221560 Width: 382 Height: 290
DEBUG [ImageProcessing.cpp:115] @ 0.474462s :Source buffer size: 221560 Width: 382 Height: 290
DEBUG [OpSource.cpp:334] @ 0.474639s :Using formats path: .\\Formats.def
DEBUG [OpSource.cpp:563] @ 0.490444s :Format found with size: 382
DEBUG [IRImager.cpp:845] @ 0.491509s :Caught onFrameInit with size: 382x288
DEBUG [OpSource.cpp:334] @ 0.493574s :Using formats path: .\\Formats.def
DEBUG [OpSource.cpp:563] @ 0.493877s :Format found with size: 382
DEBUG [OpSource.cpp:334] @ 0.493959s :Using formats path: .\\Formats.def
DEBUG [OpCorr.cpp:465] @ 0.496617s :Read cali: C:\Users\lupus\AppData\Roaming\Imager\Cali\Cali-20064016-53-M20-100.dat
DEBUG [OpCorr.cpp:555] @ 0.506942s :Read calibration of camera no 20064016, # of fields: 6 , start of fields: 40
DEBUG [ImageProcessing.cpp:1095] @ 0.852931s :Update flag temperature: 24.6875
DEBUG [ImageProcessing.cpp:1098] @ 0.854814s :Update box temperature: 24.6875
DEBUG [Cali.cpp:601] @ 0.854882s :Calibration file path: 00000179647430A4/00000013F451D070.xml
DEBUG [SimpleXML.cpp:238] @ 0.855097s :Failed to open file C:\Users\lupus\AppData\Roaming\Imager\Cali\CaliExt-20064016.xml
DEBUG [IRImager.cpp:547] @ 0.880429s :Chip heating disabled
DEBUG [IRImager.cpp:1102] @ 1.00523s :Start direct autoskim calibration
DEBUG [OpFlag.cpp:591] @ 6.02708s :SkimDiff: -1 Adjust: -499 State: 4 EMax: 11793 Emin: 3508
DEBUG [OpFlag.cpp:655] @ 6.02714s :SetSkim direct:2387 Diff:-1
DEBUG [OpFlag.cpp:591] @ 6.20316s :SkimDiff: 2 Adjust: 854 State: 4 EMax: 13145 Emin: 4864
DEBUG [OpFlag.cpp:655] @ 6.2032s :SetSkim direct:2388 Diff:1
DEBUG [OpFlag.cpp:591] @ 6.39515s :SkimDiff: 1 Adjust: 292 State: 4 EMax: 12581 Emin: 4304
DEBUG [OpFlag.cpp:655] @ 6.3952s :SetSkim direct:2389 Diff:1
DEBUG [OpFlag.cpp:591] @ 6.57107s :SkimDiff: -1 Adjust: -412 State: 4 EMax: 11868 Emin: 3607
DEBUG [OpFlag.cpp:591] @ 6.61948s :SkimDiff: -1 Adjust: -608 State: 4 EMax: 11673 Emin: 3410
DEBUG [OpFlag.cpp:591] @ 6.65166s :SkimDiff: -1 Adjust: -614 State: 4 EMax: 11668 Emin: 3404
DEBUG [OpFlag.cpp:591] @ 6.68359s :SkimDiff: -1 Adjust: -615 State: 4 EMax: 11666 Emin: 3403
DEBUG [OpFlag.cpp:591] @ 6.73157s :SkimDiff: -1 Adjust: -615 State: 4 EMax: 11678 Emin: 3391
DEBUG [OpFlag.cpp:591] @ 6.76308s :SkimDiff: -1 Adjust: -613 State: 4 EMax: 11676 Emin: 3397
DEBUG [OpFlag.cpp:591] @ 6.79557s :SkimDiff: -1 Adjust: -606 State: 4 EMax: 11682 Emin: 3405
DEBUG [OpFlag.cpp:591] @ 6.84368s :SkimDiff: -1 Adjust: -600 State: 4 EMax: 11685 Emin: 3414
DEBUG [OpFlag.cpp:591] @ 6.87525s :SkimDiff: -1 Adjust: -604 State: 4 EMax: 11689 Emin: 3403
DEBUG [OpFlag.cpp:591] @ 6.90751s :SkimDiff: -1 Adjust: -603 State: 4 EMax: 11685 Emin: 3409
INFO [IRImager.cpp:1191] @ 6.90782s :AutoSkim Operation finished
DEBUG [IRImager.cpp:1111] @ 6.90956s :Start flag calibration
DEBUG [IRImager.cpp:1125] @ 9.96381s :Finished startup calibration
DEBUG [IRImager.cpp:1176] @ 25.0346s :Automatic control of shutter flag
DEBUG [OpFlag.cpp:591] @ 25.4671s :SkimDiff: 0 Adjust: 0 State: 0 EMax: 11634 Emin: 3348
DEBUG [IRImager.cpp:1176] @ 40.1078s :Automatic control of shutter flag
DEBUG [IRImager.cpp:1176] @ 55.1798s :Automatic control of shutter flag
DEBUG [OpFlag.cpp:591] @ 55.6116s :SkimDiff: 0 Adjust: 0 State: 0 EMax: 11582 Emin: 3242
DEBUG [IRImager.cpp:662] @ 64.044s :Release imager
DEBUG [BaseControlDevice.cpp:26] @ 64.0886s :Base destructor called
DEBUG [IRImager.cpp:669] @ 64.0887s :Delete image processing
DEBUG [IRImager.cpp:676] @ 64.1042s :Delete buffer
DEBUG [IRImager.cpp:684] @ 64.1043s :Delete source buffer
DEBUG [IRImager.cpp:691] @ 64.1043s :Delete buffer (energy)
DEBUG [IRImager.cpp:698] @ 64.1044s :Delete timer
DEBUG [IRImager.cpp:704] @ 64.1045s :Delete manual timer
