DEBUG [IRLogger.cpp:105] @ 0.0545321s :***************************************************
DEBUG [IRLogger.cpp:106] @ 0.0547146s :* IRImagerDirect SDK                              *
DEBUG [IRLogger.cpp:107] @ 0.0547656s :***************************************************
DEBUG [IRLogger.cpp:108] @ 0.0548016s :* Version:             8.8.1
DEBUG [IRLogger.cpp:109] @ 0.0548364s :* Commit Date:         Wed Nov 17 11:55:39 2021
DEBUG [IRLogger.cpp:110] @ 0.0548701s :* Commit Branch:       master
DEBUG [IRLogger.cpp:111] @ 0.0549075s :* Commit Hash:         71552585
DEBUG [IRLogger.cpp:113] @ 0.056598s :* Native Machine:      AMD64
DEBUG [IRLogger.cpp:114] @ 0.0567037s :* Machine:             AMD64
DEBUG [IRLogger.cpp:116] @ 0.0568325s :* OS:                  Windows 10 0 19043
DEBUG [IRLogger.cpp:123] @ 0.056864s :***************************************************
WARNING [IRDeviceParams.cpp:198] @ 0.0578507s :XML parameter 'average' is deprecated and is not supported anymore.
DEBUG [IRDeviceParams.cpp:220] @ 0.0578975s :Parameters
DEBUG [IRDeviceParams.cpp:221] @ 0.0579361s :serial: 0
DEBUG [IRDeviceParams.cpp:222] @ 0.0579646s :videoformatindex: 0
DEBUG [IRDeviceParams.cpp:223] @ 0.0579936s :fov: 0
DEBUG [IRDeviceParams.cpp:224] @ 0.0580246s :optics_text: 0000000000000000
DEBUG [IRDeviceParams.cpp:225] @ 0.0580548s :formatspath: 00000272F035C640
DEBUG [IRDeviceParams.cpp:226] @ 0.0580847s :calipath: 0000000000000000
DEBUG [IRDeviceParams.cpp:227] @ 0.0581106s :temperature min: 0
DEBUG [IRDeviceParams.cpp:228] @ 0.058138s :temperature max: 0
DEBUG [IRDeviceParams.cpp:229] @ 0.0581675s :framerate: 20
DEBUG [IRDeviceParams.cpp:230] @ 0.058195s :bispectral: 0
DEBUG [IRDeviceParams.cpp:231] @ 0.0582552s :flag automatic: 1
DEBUG [IRDeviceParams.cpp:232] @ 0.058287s :min interval: 15
DEBUG [IRDeviceParams.cpp:233] @ 0.058316s :max interval: 0
DEBUG [IRDeviceParams.cpp:234] @ 0.0583422s :chip heating mode: 0
DEBUG [IRDeviceParams.cpp:235] @ 0.0583694s :chip heating fixed val: 40
DEBUG [IRDeviceParams.cpp:236] @ 0.0583985s :focus:  50
DEBUG [IRDeviceParams.cpp:237] @ 0.0584283s :enable extended temp range: 0
DEBUG [IRDeviceParams.cpp:238] @ 0.0584553s :buffer queue size: 5
DEBUG [IRDeviceParams.cpp:239] @ 0.058482s :enable high precision: 0
DEBUG [IRDeviceParams.cpp:240] @ 0.0585096s :radialDistortionCorrectionMode: 0
DEBUG [IRDeviceParams.cpp:241] @ 0.058537s :deviceAPI: 0
DEBUG [IRDeviceParams.cpp:242] @ 0.058569s :useExternalProbeForReferencing: 0
DEBUG [IRDeviceParams.cpp:243] @ 0.0585987s :enableMultiThreading: 0
DEBUG [IRDeviceParams.cpp:244] @ 0.0586285s :deviceIpAddress: 0.0.0.0
DEBUG [IRDeviceParams.cpp:245] @ 0.0586538s :localUdpPort: 0
DEBUG [Cali.cpp:87] @ 0.24573s :Calibration directory path: C:\Users\lupus\AppData\Roaming\Imager\Cali
DEBUG [Cali.cpp:88] @ 0.245786s :Calibration file name: Cali-20064016.xml
DEBUG [Cali.cpp:98] @ 0.246427s :Calibration data A: 1450 B:400 C:4095 D:1000
INFO [IRImager.cpp:263] @ 0.247958s :Init thermal imager to 20064016 with size: 382x290@27 Hz
DEBUG [Cali.cpp:87] @ 0.248564s :Calibration directory path: C:\Users\lupus\AppData\Roaming\Imager\Cali
DEBUG [Cali.cpp:88] @ 0.248604s :Calibration file name: Cali-20064016.xml
DEBUG [Cali.cpp:98] @ 0.249302s :Calibration data A: 1450 B:400 C:4095 D:1000
DEBUG [Cali.cpp:87] @ 0.250624s :Calibration directory path: C:\Users\lupus\AppData\Roaming\Imager\Cali
DEBUG [Cali.cpp:88] @ 0.250671s :Calibration file name: Cali-20064016.xml
DEBUG [Cali.cpp:98] @ 0.251272s :Calibration data A: 1450 B:400 C:4095 D:1000
DEBUG [IRImager.cpp:297] @ 0.251417s :No temperature range configuration specified. Setting default values tMin: -20 , tMax: 100
DEBUG [IRImager.cpp:372] @ 0.252167s :Using HID control interface
DEBUG [IRImager.cpp:412] @ 0.270494s :Initialized HID control interface to device with HW:3400 FW:3432
DEBUG [IRImager.cpp:1367] @ 0.272253s :Set focusmotor position to 50%
DEBUG [IRImager.cpp:433] @ 0.272297s :Frameconfig - width(in): 382, height(in): 290, interval: 370370, max framerate: 27, HW interval: 0.037037
DEBUG [Cali.cpp:87] @ 0.272369s :Calibration directory path: C:\Users\lupus\AppData\Roaming\Imager\Cali
DEBUG [Cali.cpp:88] @ 0.272391s :Calibration file name: Cali-20064016.xml
DEBUG [Cali.cpp:98] @ 0.272948s :Calibration data A: 1450 B:400 C:4095 D:1000
DEBUG [ImageProcessing.cpp:192] @ 0.277391s :Source buffer size: 221560 Width: 382 Height: 290
DEBUG [ImageProcessing.cpp:115] @ 0.332756s :Source buffer size: 221560 Width: 382 Height: 290
DEBUG [OpSource.cpp:334] @ 0.332886s :Using formats path: .\\Formats.def
DEBUG [OpSource.cpp:563] @ 0.333345s :Format found with size: 382
DEBUG [IRImager.cpp:845] @ 0.334173s :Caught onFrameInit with size: 382x288
DEBUG [OpSource.cpp:334] @ 0.336226s :Using formats path: .\\Formats.def
DEBUG [OpSource.cpp:563] @ 0.336726s :Format found with size: 382
DEBUG [OpSource.cpp:334] @ 0.336881s :Using formats path: .\\Formats.def
DEBUG [OpCorr.cpp:465] @ 0.33958s :Read cali: C:\Users\lupus\AppData\Roaming\Imager\Cali\Cali-20064016-53-M20-100.dat
DEBUG [OpCorr.cpp:555] @ 0.339757s :Read calibration of camera no 20064016, # of fields: 6 , start of fields: 40
DEBUG [ImageProcessing.cpp:1095] @ 0.652773s :Update flag temperature: 35.8125
DEBUG [ImageProcessing.cpp:1098] @ 0.654871s :Update box temperature: 35.75
DEBUG [Cali.cpp:601] @ 0.654928s :Calibration file path: 00000272F06346D4/000000B39AB1CFE0.xml
DEBUG [SimpleXML.cpp:238] @ 0.655087s :Failed to open file C:\Users\lupus\AppData\Roaming\Imager\Cali\CaliExt-20064016.xml
DEBUG [IRImager.cpp:547] @ 0.679875s :Chip heating disabled
DEBUG [IRImager.cpp:1102] @ 0.80413s :Start direct autoskim calibration
DEBUG [OpFlag.cpp:591] @ 5.82421s :SkimDiff: -3 Adjust: -2219 State: 4 EMax: 10756 Emin: 1106
DEBUG [OpFlag.cpp:655] @ 5.82427s :SetSkim direct:2387 Diff:-1
DEBUG [OpFlag.cpp:591] @ 6.00091s :SkimDiff: -1 Adjust: -549 State: 4 EMax: 13107 Emin: 2095
DEBUG [OpFlag.cpp:655] @ 6.00098s :SetSkim direct:2386 Diff:-1
DEBUG [OpFlag.cpp:591] @ 6.19208s :SkimDiff: -1 Adjust: -362 State: 4 EMax: 12627 Emin: 2948
DEBUG [OpFlag.cpp:655] @ 6.19215s :SetSkim direct:2385 Diff:-1
DEBUG [OpFlag.cpp:591] @ 6.38414s :SkimDiff: 1 Adjust: 390 State: 4 EMax: 13385 Emin: 3696
DEBUG [OpFlag.cpp:591] @ 6.4167s :SkimDiff: 1 Adjust: 185 State: 4 EMax: 13284 Emin: 3387
DEBUG [OpFlag.cpp:591] @ 6.44824s :SkimDiff: 1 Adjust: 54 State: 4 EMax: 13028 Emin: 3380
DEBUG [OpFlag.cpp:591] @ 6.47972s :SkimDiff: 1 Adjust: 57 State: 4 EMax: 13020 Emin: 3394
DEBUG [OpFlag.cpp:591] @ 6.52875s :SkimDiff: 1 Adjust: 57 State: 4 EMax: 13041 Emin: 3374
DEBUG [OpFlag.cpp:591] @ 6.56098s :SkimDiff: 1 Adjust: 54 State: 4 EMax: 13036 Emin: 3372
DEBUG [OpFlag.cpp:591] @ 6.59258s :SkimDiff: 1 Adjust: 59 State: 4 EMax: 13040 Emin: 3379
DEBUG [OpFlag.cpp:591] @ 6.63996s :SkimDiff: 1 Adjust: 53 State: 4 EMax: 13031 Emin: 3376
INFO [IRImager.cpp:1191] @ 6.64049s :AutoSkim Operation finished
DEBUG [IRImager.cpp:1111] @ 6.64302s :Start flag calibration
DEBUG [IRImager.cpp:1125] @ 9.67932s :Finished startup calibration
DEBUG [IRImager.cpp:1176] @ 24.7192s :Automatic control of shutter flag
DEBUG [OpFlag.cpp:591] @ 25.1682s :SkimDiff: 0 Adjust: 0 State: 0 EMax: 12998 Emin: 3344
DEBUG [IRImager.cpp:662] @ 31.3649s :Release imager
DEBUG [BaseControlDevice.cpp:26] @ 31.3925s :Base destructor called
DEBUG [IRImager.cpp:669] @ 31.3927s :Delete image processing
DEBUG [IRImager.cpp:676] @ 31.3976s :Delete buffer
DEBUG [IRImager.cpp:684] @ 31.3978s :Delete source buffer
DEBUG [IRImager.cpp:691] @ 31.3978s :Delete buffer (energy)
DEBUG [IRImager.cpp:698] @ 31.3979s :Delete timer
DEBUG [IRImager.cpp:704] @ 31.398s :Delete manual timer
